2026-03-04 00:07:58.006 +06:00 [INF] HTTP OPTIONS /api/Courses responded 204 in 2.8632 ms
2026-03-04 00:07:58.006 +06:00 [INF] HTTP OPTIONS /api/Courses responded 204 in 3.9250 ms
2026-03-04 00:07:58.305 +06:00 [INF] HTTP GET /api/Courses responded 401 in 219.9780 ms
2026-03-04 00:07:58.305 +06:00 [INF] HTTP GET /api/Courses responded 401 in 219.9922 ms
2026-03-04 00:07:58.319 +06:00 [INF] HTTP OPTIONS /api/auth/refresh responded 204 in 0.1229 ms
2026-03-04 00:08:00.495 +06:00 [INF] HTTP OPTIONS /api/Notifications responded 204 in 0.1364 ms
2026-03-04 00:08:00.500 +06:00 [INF] HTTP GET /api/Courses responded 401 in 4.3225 ms
2026-03-04 00:08:00.500 +06:00 [INF] HTTP GET /api/Courses responded 401 in 3.7831 ms
2026-03-04 00:08:00.505 +06:00 [INF] HTTP GET /api/Notifications responded 401 in 1.4692 ms
2026-03-04 00:08:01.540 +06:00 [ERR] HTTP POST /api/auth/refresh responded 500 in 3213.7256 ms
System.OperationCanceledException: The operation was canceled.
   at System.Threading.CancellationToken.ThrowOperationCanceledException()
   at System.Threading.CancellationToken.ThrowIfCancellationRequested()
   at Microsoft.EntityFrameworkCore.Storage.ExecutionStrategy.ExecuteImplementationAsync[TState,TResult](Func`4 operation, Func`4 verifySucceeded, TState state, CancellationToken cancellationToken)
   at Microsoft.EntityFrameworkCore.Storage.ExecutionStrategy.ExecuteAsync[TState,TResult](TState state, Func`4 operation, Func`4 verifySucceeded, CancellationToken cancellationToken)
   at Microsoft.EntityFrameworkCore.Query.Internal.SingleQueryingEnumerable`1.AsyncEnumerator.MoveNextAsync()
   at Microsoft.EntityFrameworkCore.Query.ShapedQueryCompilingExpressionVisitor.SingleOrDefaultAsync[TSource](IAsyncEnumerable`1 asyncEnumerable, CancellationToken cancellationToken)
   at Microsoft.EntityFrameworkCore.Query.ShapedQueryCompilingExpressionVisitor.SingleOrDefaultAsync[TSource](IAsyncEnumerable`1 asyncEnumerable, CancellationToken cancellationToken)
   at EduNexis.Infrastructure.Persistence.Repositories.UserRepository.GetByRefreshTokenAsync(String refreshToken, CancellationToken ct) in D:\Coding\Projects\edunexis-api\src\EduNexis.Infrastructure\Persistence\Repositories\UserRepository.cs:line 17
   at EduNexis.Application.Features.Auth.Commands.RefreshTokenCommandHandler.Handle(RefreshTokenCommand command, CancellationToken ct) in D:\Coding\Projects\edunexis-api\src\EduNexis.Application\Features\Auth\Commands\RefreshTokenCommand.cs:line 26
   at EduNexis.API.Controllers.AuthController.Refresh(RefreshTokenCommand command, CancellationToken ct) in D:\Coding\Projects\edunexis-api\src\EduNexis.API\Controllers\AuthController.cs:line 23
   at Microsoft.AspNetCore.Mvc.Infrastructure.ActionMethodExecutor.TaskOfIActionResultExecutor.Execute(ActionContext actionContext, IActionResultTypeMapper mapper, ObjectMethodExecutor executor, Object controller, Object[] arguments)
   at Microsoft.AspNetCore.Mvc.Infrastructure.ControllerActionInvoker.<InvokeActionMethodAsync>g__Awaited|12_0(ControllerActionInvoker invoker, ValueTask`1 actionResultValueTask)
   at Microsoft.AspNetCore.Mvc.Infrastructure.ControllerActionInvoker.<InvokeNextActionFilterAsync>g__Awaited|10_0(ControllerActionInvoker invoker, Task lastTask, State next, Scope scope, Object state, Boolean isCompleted)
   at Microsoft.AspNetCore.Mvc.Infrastructure.ControllerActionInvoker.Rethrow(ActionExecutedContextSealed context)
   at Microsoft.AspNetCore.Mvc.Infrastructure.ControllerActionInvoker.Next(State& next, Scope& scope, Object& state, Boolean& isCompleted)
   at Microsoft.AspNetCore.Mvc.Infrastructure.ControllerActionInvoker.InvokeInnerFilterAsync()
--- End of stack trace from previous location ---
   at Microsoft.AspNetCore.Mvc.Infrastructure.ResourceInvoker.<InvokeFilterPipelineAsync>g__Awaited|20_0(ResourceInvoker invoker, Task lastTask, State next, Scope scope, Object state, Boolean isCompleted)
   at Microsoft.AspNetCore.Mvc.Infrastructure.ResourceInvoker.<InvokeAsync>g__Awaited|17_0(ResourceInvoker invoker, Task task, IDisposable scope)
   at Microsoft.AspNetCore.Mvc.Infrastructure.ResourceInvoker.<InvokeAsync>g__Awaited|17_0(ResourceInvoker invoker, Task task, IDisposable scope)
   at Microsoft.AspNetCore.Authorization.AuthorizationMiddleware.Invoke(HttpContext context)
   at Microsoft.AspNetCore.Authentication.AuthenticationMiddleware.Invoke(HttpContext context)
   at Serilog.AspNetCore.RequestLoggingMiddleware.Invoke(HttpContext httpContext)
2026-03-04 00:08:01.584 +06:00 [ERR] Unhandled exception: The operation was canceled.
System.OperationCanceledException: The operation was canceled.
   at System.Threading.CancellationToken.ThrowOperationCanceledException()
   at System.Threading.CancellationToken.ThrowIfCancellationRequested()
   at Microsoft.EntityFrameworkCore.Storage.ExecutionStrategy.ExecuteImplementationAsync[TState,TResult](Func`4 operation, Func`4 verifySucceeded, TState state, CancellationToken cancellationToken)
   at Microsoft.EntityFrameworkCore.Storage.ExecutionStrategy.ExecuteAsync[TState,TResult](TState state, Func`4 operation, Func`4 verifySucceeded, CancellationToken cancellationToken)
   at Microsoft.EntityFrameworkCore.Query.Internal.SingleQueryingEnumerable`1.AsyncEnumerator.MoveNextAsync()
   at Microsoft.EntityFrameworkCore.Query.ShapedQueryCompilingExpressionVisitor.SingleOrDefaultAsync[TSource](IAsyncEnumerable`1 asyncEnumerable, CancellationToken cancellationToken)
   at Microsoft.EntityFrameworkCore.Query.ShapedQueryCompilingExpressionVisitor.SingleOrDefaultAsync[TSource](IAsyncEnumerable`1 asyncEnumerable, CancellationToken cancellationToken)
   at EduNexis.Infrastructure.Persistence.Repositories.UserRepository.GetByRefreshTokenAsync(String refreshToken, CancellationToken ct) in D:\Coding\Projects\edunexis-api\src\EduNexis.Infrastructure\Persistence\Repositories\UserRepository.cs:line 17
   at EduNexis.Application.Features.Auth.Commands.RefreshTokenCommandHandler.Handle(RefreshTokenCommand command, CancellationToken ct) in D:\Coding\Projects\edunexis-api\src\EduNexis.Application\Features\Auth\Commands\RefreshTokenCommand.cs:line 26
   at EduNexis.API.Controllers.AuthController.Refresh(RefreshTokenCommand command, CancellationToken ct) in D:\Coding\Projects\edunexis-api\src\EduNexis.API\Controllers\AuthController.cs:line 23
   at Microsoft.AspNetCore.Mvc.Infrastructure.ActionMethodExecutor.TaskOfIActionResultExecutor.Execute(ActionContext actionContext, IActionResultTypeMapper mapper, ObjectMethodExecutor executor, Object controller, Object[] arguments)
   at Microsoft.AspNetCore.Mvc.Infrastructure.ControllerActionInvoker.<InvokeActionMethodAsync>g__Awaited|12_0(ControllerActionInvoker invoker, ValueTask`1 actionResultValueTask)
   at Microsoft.AspNetCore.Mvc.Infrastructure.ControllerActionInvoker.<InvokeNextActionFilterAsync>g__Awaited|10_0(ControllerActionInvoker invoker, Task lastTask, State next, Scope scope, Object state, Boolean isCompleted)
   at Microsoft.AspNetCore.Mvc.Infrastructure.ControllerActionInvoker.Rethrow(ActionExecutedContextSealed context)
   at Microsoft.AspNetCore.Mvc.Infrastructure.ControllerActionInvoker.Next(State& next, Scope& scope, Object& state, Boolean& isCompleted)
   at Microsoft.AspNetCore.Mvc.Infrastructure.ControllerActionInvoker.InvokeInnerFilterAsync()
--- End of stack trace from previous location ---
   at Microsoft.AspNetCore.Mvc.Infrastructure.ResourceInvoker.<InvokeFilterPipelineAsync>g__Awaited|20_0(ResourceInvoker invoker, Task lastTask, State next, Scope scope, Object state, Boolean isCompleted)
   at Microsoft.AspNetCore.Mvc.Infrastructure.ResourceInvoker.<InvokeAsync>g__Awaited|17_0(ResourceInvoker invoker, Task task, IDisposable scope)
   at Microsoft.AspNetCore.Mvc.Infrastructure.ResourceInvoker.<InvokeAsync>g__Awaited|17_0(ResourceInvoker invoker, Task task, IDisposable scope)
   at Microsoft.AspNetCore.Authorization.AuthorizationMiddleware.Invoke(HttpContext context)
   at Microsoft.AspNetCore.Authentication.AuthenticationMiddleware.Invoke(HttpContext context)
   at Serilog.AspNetCore.RequestLoggingMiddleware.Invoke(HttpContext httpContext)
   at Swashbuckle.AspNetCore.SwaggerUI.SwaggerUIMiddleware.Invoke(HttpContext httpContext)
   at Swashbuckle.AspNetCore.Swagger.SwaggerMiddleware.Invoke(HttpContext httpContext, ISwaggerProvider swaggerProvider)
   at EduNexis.API.Middleware.ExceptionMiddleware.InvokeAsync(HttpContext context) in D:\Coding\Projects\edunexis-api\src\EduNexis.API\Middleware\ExceptionMiddleware.cs:line 15
2026-03-04 00:08:02.579 +06:00 [INF] HTTP POST /api/auth/refresh responded 200 in 1944.9439 ms
2026-03-04 00:08:02.858 +06:00 [INF] HTTP GET /api/Notifications responded 200 in 259.3217 ms
2026-03-04 00:08:03.165 +06:00 [INF] HTTP GET /api/Courses responded 200 in 566.6781 ms
2026-03-04 00:08:03.165 +06:00 [INF] HTTP GET /api/Courses responded 200 in 566.6837 ms
2026-03-04 00:08:05.116 +06:00 [INF] HTTP OPTIONS /api/Courses/ac80d30d-540f-4a38-aa5e-22420bf183c7 responded 204 in 0.4337 ms
2026-03-04 00:08:05.360 +06:00 [INF] HTTP GET /api/Courses/ac80d30d-540f-4a38-aa5e-22420bf183c7 responded 200 in 235.9231 ms
2026-03-04 00:08:05.386 +06:00 [INF] HTTP OPTIONS /api/Announcements/courses/ac80d30d-540f-4a38-aa5e-22420bf183c7/announcements responded 204 in 0.1135 ms
2026-03-04 00:08:05.585 +06:00 [INF] HTTP GET /api/Announcements/courses/ac80d30d-540f-4a38-aa5e-22420bf183c7/announcements responded 200 in 189.3226 ms
2026-03-04 00:08:07.629 +06:00 [INF] HTTP OPTIONS /api/Attendance/courses/ac80d30d-540f-4a38-aa5e-22420bf183c7/sessions responded 204 in 0.1705 ms
2026-03-04 00:08:07.629 +06:00 [INF] HTTP OPTIONS /api/courses/ac80d30d-540f-4a38-aa5e-22420bf183c7/presentations responded 204 in 0.1221 ms
2026-03-04 00:08:07.629 +06:00 [INF] HTTP OPTIONS /api/Courses/ac80d30d-540f-4a38-aa5e-22420bf183c7/members responded 204 in 0.0417 ms
2026-03-04 00:08:07.825 +06:00 [ERR] Failed executing DbCommand (15ms) [Parameters=[@__query_CourseId_0='?' (DbType = Guid)], CommandType='"Text"', CommandTimeout='30']
SELECT `p`.`Id`, `p`.`CourseId`, `p`.`CreatedAt`, `p`.`CreatedById`, `p`.`DeletedAt`, `p`.`Description`, `p`.`DurationPerGroupMinutes`, `p`.`Format`, `p`.`IsDeleted`, `p`.`MaxMarks`, `p`.`ScheduledDate`, `p`.`Status`, `p`.`Title`, `p`.`TopicsAllowed`, `p`.`UpdatedAt`, `p`.`Venue`
FROM `PresentationEvents` AS `p`
WHERE `p`.`CourseId` = @__query_CourseId_0
2026-03-04 00:08:07.862 +06:00 [ERR] An exception occurred while iterating over the results of a query for context type 'EduNexis.Infrastructure.Persistence.AppDbContext'.
MySqlConnector.MySqlException (0x80004005): Unknown column 'p.Description' in 'field list'
   at MySqlConnector.Core.ServerSession.ReceiveReplyAsync(IOBehavior ioBehavior, CancellationToken cancellationToken) in /_/src/MySqlConnector/Core/ServerSession.cs:line 1081
   at MySqlConnector.Core.ResultSet.ReadResultSetHeaderAsync(IOBehavior ioBehavior) in /_/src/MySqlConnector/Core/ResultSet.cs:line 37
   at MySqlConnector.MySqlDataReader.ActivateResultSet(CancellationToken cancellationToken) in /_/src/MySqlConnector/MySqlDataReader.cs:line 131
   at MySqlConnector.MySqlDataReader.InitAsync(CommandListPosition commandListPosition, ICommandPayloadCreator payloadCreator, IDictionary`2 cachedProcedures, IMySqlCommand command, CommandBehavior behavior, Activity activity, IOBehavior ioBehavior, CancellationToken cancellationToken) in /_/src/MySqlConnector/MySqlDataReader.cs:line 487
   at MySqlConnector.Core.CommandExecutor.ExecuteReaderAsync(CommandListPosition commandListPosition, ICommandPayloadCreator payloadCreator, CommandBehavior behavior, Activity activity, IOBehavior ioBehavior, CancellationToken cancellationToken) in /_/src/MySqlConnector/Core/CommandExecutor.cs:line 56
   at MySqlConnector.MySqlCommand.ExecuteReaderAsync(CommandBehavior behavior, IOBehavior ioBehavior, CancellationToken cancellationToken) in /_/src/MySqlConnector/MySqlCommand.cs:line 357
   at MySqlConnector.MySqlCommand.ExecuteDbDataReaderAsync(CommandBehavior behavior, CancellationToken cancellationToken) in /_/src/MySqlConnector/MySqlCommand.cs:line 350
   at Microsoft.EntityFrameworkCore.Storage.RelationalCommand.ExecuteReaderAsync(RelationalCommandParameterObject parameterObject, CancellationToken cancellationToken)
   at Microsoft.EntityFrameworkCore.Storage.RelationalCommand.ExecuteReaderAsync(RelationalCommandParameterObject parameterObject, CancellationToken cancellationToken)
   at Microsoft.EntityFrameworkCore.Query.Internal.SingleQueryingEnumerable`1.AsyncEnumerator.InitializeReaderAsync(AsyncEnumerator enumerator, CancellationToken cancellationToken)
   at Microsoft.EntityFrameworkCore.Storage.ExecutionStrategy.<>c__DisplayClass30_0`2.<<ExecuteAsync>b__0>d.MoveNext()
--- End of stack trace from previous location ---
   at Microsoft.EntityFrameworkCore.Storage.ExecutionStrategy.ExecuteImplementationAsync[TState,TResult](Func`4 operation, Func`4 verifySucceeded, TState state, CancellationToken cancellationToken)
   at Microsoft.EntityFrameworkCore.Storage.ExecutionStrategy.ExecuteImplementationAsync[TState,TResult](Func`4 operation, Func`4 verifySucceeded, TState state, CancellationToken cancellationToken)
   at Microsoft.EntityFrameworkCore.Storage.ExecutionStrategy.ExecuteAsync[TState,TResult](TState state, Func`4 operation, Func`4 verifySucceeded, CancellationToken cancellationToken)
   at Microsoft.EntityFrameworkCore.Query.Internal.SingleQueryingEnumerable`1.AsyncEnumerator.MoveNextAsync()
MySqlConnector.MySqlException (0x80004005): Unknown column 'p.Description' in 'field list'
   at MySqlConnector.Core.ServerSession.ReceiveReplyAsync(IOBehavior ioBehavior, CancellationToken cancellationToken) in /_/src/MySqlConnector/Core/ServerSession.cs:line 1081
   at MySqlConnector.Core.ResultSet.ReadResultSetHeaderAsync(IOBehavior ioBehavior) in /_/src/MySqlConnector/Core/ResultSet.cs:line 37
   at MySqlConnector.MySqlDataReader.ActivateResultSet(CancellationToken cancellationToken) in /_/src/MySqlConnector/MySqlDataReader.cs:line 131
   at MySqlConnector.MySqlDataReader.InitAsync(CommandListPosition commandListPosition, ICommandPayloadCreator payloadCreator, IDictionary`2 cachedProcedures, IMySqlCommand command, CommandBehavior behavior, Activity activity, IOBehavior ioBehavior, CancellationToken cancellationToken) in /_/src/MySqlConnector/MySqlDataReader.cs:line 487
   at MySqlConnector.Core.CommandExecutor.ExecuteReaderAsync(CommandListPosition commandListPosition, ICommandPayloadCreator payloadCreator, CommandBehavior behavior, Activity activity, IOBehavior ioBehavior, CancellationToken cancellationToken) in /_/src/MySqlConnector/Core/CommandExecutor.cs:line 56
   at MySqlConnector.MySqlCommand.ExecuteReaderAsync(CommandBehavior behavior, IOBehavior ioBehavior, CancellationToken cancellationToken) in /_/src/MySqlConnector/MySqlCommand.cs:line 357
   at MySqlConnector.MySqlCommand.ExecuteDbDataReaderAsync(CommandBehavior behavior, CancellationToken cancellationToken) in /_/src/MySqlConnector/MySqlCommand.cs:line 350
   at Microsoft.EntityFrameworkCore.Storage.RelationalCommand.ExecuteReaderAsync(RelationalCommandParameterObject parameterObject, CancellationToken cancellationToken)
   at Microsoft.EntityFrameworkCore.Storage.RelationalCommand.ExecuteReaderAsync(RelationalCommandParameterObject parameterObject, CancellationToken cancellationToken)
   at Microsoft.EntityFrameworkCore.Query.Internal.SingleQueryingEnumerable`1.AsyncEnumerator.InitializeReaderAsync(AsyncEnumerator enumerator, CancellationToken cancellationToken)
   at Microsoft.EntityFrameworkCore.Storage.ExecutionStrategy.<>c__DisplayClass30_0`2.<<ExecuteAsync>b__0>d.MoveNext()
--- End of stack trace from previous location ---
   at Microsoft.EntityFrameworkCore.Storage.ExecutionStrategy.ExecuteImplementationAsync[TState,TResult](Func`4 operation, Func`4 verifySucceeded, TState state, CancellationToken cancellationToken)
   at Microsoft.EntityFrameworkCore.Storage.ExecutionStrategy.ExecuteImplementationAsync[TState,TResult](Func`4 operation, Func`4 verifySucceeded, TState state, CancellationToken cancellationToken)
   at Microsoft.EntityFrameworkCore.Storage.ExecutionStrategy.ExecuteAsync[TState,TResult](TState state, Func`4 operation, Func`4 verifySucceeded, CancellationToken cancellationToken)
   at Microsoft.EntityFrameworkCore.Query.Internal.SingleQueryingEnumerable`1.AsyncEnumerator.MoveNextAsync()
2026-03-04 00:08:07.864 +06:00 [INF] HTTP GET /api/Courses/ac80d30d-540f-4a38-aa5e-22420bf183c7/members responded 200 in 219.9874 ms
2026-03-04 00:08:07.893 +06:00 [ERR] HTTP GET /api/courses/ac80d30d-540f-4a38-aa5e-22420bf183c7/presentations responded 500 in 251.4040 ms
MySqlConnector.MySqlException (0x80004005): Unknown column 'p.Description' in 'field list'
   at MySqlConnector.Core.ServerSession.ReceiveReplyAsync(IOBehavior ioBehavior, CancellationToken cancellationToken) in /_/src/MySqlConnector/Core/ServerSession.cs:line 1081
   at MySqlConnector.Core.ResultSet.ReadResultSetHeaderAsync(IOBehavior ioBehavior) in /_/src/MySqlConnector/Core/ResultSet.cs:line 37
   at MySqlConnector.MySqlDataReader.ActivateResultSet(CancellationToken cancellationToken) in /_/src/MySqlConnector/MySqlDataReader.cs:line 131
   at MySqlConnector.MySqlDataReader.InitAsync(CommandListPosition commandListPosition, ICommandPayloadCreator payloadCreator, IDictionary`2 cachedProcedures, IMySqlCommand command, CommandBehavior behavior, Activity activity, IOBehavior ioBehavior, CancellationToken cancellationToken) in /_/src/MySqlConnector/MySqlDataReader.cs:line 487
   at MySqlConnector.Core.CommandExecutor.ExecuteReaderAsync(CommandListPosition commandListPosition, ICommandPayloadCreator payloadCreator, CommandBehavior behavior, Activity activity, IOBehavior ioBehavior, CancellationToken cancellationToken) in /_/src/MySqlConnector/Core/CommandExecutor.cs:line 56
   at MySqlConnector.MySqlCommand.ExecuteReaderAsync(CommandBehavior behavior, IOBehavior ioBehavior, CancellationToken cancellationToken) in /_/src/MySqlConnector/MySqlCommand.cs:line 357
   at MySqlConnector.MySqlCommand.ExecuteDbDataReaderAsync(CommandBehavior behavior, CancellationToken cancellationToken) in /_/src/MySqlConnector/MySqlCommand.cs:line 350
   at Microsoft.EntityFrameworkCore.Storage.RelationalCommand.ExecuteReaderAsync(RelationalCommandParameterObject parameterObject, CancellationToken cancellationToken)
   at Microsoft.EntityFrameworkCore.Storage.RelationalCommand.ExecuteReaderAsync(RelationalCommandParameterObject parameterObject, CancellationToken cancellationToken)
   at Microsoft.EntityFrameworkCore.Query.Internal.SingleQueryingEnumerable`1.AsyncEnumerator.InitializeReaderAsync(AsyncEnumerator enumerator, CancellationToken cancellationToken)
   at Microsoft.EntityFrameworkCore.Storage.ExecutionStrategy.<>c__DisplayClass30_0`2.<<ExecuteAsync>b__0>d.MoveNext()
--- End of stack trace from previous location ---
   at Microsoft.EntityFrameworkCore.Storage.ExecutionStrategy.ExecuteImplementationAsync[TState,TResult](Func`4 operation, Func`4 verifySucceeded, TState state, CancellationToken cancellationToken)
   at Microsoft.EntityFrameworkCore.Storage.ExecutionStrategy.ExecuteImplementationAsync[TState,TResult](Func`4 operation, Func`4 verifySucceeded, TState state, CancellationToken cancellationToken)
   at Microsoft.EntityFrameworkCore.Storage.ExecutionStrategy.ExecuteAsync[TState,TResult](TState state, Func`4 operation, Func`4 verifySucceeded, CancellationToken cancellationToken)
   at Microsoft.EntityFrameworkCore.Query.Internal.SingleQueryingEnumerable`1.AsyncEnumerator.MoveNextAsync()
   at Microsoft.EntityFrameworkCore.EntityFrameworkQueryableExtensions.ToListAsync[TSource](IQueryable`1 source, CancellationToken cancellationToken)
   at Microsoft.EntityFrameworkCore.EntityFrameworkQueryableExtensions.ToListAsync[TSource](IQueryable`1 source, CancellationToken cancellationToken)
   at EduNexis.Infrastructure.Persistence.Repositories.BaseRepository`1.FindAsync(Expression`1 predicate, CancellationToken ct) in D:\Coding\Projects\edunexis-api\src\EduNexis.Infrastructure\Persistence\Repositories\BaseRepository.cs:line 24
   at EduNexis.Application.Features.Presentations.Queries.GetPresentationsQueryHandler.Handle(GetPresentationsQuery query, CancellationToken ct) in D:\Coding\Projects\edunexis-api\src\EduNexis.Application\Features\Presentations\Queries\GetPresentationsQuery.cs:line 69
   at EduNexis.API.Controllers.PresentationsController.GetAll(Guid courseId, CancellationToken ct) in D:\Coding\Projects\edunexis-api\src\EduNexis.API\Controllers\PresentationsController.cs:line 14
   at Microsoft.AspNetCore.Mvc.Infrastructure.ActionMethodExecutor.TaskOfIActionResultExecutor.Execute(ActionContext actionContext, IActionResultTypeMapper mapper, ObjectMethodExecutor executor, Object controller, Object[] arguments)
   at Microsoft.AspNetCore.Mvc.Infrastructure.ControllerActionInvoker.<InvokeActionMethodAsync>g__Awaited|12_0(ControllerActionInvoker invoker, ValueTask`1 actionResultValueTask)
   at Microsoft.AspNetCore.Mvc.Infrastructure.ControllerActionInvoker.<InvokeNextActionFilterAsync>g__Awaited|10_0(ControllerActionInvoker invoker, Task lastTask, State next, Scope scope, Object state, Boolean isCompleted)
   at Microsoft.AspNetCore.Mvc.Infrastructure.ControllerActionInvoker.Rethrow(ActionExecutedContextSealed context)
   at Microsoft.AspNetCore.Mvc.Infrastructure.ControllerActionInvoker.Next(State& next, Scope& scope, Object& state, Boolean& isCompleted)
   at Microsoft.AspNetCore.Mvc.Infrastructure.ControllerActionInvoker.<InvokeInnerFilterAsync>g__Awaited|13_0(ControllerActionInvoker invoker, Task lastTask, State next, Scope scope, Object state, Boolean isCompleted)
   at Microsoft.AspNetCore.Mvc.Infrastructure.ResourceInvoker.<InvokeFilterPipelineAsync>g__Awaited|20_0(ResourceInvoker invoker, Task lastTask, State next, Scope scope, Object state, Boolean isCompleted)
   at Microsoft.AspNetCore.Mvc.Infrastructure.ResourceInvoker.<InvokeAsync>g__Awaited|17_0(ResourceInvoker invoker, Task task, IDisposable scope)
   at Microsoft.AspNetCore.Mvc.Infrastructure.ResourceInvoker.<InvokeAsync>g__Awaited|17_0(ResourceInvoker invoker, Task task, IDisposable scope)
   at Microsoft.AspNetCore.Authorization.AuthorizationMiddleware.Invoke(HttpContext context)
   at Microsoft.AspNetCore.Authentication.AuthenticationMiddleware.Invoke(HttpContext context)
   at Serilog.AspNetCore.RequestLoggingMiddleware.Invoke(HttpContext httpContext)
2026-03-04 00:08:07.929 +06:00 [ERR] Unhandled exception: Unknown column 'p.Description' in 'field list'
MySqlConnector.MySqlException (0x80004005): Unknown column 'p.Description' in 'field list'
   at MySqlConnector.Core.ServerSession.ReceiveReplyAsync(IOBehavior ioBehavior, CancellationToken cancellationToken) in /_/src/MySqlConnector/Core/ServerSession.cs:line 1081
   at MySqlConnector.Core.ResultSet.ReadResultSetHeaderAsync(IOBehavior ioBehavior) in /_/src/MySqlConnector/Core/ResultSet.cs:line 37
   at MySqlConnector.MySqlDataReader.ActivateResultSet(CancellationToken cancellationToken) in /_/src/MySqlConnector/MySqlDataReader.cs:line 131
   at MySqlConnector.MySqlDataReader.InitAsync(CommandListPosition commandListPosition, ICommandPayloadCreator payloadCreator, IDictionary`2 cachedProcedures, IMySqlCommand command, CommandBehavior behavior, Activity activity, IOBehavior ioBehavior, CancellationToken cancellationToken) in /_/src/MySqlConnector/MySqlDataReader.cs:line 487
   at MySqlConnector.Core.CommandExecutor.ExecuteReaderAsync(CommandListPosition commandListPosition, ICommandPayloadCreator payloadCreator, CommandBehavior behavior, Activity activity, IOBehavior ioBehavior, CancellationToken cancellationToken) in /_/src/MySqlConnector/Core/CommandExecutor.cs:line 56
   at MySqlConnector.MySqlCommand.ExecuteReaderAsync(CommandBehavior behavior, IOBehavior ioBehavior, CancellationToken cancellationToken) in /_/src/MySqlConnector/MySqlCommand.cs:line 357
   at MySqlConnector.MySqlCommand.ExecuteDbDataReaderAsync(CommandBehavior behavior, CancellationToken cancellationToken) in /_/src/MySqlConnector/MySqlCommand.cs:line 350
   at Microsoft.EntityFrameworkCore.Storage.RelationalCommand.ExecuteReaderAsync(RelationalCommandParameterObject parameterObject, CancellationToken cancellationToken)
   at Microsoft.EntityFrameworkCore.Storage.RelationalCommand.ExecuteReaderAsync(RelationalCommandParameterObject parameterObject, CancellationToken cancellationToken)
   at Microsoft.EntityFrameworkCore.Query.Internal.SingleQueryingEnumerable`1.AsyncEnumerator.InitializeReaderAsync(AsyncEnumerator enumerator, CancellationToken cancellationToken)
   at Microsoft.EntityFrameworkCore.Storage.ExecutionStrategy.<>c__DisplayClass30_0`2.<<ExecuteAsync>b__0>d.MoveNext()
--- End of stack trace from previous location ---
   at Microsoft.EntityFrameworkCore.Storage.ExecutionStrategy.ExecuteImplementationAsync[TState,TResult](Func`4 operation, Func`4 verifySucceeded, TState state, CancellationToken cancellationToken)
   at Microsoft.EntityFrameworkCore.Storage.ExecutionStrategy.ExecuteImplementationAsync[TState,TResult](Func`4 operation, Func`4 verifySucceeded, TState state, CancellationToken cancellationToken)
   at Microsoft.EntityFrameworkCore.Storage.ExecutionStrategy.ExecuteAsync[TState,TResult](TState state, Func`4 operation, Func`4 verifySucceeded, CancellationToken cancellationToken)
   at Microsoft.EntityFrameworkCore.Query.Internal.SingleQueryingEnumerable`1.AsyncEnumerator.MoveNextAsync()
   at Microsoft.EntityFrameworkCore.EntityFrameworkQueryableExtensions.ToListAsync[TSource](IQueryable`1 source, CancellationToken cancellationToken)
   at Microsoft.EntityFrameworkCore.EntityFrameworkQueryableExtensions.ToListAsync[TSource](IQueryable`1 source, CancellationToken cancellationToken)
   at EduNexis.Infrastructure.Persistence.Repositories.BaseRepository`1.FindAsync(Expression`1 predicate, CancellationToken ct) in D:\Coding\Projects\edunexis-api\src\EduNexis.Infrastructure\Persistence\Repositories\BaseRepository.cs:line 24
   at EduNexis.Application.Features.Presentations.Queries.GetPresentationsQueryHandler.Handle(GetPresentationsQuery query, CancellationToken ct) in D:\Coding\Projects\edunexis-api\src\EduNexis.Application\Features\Presentations\Queries\GetPresentationsQuery.cs:line 69
   at EduNexis.API.Controllers.PresentationsController.GetAll(Guid courseId, CancellationToken ct) in D:\Coding\Projects\edunexis-api\src\EduNexis.API\Controllers\PresentationsController.cs:line 14
   at Microsoft.AspNetCore.Mvc.Infrastructure.ActionMethodExecutor.TaskOfIActionResultExecutor.Execute(ActionContext actionContext, IActionResultTypeMapper mapper, ObjectMethodExecutor executor, Object controller, Object[] arguments)
   at Microsoft.AspNetCore.Mvc.Infrastructure.ControllerActionInvoker.<InvokeActionMethodAsync>g__Awaited|12_0(ControllerActionInvoker invoker, ValueTask`1 actionResultValueTask)
   at Microsoft.AspNetCore.Mvc.Infrastructure.ControllerActionInvoker.<InvokeNextActionFilterAsync>g__Awaited|10_0(ControllerActionInvoker invoker, Task lastTask, State next, Scope scope, Object state, Boolean isCompleted)
   at Microsoft.AspNetCore.Mvc.Infrastructure.ControllerActionInvoker.Rethrow(ActionExecutedContextSealed context)
   at Microsoft.AspNetCore.Mvc.Infrastructure.ControllerActionInvoker.Next(State& next, Scope& scope, Object& state, Boolean& isCompleted)
   at Microsoft.AspNetCore.Mvc.Infrastructure.ControllerActionInvoker.<InvokeInnerFilterAsync>g__Awaited|13_0(ControllerActionInvoker invoker, Task lastTask, State next, Scope scope, Object state, Boolean isCompleted)
   at Microsoft.AspNetCore.Mvc.Infrastructure.ResourceInvoker.<InvokeFilterPipelineAsync>g__Awaited|20_0(ResourceInvoker invoker, Task lastTask, State next, Scope scope, Object state, Boolean isCompleted)
   at Microsoft.AspNetCore.Mvc.Infrastructure.ResourceInvoker.<InvokeAsync>g__Awaited|17_0(ResourceInvoker invoker, Task task, IDisposable scope)
   at Microsoft.AspNetCore.Mvc.Infrastructure.ResourceInvoker.<InvokeAsync>g__Awaited|17_0(ResourceInvoker invoker, Task task, IDisposable scope)
   at Microsoft.AspNetCore.Authorization.AuthorizationMiddleware.Invoke(HttpContext context)
   at Microsoft.AspNetCore.Authentication.AuthenticationMiddleware.Invoke(HttpContext context)
   at Serilog.AspNetCore.RequestLoggingMiddleware.Invoke(HttpContext httpContext)
   at Swashbuckle.AspNetCore.SwaggerUI.SwaggerUIMiddleware.Invoke(HttpContext httpContext)
   at Swashbuckle.AspNetCore.Swagger.SwaggerMiddleware.Invoke(HttpContext httpContext, ISwaggerProvider swaggerProvider)
   at EduNexis.API.Middleware.ExceptionMiddleware.InvokeAsync(HttpContext context) in D:\Coding\Projects\edunexis-api\src\EduNexis.API\Middleware\ExceptionMiddleware.cs:line 15
2026-03-04 00:08:07.945 +06:00 [INF] HTTP GET /api/Attendance/courses/ac80d30d-540f-4a38-aa5e-22420bf183c7/sessions responded 200 in 306.9853 ms
2026-03-04 00:08:09.012 +06:00 [ERR] Failed executing DbCommand (1ms) [Parameters=[@__query_CourseId_0='?' (DbType = Guid)], CommandType='"Text"', CommandTimeout='30']
SELECT `p`.`Id`, `p`.`CourseId`, `p`.`CreatedAt`, `p`.`CreatedById`, `p`.`DeletedAt`, `p`.`Description`, `p`.`DurationPerGroupMinutes`, `p`.`Format`, `p`.`IsDeleted`, `p`.`MaxMarks`, `p`.`ScheduledDate`, `p`.`Status`, `p`.`Title`, `p`.`TopicsAllowed`, `p`.`UpdatedAt`, `p`.`Venue`
FROM `PresentationEvents` AS `p`
WHERE `p`.`CourseId` = @__query_CourseId_0
2026-03-04 00:08:09.020 +06:00 [ERR] An exception occurred while iterating over the results of a query for context type 'EduNexis.Infrastructure.Persistence.AppDbContext'.
MySqlConnector.MySqlException (0x80004005): Unknown column 'p.Description' in 'field list'
   at MySqlConnector.Core.ServerSession.ReceiveReplyAsync(IOBehavior ioBehavior, CancellationToken cancellationToken) in /_/src/MySqlConnector/Core/ServerSession.cs:line 1081
   at MySqlConnector.Core.ResultSet.ReadResultSetHeaderAsync(IOBehavior ioBehavior) in /_/src/MySqlConnector/Core/ResultSet.cs:line 37
   at MySqlConnector.MySqlDataReader.ActivateResultSet(CancellationToken cancellationToken) in /_/src/MySqlConnector/MySqlDataReader.cs:line 131
   at MySqlConnector.MySqlDataReader.InitAsync(CommandListPosition commandListPosition, ICommandPayloadCreator payloadCreator, IDictionary`2 cachedProcedures, IMySqlCommand command, CommandBehavior behavior, Activity activity, IOBehavior ioBehavior, CancellationToken cancellationToken) in /_/src/MySqlConnector/MySqlDataReader.cs:line 487
   at MySqlConnector.Core.CommandExecutor.ExecuteReaderAsync(CommandListPosition commandListPosition, ICommandPayloadCreator payloadCreator, CommandBehavior behavior, Activity activity, IOBehavior ioBehavior, CancellationToken cancellationToken) in /_/src/MySqlConnector/Core/CommandExecutor.cs:line 56
   at MySqlConnector.MySqlCommand.ExecuteReaderAsync(CommandBehavior behavior, IOBehavior ioBehavior, CancellationToken cancellationToken) in /_/src/MySqlConnector/MySqlCommand.cs:line 357
   at MySqlConnector.MySqlCommand.ExecuteDbDataReaderAsync(CommandBehavior behavior, CancellationToken cancellationToken) in /_/src/MySqlConnector/MySqlCommand.cs:line 350
   at Microsoft.EntityFrameworkCore.Storage.RelationalCommand.ExecuteReaderAsync(RelationalCommandParameterObject parameterObject, CancellationToken cancellationToken)
   at Microsoft.EntityFrameworkCore.Storage.RelationalCommand.ExecuteReaderAsync(RelationalCommandParameterObject parameterObject, CancellationToken cancellationToken)
   at Microsoft.EntityFrameworkCore.Query.Internal.SingleQueryingEnumerable`1.AsyncEnumerator.InitializeReaderAsync(AsyncEnumerator enumerator, CancellationToken cancellationToken)
   at Microsoft.EntityFrameworkCore.Storage.ExecutionStrategy.<>c__DisplayClass30_0`2.<<ExecuteAsync>b__0>d.MoveNext()
--- End of stack trace from previous location ---
   at Microsoft.EntityFrameworkCore.Storage.ExecutionStrategy.ExecuteImplementationAsync[TState,TResult](Func`4 operation, Func`4 verifySucceeded, TState state, CancellationToken cancellationToken)
   at Microsoft.EntityFrameworkCore.Storage.ExecutionStrategy.ExecuteImplementationAsync[TState,TResult](Func`4 operation, Func`4 verifySucceeded, TState state, CancellationToken cancellationToken)
   at Microsoft.EntityFrameworkCore.Storage.ExecutionStrategy.ExecuteAsync[TState,TResult](TState state, Func`4 operation, Func`4 verifySucceeded, CancellationToken cancellationToken)
   at Microsoft.EntityFrameworkCore.Query.Internal.SingleQueryingEnumerable`1.AsyncEnumerator.MoveNextAsync()
MySqlConnector.MySqlException (0x80004005): Unknown column 'p.Description' in 'field list'
   at MySqlConnector.Core.ServerSession.ReceiveReplyAsync(IOBehavior ioBehavior, CancellationToken cancellationToken) in /_/src/MySqlConnector/Core/ServerSession.cs:line 1081
   at MySqlConnector.Core.ResultSet.ReadResultSetHeaderAsync(IOBehavior ioBehavior) in /_/src/MySqlConnector/Core/ResultSet.cs:line 37
   at MySqlConnector.MySqlDataReader.ActivateResultSet(CancellationToken cancellationToken) in /_/src/MySqlConnector/MySqlDataReader.cs:line 131
   at MySqlConnector.MySqlDataReader.InitAsync(CommandListPosition commandListPosition, ICommandPayloadCreator payloadCreator, IDictionary`2 cachedProcedures, IMySqlCommand command, CommandBehavior behavior, Activity activity, IOBehavior ioBehavior, CancellationToken cancellationToken) in /_/src/MySqlConnector/MySqlDataReader.cs:line 487
   at MySqlConnector.Core.CommandExecutor.ExecuteReaderAsync(CommandListPosition commandListPosition, ICommandPayloadCreator payloadCreator, CommandBehavior behavior, Activity activity, IOBehavior ioBehavior, CancellationToken cancellationToken) in /_/src/MySqlConnector/Core/CommandExecutor.cs:line 56
   at MySqlConnector.MySqlCommand.ExecuteReaderAsync(CommandBehavior behavior, IOBehavior ioBehavior, CancellationToken cancellationToken) in /_/src/MySqlConnector/MySqlCommand.cs:line 357
   at MySqlConnector.MySqlCommand.ExecuteDbDataReaderAsync(CommandBehavior behavior, CancellationToken cancellationToken) in /_/src/MySqlConnector/MySqlCommand.cs:line 350
   at Microsoft.EntityFrameworkCore.Storage.RelationalCommand.ExecuteReaderAsync(RelationalCommandParameterObject parameterObject, CancellationToken cancellationToken)
   at Microsoft.EntityFrameworkCore.Storage.RelationalCommand.ExecuteReaderAsync(RelationalCommandParameterObject parameterObject, CancellationToken cancellationToken)
   at Microsoft.EntityFrameworkCore.Query.Internal.SingleQueryingEnumerable`1.AsyncEnumerator.InitializeReaderAsync(AsyncEnumerator enumerator, CancellationToken cancellationToken)
   at Microsoft.EntityFrameworkCore.Storage.ExecutionStrategy.<>c__DisplayClass30_0`2.<<ExecuteAsync>b__0>d.MoveNext()
--- End of stack trace from previous location ---
   at Microsoft.EntityFrameworkCore.Storage.ExecutionStrategy.ExecuteImplementationAsync[TState,TResult](Func`4 operation, Func`4 verifySucceeded, TState state, CancellationToken cancellationToken)
   at Microsoft.EntityFrameworkCore.Storage.ExecutionStrategy.ExecuteImplementationAsync[TState,TResult](Func`4 operation, Func`4 verifySucceeded, TState state, CancellationToken cancellationToken)
   at Microsoft.EntityFrameworkCore.Storage.ExecutionStrategy.ExecuteAsync[TState,TResult](TState state, Func`4 operation, Func`4 verifySucceeded, CancellationToken cancellationToken)
   at Microsoft.EntityFrameworkCore.Query.Internal.SingleQueryingEnumerable`1.AsyncEnumerator.MoveNextAsync()
2026-03-04 00:08:09.034 +06:00 [ERR] HTTP GET /api/courses/ac80d30d-540f-4a38-aa5e-22420bf183c7/presentations responded 500 in 64.0899 ms
MySqlConnector.MySqlException (0x80004005): Unknown column 'p.Description' in 'field list'
   at MySqlConnector.Core.ServerSession.ReceiveReplyAsync(IOBehavior ioBehavior, CancellationToken cancellationToken) in /_/src/MySqlConnector/Core/ServerSession.cs:line 1081
   at MySqlConnector.Core.ResultSet.ReadResultSetHeaderAsync(IOBehavior ioBehavior) in /_/src/MySqlConnector/Core/ResultSet.cs:line 37
   at MySqlConnector.MySqlDataReader.ActivateResultSet(CancellationToken cancellationToken) in /_/src/MySqlConnector/MySqlDataReader.cs:line 131
   at MySqlConnector.MySqlDataReader.InitAsync(CommandListPosition commandListPosition, ICommandPayloadCreator payloadCreator, IDictionary`2 cachedProcedures, IMySqlCommand command, CommandBehavior behavior, Activity activity, IOBehavior ioBehavior, CancellationToken cancellationToken) in /_/src/MySqlConnector/MySqlDataReader.cs:line 487
   at MySqlConnector.Core.CommandExecutor.ExecuteReaderAsync(CommandListPosition commandListPosition, ICommandPayloadCreator payloadCreator, CommandBehavior behavior, Activity activity, IOBehavior ioBehavior, CancellationToken cancellationToken) in /_/src/MySqlConnector/Core/CommandExecutor.cs:line 56
   at MySqlConnector.MySqlCommand.ExecuteReaderAsync(CommandBehavior behavior, IOBehavior ioBehavior, CancellationToken cancellationToken) in /_/src/MySqlConnector/MySqlCommand.cs:line 357
   at MySqlConnector.MySqlCommand.ExecuteDbDataReaderAsync(CommandBehavior behavior, CancellationToken cancellationToken) in /_/src/MySqlConnector/MySqlCommand.cs:line 350
   at Microsoft.EntityFrameworkCore.Storage.RelationalCommand.ExecuteReaderAsync(RelationalCommandParameterObject parameterObject, CancellationToken cancellationToken)
   at Microsoft.EntityFrameworkCore.Storage.RelationalCommand.ExecuteReaderAsync(RelationalCommandParameterObject parameterObject, CancellationToken cancellationToken)
   at Microsoft.EntityFrameworkCore.Query.Internal.SingleQueryingEnumerable`1.AsyncEnumerator.InitializeReaderAsync(AsyncEnumerator enumerator, CancellationToken cancellationToken)
   at Microsoft.EntityFrameworkCore.Storage.ExecutionStrategy.<>c__DisplayClass30_0`2.<<ExecuteAsync>b__0>d.MoveNext()
--- End of stack trace from previous location ---
   at Microsoft.EntityFrameworkCore.Storage.ExecutionStrategy.ExecuteImplementationAsync[TState,TResult](Func`4 operation, Func`4 verifySucceeded, TState state, CancellationToken cancellationToken)
   at Microsoft.EntityFrameworkCore.Storage.ExecutionStrategy.ExecuteImplementationAsync[TState,TResult](Func`4 operation, Func`4 verifySucceeded, TState state, CancellationToken cancellationToken)
   at Microsoft.EntityFrameworkCore.Storage.ExecutionStrategy.ExecuteAsync[TState,TResult](TState state, Func`4 operation, Func`4 verifySucceeded, CancellationToken cancellationToken)
   at Microsoft.EntityFrameworkCore.Query.Internal.SingleQueryingEnumerable`1.AsyncEnumerator.MoveNextAsync()
   at Microsoft.EntityFrameworkCore.EntityFrameworkQueryableExtensions.ToListAsync[TSource](IQueryable`1 source, CancellationToken cancellationToken)
   at Microsoft.EntityFrameworkCore.EntityFrameworkQueryableExtensions.ToListAsync[TSource](IQueryable`1 source, CancellationToken cancellationToken)
   at EduNexis.Infrastructure.Persistence.Repositories.BaseRepository`1.FindAsync(Expression`1 predicate, CancellationToken ct) in D:\Coding\Projects\edunexis-api\src\EduNexis.Infrastructure\Persistence\Repositories\BaseRepository.cs:line 24
   at EduNexis.Application.Features.Presentations.Queries.GetPresentationsQueryHandler.Handle(GetPresentationsQuery query, CancellationToken ct) in D:\Coding\Projects\edunexis-api\src\EduNexis.Application\Features\Presentations\Queries\GetPresentationsQuery.cs:line 69
   at EduNexis.API.Controllers.PresentationsController.GetAll(Guid courseId, CancellationToken ct) in D:\Coding\Projects\edunexis-api\src\EduNexis.API\Controllers\PresentationsController.cs:line 14
   at Microsoft.AspNetCore.Mvc.Infrastructure.ActionMethodExecutor.TaskOfIActionResultExecutor.Execute(ActionContext actionContext, IActionResultTypeMapper mapper, ObjectMethodExecutor executor, Object controller, Object[] arguments)
   at Microsoft.AspNetCore.Mvc.Infrastructure.ControllerActionInvoker.<InvokeActionMethodAsync>g__Awaited|12_0(ControllerActionInvoker invoker, ValueTask`1 actionResultValueTask)
   at Microsoft.AspNetCore.Mvc.Infrastructure.ControllerActionInvoker.<InvokeNextActionFilterAsync>g__Awaited|10_0(ControllerActionInvoker invoker, Task lastTask, State next, Scope scope, Object state, Boolean isCompleted)
   at Microsoft.AspNetCore.Mvc.Infrastructure.ControllerActionInvoker.Rethrow(ActionExecutedContextSealed context)
   at Microsoft.AspNetCore.Mvc.Infrastructure.ControllerActionInvoker.Next(State& next, Scope& scope, Object& state, Boolean& isCompleted)
   at Microsoft.AspNetCore.Mvc.Infrastructure.ControllerActionInvoker.<InvokeInnerFilterAsync>g__Awaited|13_0(ControllerActionInvoker invoker, Task lastTask, State next, Scope scope, Object state, Boolean isCompleted)
   at Microsoft.AspNetCore.Mvc.Infrastructure.ResourceInvoker.<InvokeFilterPipelineAsync>g__Awaited|20_0(ResourceInvoker invoker, Task lastTask, State next, Scope scope, Object state, Boolean isCompleted)
   at Microsoft.AspNetCore.Mvc.Infrastructure.ResourceInvoker.<InvokeAsync>g__Awaited|17_0(ResourceInvoker invoker, Task task, IDisposable scope)
   at Microsoft.AspNetCore.Mvc.Infrastructure.ResourceInvoker.<InvokeAsync>g__Awaited|17_0(ResourceInvoker invoker, Task task, IDisposable scope)
   at Microsoft.AspNetCore.Authorization.AuthorizationMiddleware.Invoke(HttpContext context)
   at Microsoft.AspNetCore.Authentication.AuthenticationMiddleware.Invoke(HttpContext context)
   at Serilog.AspNetCore.RequestLoggingMiddleware.Invoke(HttpContext httpContext)
2026-03-04 00:08:09.053 +06:00 [ERR] Unhandled exception: Unknown column 'p.Description' in 'field list'
MySqlConnector.MySqlException (0x80004005): Unknown column 'p.Description' in 'field list'
   at MySqlConnector.Core.ServerSession.ReceiveReplyAsync(IOBehavior ioBehavior, CancellationToken cancellationToken) in /_/src/MySqlConnector/Core/ServerSession.cs:line 1081
   at MySqlConnector.Core.ResultSet.ReadResultSetHeaderAsync(IOBehavior ioBehavior) in /_/src/MySqlConnector/Core/ResultSet.cs:line 37
   at MySqlConnector.MySqlDataReader.ActivateResultSet(CancellationToken cancellationToken) in /_/src/MySqlConnector/MySqlDataReader.cs:line 131
   at MySqlConnector.MySqlDataReader.InitAsync(CommandListPosition commandListPosition, ICommandPayloadCreator payloadCreator, IDictionary`2 cachedProcedures, IMySqlCommand command, CommandBehavior behavior, Activity activity, IOBehavior ioBehavior, CancellationToken cancellationToken) in /_/src/MySqlConnector/MySqlDataReader.cs:line 487
   at MySqlConnector.Core.CommandExecutor.ExecuteReaderAsync(CommandListPosition commandListPosition, ICommandPayloadCreator payloadCreator, CommandBehavior behavior, Activity activity, IOBehavior ioBehavior, CancellationToken cancellationToken) in /_/src/MySqlConnector/Core/CommandExecutor.cs:line 56
   at MySqlConnector.MySqlCommand.ExecuteReaderAsync(CommandBehavior behavior, IOBehavior ioBehavior, CancellationToken cancellationToken) in /_/src/MySqlConnector/MySqlCommand.cs:line 357
   at MySqlConnector.MySqlCommand.ExecuteDbDataReaderAsync(CommandBehavior behavior, CancellationToken cancellationToken) in /_/src/MySqlConnector/MySqlCommand.cs:line 350
   at Microsoft.EntityFrameworkCore.Storage.RelationalCommand.ExecuteReaderAsync(RelationalCommandParameterObject parameterObject, CancellationToken cancellationToken)
   at Microsoft.EntityFrameworkCore.Storage.RelationalCommand.ExecuteReaderAsync(RelationalCommandParameterObject parameterObject, CancellationToken cancellationToken)
   at Microsoft.EntityFrameworkCore.Query.Internal.SingleQueryingEnumerable`1.AsyncEnumerator.InitializeReaderAsync(AsyncEnumerator enumerator, CancellationToken cancellationToken)
   at Microsoft.EntityFrameworkCore.Storage.ExecutionStrategy.<>c__DisplayClass30_0`2.<<ExecuteAsync>b__0>d.MoveNext()
--- End of stack trace from previous location ---
   at Microsoft.EntityFrameworkCore.Storage.ExecutionStrategy.ExecuteImplementationAsync[TState,TResult](Func`4 operation, Func`4 verifySucceeded, TState state, CancellationToken cancellationToken)
   at Microsoft.EntityFrameworkCore.Storage.ExecutionStrategy.ExecuteImplementationAsync[TState,TResult](Func`4 operation, Func`4 verifySucceeded, TState state, CancellationToken cancellationToken)
   at Microsoft.EntityFrameworkCore.Storage.ExecutionStrategy.ExecuteAsync[TState,TResult](TState state, Func`4 operation, Func`4 verifySucceeded, CancellationToken cancellationToken)
   at Microsoft.EntityFrameworkCore.Query.Internal.SingleQueryingEnumerable`1.AsyncEnumerator.MoveNextAsync()
   at Microsoft.EntityFrameworkCore.EntityFrameworkQueryableExtensions.ToListAsync[TSource](IQueryable`1 source, CancellationToken cancellationToken)
   at Microsoft.EntityFrameworkCore.EntityFrameworkQueryableExtensions.ToListAsync[TSource](IQueryable`1 source, CancellationToken cancellationToken)
   at EduNexis.Infrastructure.Persistence.Repositories.BaseRepository`1.FindAsync(Expression`1 predicate, CancellationToken ct) in D:\Coding\Projects\edunexis-api\src\EduNexis.Infrastructure\Persistence\Repositories\BaseRepository.cs:line 24
   at EduNexis.Application.Features.Presentations.Queries.GetPresentationsQueryHandler.Handle(GetPresentationsQuery query, CancellationToken ct) in D:\Coding\Projects\edunexis-api\src\EduNexis.Application\Features\Presentations\Queries\GetPresentationsQuery.cs:line 69
   at EduNexis.API.Controllers.PresentationsController.GetAll(Guid courseId, CancellationToken ct) in D:\Coding\Projects\edunexis-api\src\EduNexis.API\Controllers\PresentationsController.cs:line 14
   at Microsoft.AspNetCore.Mvc.Infrastructure.ActionMethodExecutor.TaskOfIActionResultExecutor.Execute(ActionContext actionContext, IActionResultTypeMapper mapper, ObjectMethodExecutor executor, Object controller, Object[] arguments)
   at Microsoft.AspNetCore.Mvc.Infrastructure.ControllerActionInvoker.<InvokeActionMethodAsync>g__Awaited|12_0(ControllerActionInvoker invoker, ValueTask`1 actionResultValueTask)
   at Microsoft.AspNetCore.Mvc.Infrastructure.ControllerActionInvoker.<InvokeNextActionFilterAsync>g__Awaited|10_0(ControllerActionInvoker invoker, Task lastTask, State next, Scope scope, Object state, Boolean isCompleted)
   at Microsoft.AspNetCore.Mvc.Infrastructure.ControllerActionInvoker.Rethrow(ActionExecutedContextSealed context)
   at Microsoft.AspNetCore.Mvc.Infrastructure.ControllerActionInvoker.Next(State& next, Scope& scope, Object& state, Boolean& isCompleted)
   at Microsoft.AspNetCore.Mvc.Infrastructure.ControllerActionInvoker.<InvokeInnerFilterAsync>g__Awaited|13_0(ControllerActionInvoker invoker, Task lastTask, State next, Scope scope, Object state, Boolean isCompleted)
   at Microsoft.AspNetCore.Mvc.Infrastructure.ResourceInvoker.<InvokeFilterPipelineAsync>g__Awaited|20_0(ResourceInvoker invoker, Task lastTask, State next, Scope scope, Object state, Boolean isCompleted)
   at Microsoft.AspNetCore.Mvc.Infrastructure.ResourceInvoker.<InvokeAsync>g__Awaited|17_0(ResourceInvoker invoker, Task task, IDisposable scope)
   at Microsoft.AspNetCore.Mvc.Infrastructure.ResourceInvoker.<InvokeAsync>g__Awaited|17_0(ResourceInvoker invoker, Task task, IDisposable scope)
   at Microsoft.AspNetCore.Authorization.AuthorizationMiddleware.Invoke(HttpContext context)
   at Microsoft.AspNetCore.Authentication.AuthenticationMiddleware.Invoke(HttpContext context)
   at Serilog.AspNetCore.RequestLoggingMiddleware.Invoke(HttpContext httpContext)
   at Swashbuckle.AspNetCore.SwaggerUI.SwaggerUIMiddleware.Invoke(HttpContext httpContext)
   at Swashbuckle.AspNetCore.Swagger.SwaggerMiddleware.Invoke(HttpContext httpContext, ISwaggerProvider swaggerProvider)
   at EduNexis.API.Middleware.ExceptionMiddleware.InvokeAsync(HttpContext context) in D:\Coding\Projects\edunexis-api\src\EduNexis.API\Middleware\ExceptionMiddleware.cs:line 15
2026-03-04 00:10:16.625 +06:00 [INF] HTTP OPTIONS /api/Notifications responded 204 in 5.1438 ms
2026-03-04 00:10:16.625 +06:00 [INF] HTTP OPTIONS /api/Courses/ac80d30d-540f-4a38-aa5e-22420bf183c7 responded 204 in 5.1090 ms
2026-03-04 00:10:18.605 +06:00 [INF] HTTP GET /api/Notifications responded 200 in 1879.7990 ms
2026-03-04 00:10:18.919 +06:00 [INF] HTTP GET /api/Courses/ac80d30d-540f-4a38-aa5e-22420bf183c7 responded 200 in 2193.4359 ms
2026-03-04 00:10:18.954 +06:00 [INF] HTTP OPTIONS /api/courses/ac80d30d-540f-4a38-aa5e-22420bf183c7/presentations responded 204 in 0.1261 ms
2026-03-04 00:10:18.954 +06:00 [INF] HTTP OPTIONS /api/Attendance/courses/ac80d30d-540f-4a38-aa5e-22420bf183c7/sessions responded 204 in 0.1405 ms
2026-03-04 00:10:18.957 +06:00 [INF] HTTP OPTIONS /api/Courses/ac80d30d-540f-4a38-aa5e-22420bf183c7/members responded 204 in 0.2811 ms
2026-03-04 00:10:19.312 +06:00 [INF] HTTP GET /api/courses/ac80d30d-540f-4a38-aa5e-22420bf183c7/presentations responded 200 in 350.7087 ms
2026-03-04 00:10:19.371 +06:00 [INF] HTTP GET /api/Courses/ac80d30d-540f-4a38-aa5e-22420bf183c7/members responded 200 in 405.4133 ms
2026-03-04 00:10:19.391 +06:00 [INF] HTTP GET /api/Attendance/courses/ac80d30d-540f-4a38-aa5e-22420bf183c7/sessions responded 200 in 425.4927 ms
2026-03-04 00:10:35.384 +06:00 [INF] HTTP OPTIONS /api/courses/ac80d30d-540f-4a38-aa5e-22420bf183c7/presentations responded 204 in 0.2258 ms
2026-03-04 00:10:36.019 +06:00 [INF] HTTP POST /api/courses/ac80d30d-540f-4a38-aa5e-22420bf183c7/presentations responded 200 in 627.4087 ms
2026-03-04 00:10:36.164 +06:00 [INF] HTTP GET /api/courses/ac80d30d-540f-4a38-aa5e-22420bf183c7/presentations responded 200 in 131.4623 ms
2026-03-04 00:10:45.072 +06:00 [INF] HTTP OPTIONS /api/presentations/a9458ccc-e213-45d9-b663-4b64c3ce8d18/status responded 204 in 0.2151 ms
2026-03-04 00:10:45.170 +06:00 [INF] HTTP PATCH /api/presentations/a9458ccc-e213-45d9-b663-4b64c3ce8d18/status responded 200 in 89.9822 ms
2026-03-04 00:10:45.176 +06:00 [INF] HTTP OPTIONS /api/courses/ac80d30d-540f-4a38-aa5e-22420bf183c7/presentations responded 204 in 0.0672 ms
2026-03-04 00:10:45.212 +06:00 [INF] HTTP GET /api/courses/ac80d30d-540f-4a38-aa5e-22420bf183c7/presentations responded 200 in 29.5356 ms
2026-03-04 00:10:48.619 +06:00 [INF] HTTP OPTIONS /api/Notifications responded 204 in 0.2095 ms
2026-03-04 00:10:48.636 +06:00 [INF] HTTP GET /api/Notifications responded 200 in 6.5902 ms
2026-03-04 00:10:58.421 +06:00 [INF] HTTP OPTIONS /api/presentations/a9458ccc-e213-45d9-b663-4b64c3ce8d18/status responded 204 in 0.2134 ms
2026-03-04 00:10:58.484 +06:00 [INF] HTTP PATCH /api/presentations/a9458ccc-e213-45d9-b663-4b64c3ce8d18/status responded 200 in 56.4081 ms
2026-03-04 00:10:58.491 +06:00 [INF] HTTP OPTIONS /api/courses/ac80d30d-540f-4a38-aa5e-22420bf183c7/presentations responded 204 in 0.0755 ms
2026-03-04 00:10:58.517 +06:00 [INF] HTTP GET /api/courses/ac80d30d-540f-4a38-aa5e-22420bf183c7/presentations responded 200 in 20.9353 ms
2026-03-04 00:11:03.823 +06:00 [INF] HTTP OPTIONS /api/presentations/a9458ccc-e213-45d9-b663-4b64c3ce8d18 responded 204 in 0.0541 ms
2026-03-04 00:11:03.973 +06:00 [INF] HTTP DELETE /api/presentations/a9458ccc-e213-45d9-b663-4b64c3ce8d18 responded 200 in 137.6783 ms
2026-03-04 00:11:03.989 +06:00 [INF] HTTP OPTIONS /api/courses/ac80d30d-540f-4a38-aa5e-22420bf183c7/presentations responded 204 in 0.0533 ms
2026-03-04 00:11:04.069 +06:00 [INF] HTTP GET /api/courses/ac80d30d-540f-4a38-aa5e-22420bf183c7/presentations responded 200 in 74.8624 ms
2026-03-04 00:11:16.027 +06:00 [INF] HTTP OPTIONS /api/courses/ac80d30d-540f-4a38-aa5e-22420bf183c7/presentations responded 204 in 0.1090 ms
2026-03-04 00:11:16.128 +06:00 [INF] HTTP POST /api/courses/ac80d30d-540f-4a38-aa5e-22420bf183c7/presentations responded 200 in 95.2960 ms
2026-03-04 00:11:16.226 +06:00 [INF] HTTP GET /api/courses/ac80d30d-540f-4a38-aa5e-22420bf183c7/presentations responded 200 in 92.8056 ms
2026-03-04 00:11:18.659 +06:00 [INF] HTTP OPTIONS /api/Notifications responded 204 in 0.0727 ms
2026-03-04 00:11:18.693 +06:00 [INF] HTTP GET /api/Notifications responded 200 in 16.8079 ms
2026-03-04 00:21:00.345 +06:00 [INF] HTTP OPTIONS /api/Notifications responded 204 in 0.2929 ms
2026-03-04 00:21:00.367 +06:00 [INF] HTTP GET /api/Notifications responded 200 in 11.5807 ms
2026-03-04 00:23:21.678 +06:00 [INF] HTTP OPTIONS /api/Notifications responded 204 in 0.1067 ms
2026-03-04 00:23:21.678 +06:00 [INF] HTTP OPTIONS /api/Courses/ac80d30d-540f-4a38-aa5e-22420bf183c7 responded 204 in 0.0996 ms
2026-03-04 00:23:21.707 +06:00 [INF] HTTP GET /api/Notifications responded 200 in 7.7755 ms
2026-03-04 00:23:21.794 +06:00 [INF] HTTP GET /api/Courses/ac80d30d-540f-4a38-aa5e-22420bf183c7 responded 200 in 89.1108 ms
2026-03-04 00:23:21.947 +06:00 [INF] HTTP OPTIONS /api/courses/ac80d30d-540f-4a38-aa5e-22420bf183c7/presentations responded 204 in 0.0880 ms
2026-03-04 00:23:21.947 +06:00 [INF] HTTP OPTIONS /api/Attendance/courses/ac80d30d-540f-4a38-aa5e-22420bf183c7/sessions responded 204 in 0.0437 ms
2026-03-04 00:23:21.948 +06:00 [INF] HTTP OPTIONS /api/Courses/ac80d30d-540f-4a38-aa5e-22420bf183c7/members responded 204 in 0.0984 ms
2026-03-04 00:23:22.036 +06:00 [INF] HTTP GET /api/courses/ac80d30d-540f-4a38-aa5e-22420bf183c7/presentations responded 200 in 82.5869 ms
2026-03-04 00:23:22.051 +06:00 [INF] HTTP GET /api/Attendance/courses/ac80d30d-540f-4a38-aa5e-22420bf183c7/sessions responded 200 in 93.6436 ms
2026-03-04 00:23:22.063 +06:00 [INF] HTTP GET /api/Courses/ac80d30d-540f-4a38-aa5e-22420bf183c7/members responded 200 in 105.6350 ms
2026-03-04 00:24:22.762 +06:00 [INF] HTTP OPTIONS /api/Notifications responded 204 in 0.1617 ms
2026-03-04 00:24:22.764 +06:00 [INF] HTTP OPTIONS /api/Courses/ac80d30d-540f-4a38-aa5e-22420bf183c7 responded 204 in 0.0534 ms
2026-03-04 00:24:22.776 +06:00 [INF] HTTP GET /api/Notifications responded 200 in 6.5854 ms
2026-03-04 00:24:22.861 +06:00 [INF] HTTP GET /api/Courses/ac80d30d-540f-4a38-aa5e-22420bf183c7 responded 200 in 91.2478 ms
2026-03-04 00:24:23.166 +06:00 [INF] HTTP OPTIONS /api/courses/ac80d30d-540f-4a38-aa5e-22420bf183c7/presentations responded 204 in 0.0627 ms
2026-03-04 00:24:23.168 +06:00 [INF] HTTP OPTIONS /api/Attendance/courses/ac80d30d-540f-4a38-aa5e-22420bf183c7/sessions responded 204 in 0.1045 ms
2026-03-04 00:24:23.168 +06:00 [INF] HTTP OPTIONS /api/Courses/ac80d30d-540f-4a38-aa5e-22420bf183c7/members responded 204 in 0.0369 ms
2026-03-04 00:24:23.226 +06:00 [INF] HTTP GET /api/Attendance/courses/ac80d30d-540f-4a38-aa5e-22420bf183c7/sessions responded 200 in 51.2952 ms
2026-03-04 00:24:23.238 +06:00 [INF] HTTP GET /api/courses/ac80d30d-540f-4a38-aa5e-22420bf183c7/presentations responded 200 in 64.3373 ms
2026-03-04 00:24:23.260 +06:00 [INF] HTTP GET /api/Courses/ac80d30d-540f-4a38-aa5e-22420bf183c7/members responded 200 in 84.0407 ms
2026-03-04 00:24:26.649 +06:00 [INF] HTTP GET /api/Notifications responded 200 in 4.6977 ms
2026-03-04 00:24:26.702 +06:00 [INF] HTTP GET /api/Courses/ac80d30d-540f-4a38-aa5e-22420bf183c7 responded 200 in 58.0542 ms
2026-03-04 00:24:26.886 +06:00 [INF] HTTP GET /api/courses/ac80d30d-540f-4a38-aa5e-22420bf183c7/presentations responded 200 in 20.6155 ms
2026-03-04 00:24:26.899 +06:00 [INF] HTTP GET /api/Attendance/courses/ac80d30d-540f-4a38-aa5e-22420bf183c7/sessions responded 200 in 33.0418 ms
2026-03-04 00:24:26.909 +06:00 [INF] HTTP GET /api/Courses/ac80d30d-540f-4a38-aa5e-22420bf183c7/members responded 200 in 42.9110 ms
2026-03-04 00:24:28.447 +06:00 [INF] HTTP OPTIONS /api/presentations/f1f17f7c-554d-48d7-b51b-314151da6892/results responded 204 in 0.0411 ms
2026-03-04 00:24:28.540 +06:00 [INF] HTTP GET /api/presentations/f1f17f7c-554d-48d7-b51b-314151da6892/results responded 200 in 84.6157 ms
2026-03-04 00:24:55.859 +06:00 [INF] HTTP OPTIONS /api/Notifications responded 204 in 0.0680 ms
2026-03-04 00:24:55.859 +06:00 [INF] HTTP OPTIONS /api/Courses/ac80d30d-540f-4a38-aa5e-22420bf183c7 responded 204 in 0.0412 ms
2026-03-04 00:24:55.903 +06:00 [INF] HTTP GET /api/Notifications responded 200 in 37.5810 ms
2026-03-04 00:24:55.965 +06:00 [INF] HTTP GET /api/Courses/ac80d30d-540f-4a38-aa5e-22420bf183c7 responded 200 in 97.3531 ms
2026-03-04 00:24:56.098 +06:00 [INF] HTTP OPTIONS /api/courses/ac80d30d-540f-4a38-aa5e-22420bf183c7/presentations responded 204 in 0.0604 ms
2026-03-04 00:24:56.099 +06:00 [INF] HTTP OPTIONS /api/Attendance/courses/ac80d30d-540f-4a38-aa5e-22420bf183c7/sessions responded 204 in 0.0395 ms
2026-03-04 00:24:56.100 +06:00 [INF] HTTP OPTIONS /api/Courses/ac80d30d-540f-4a38-aa5e-22420bf183c7/members responded 204 in 0.0246 ms
2026-03-04 00:24:56.179 +06:00 [INF] HTTP GET /api/Attendance/courses/ac80d30d-540f-4a38-aa5e-22420bf183c7/sessions responded 200 in 68.9639 ms
2026-03-04 00:24:56.243 +06:00 [INF] HTTP GET /api/courses/ac80d30d-540f-4a38-aa5e-22420bf183c7/presentations responded 200 in 135.5564 ms
2026-03-04 00:24:56.256 +06:00 [INF] HTTP GET /api/Courses/ac80d30d-540f-4a38-aa5e-22420bf183c7/members responded 200 in 143.0981 ms
2026-03-04 00:25:37.419 +06:00 [INF] HTTP OPTIONS /api/presentations/f1f17f7c-554d-48d7-b51b-314151da6892/results responded 204 in 0.0486 ms
2026-03-04 00:25:37.480 +06:00 [INF] HTTP GET /api/presentations/f1f17f7c-554d-48d7-b51b-314151da6892/results responded 200 in 54.6194 ms
2026-03-04 00:27:45.992 +06:00 [INF] HTTP OPTIONS /api/courses/ac80d30d-540f-4a38-aa5e-22420bf183c7/grading-formula responded 204 in 0.3353 ms
2026-03-04 00:27:45.993 +06:00 [INF] HTTP OPTIONS /api/courses/ac80d30d-540f-4a38-aa5e-22420bf183c7/marks responded 204 in 0.0327 ms
2026-03-04 00:27:46.152 +06:00 [INF] HTTP GET /api/courses/ac80d30d-540f-4a38-aa5e-22420bf183c7/marks responded 200 in 151.0871 ms
2026-03-04 00:27:46.160 +06:00 [INF] HTTP GET /api/courses/ac80d30d-540f-4a38-aa5e-22420bf183c7/grading-formula responded 200 in 161.4231 ms
2026-03-04 00:27:55.947 +06:00 [INF] HTTP OPTIONS /api/Notifications responded 204 in 0.0712 ms
2026-03-04 00:27:55.961 +06:00 [INF] HTTP GET /api/Notifications responded 200 in 3.0413 ms
2026-03-04 00:28:55.987 +06:00 [INF] HTTP OPTIONS /api/Notifications responded 204 in 0.0552 ms
2026-03-04 00:28:56.000 +06:00 [INF] HTTP GET /api/Notifications responded 200 in 5.8334 ms
2026-03-04 00:29:56.030 +06:00 [INF] HTTP OPTIONS /api/Notifications responded 204 in 0.1072 ms
2026-03-04 00:29:56.043 +06:00 [INF] HTTP GET /api/Notifications responded 200 in 4.5465 ms
2026-03-04 00:30:56.691 +06:00 [INF] HTTP OPTIONS /api/Notifications responded 204 in 2.7959 ms
2026-03-04 00:30:56.708 +06:00 [INF] HTTP GET /api/Notifications responded 200 in 6.0173 ms
2026-03-04 00:31:54.630 +06:00 [INF] HTTP OPTIONS /api/Notifications responded 204 in 0.0702 ms
2026-03-04 00:31:54.631 +06:00 [INF] HTTP OPTIONS /api/Courses/ac80d30d-540f-4a38-aa5e-22420bf183c7 responded 204 in 0.0260 ms
2026-03-04 00:31:54.641 +06:00 [INF] HTTP GET /api/Notifications responded 200 in 4.7688 ms
2026-03-04 00:31:54.679 +06:00 [INF] HTTP GET /api/Courses/ac80d30d-540f-4a38-aa5e-22420bf183c7 responded 200 in 42.0682 ms
2026-03-04 00:31:54.963 +06:00 [INF] HTTP OPTIONS /api/courses/ac80d30d-540f-4a38-aa5e-22420bf183c7/presentations responded 204 in 0.0319 ms
2026-03-04 00:31:54.964 +06:00 [INF] HTTP OPTIONS /api/Attendance/courses/ac80d30d-540f-4a38-aa5e-22420bf183c7/sessions responded 204 in 0.0280 ms
2026-03-04 00:31:54.965 +06:00 [INF] HTTP OPTIONS /api/Courses/ac80d30d-540f-4a38-aa5e-22420bf183c7/members responded 204 in 0.0232 ms
2026-03-04 00:31:55.019 +06:00 [INF] HTTP GET /api/courses/ac80d30d-540f-4a38-aa5e-22420bf183c7/presentations responded 200 in 50.0914 ms
2026-03-04 00:31:55.035 +06:00 [INF] HTTP GET /api/Attendance/courses/ac80d30d-540f-4a38-aa5e-22420bf183c7/sessions responded 200 in 64.3519 ms
2026-03-04 00:31:55.069 +06:00 [INF] HTTP GET /api/Courses/ac80d30d-540f-4a38-aa5e-22420bf183c7/members responded 200 in 91.4175 ms
2026-03-04 00:31:59.987 +06:00 [INF] HTTP OPTIONS /api/Notifications responded 204 in 0.0466 ms
2026-03-04 00:31:59.987 +06:00 [INF] HTTP OPTIONS /api/Courses/ac80d30d-540f-4a38-aa5e-22420bf183c7 responded 204 in 0.0167 ms
2026-03-04 00:31:59.999 +06:00 [INF] HTTP GET /api/Notifications responded 200 in 4.7935 ms
2026-03-04 00:32:00.080 +06:00 [INF] HTTP GET /api/Courses/ac80d30d-540f-4a38-aa5e-22420bf183c7 responded 200 in 85.9438 ms
2026-03-04 00:32:00.167 +06:00 [INF] HTTP OPTIONS /api/Attendance/courses/ac80d30d-540f-4a38-aa5e-22420bf183c7/sessions responded 204 in 0.0646 ms
2026-03-04 00:32:00.166 +06:00 [INF] HTTP OPTIONS /api/courses/ac80d30d-540f-4a38-aa5e-22420bf183c7/presentations responded 204 in 0.0454 ms
2026-03-04 00:32:00.169 +06:00 [INF] HTTP OPTIONS /api/Courses/ac80d30d-540f-4a38-aa5e-22420bf183c7/members responded 204 in 0.0455 ms
2026-03-04 00:32:00.217 +06:00 [INF] HTTP GET /api/Attendance/courses/ac80d30d-540f-4a38-aa5e-22420bf183c7/sessions responded 200 in 38.9922 ms
2026-03-04 00:32:00.247 +06:00 [INF] HTTP GET /api/courses/ac80d30d-540f-4a38-aa5e-22420bf183c7/presentations responded 200 in 68.0756 ms
2026-03-04 00:32:00.258 +06:00 [INF] HTTP GET /api/Courses/ac80d30d-540f-4a38-aa5e-22420bf183c7/members responded 200 in 75.6816 ms
2026-03-04 00:32:01.219 +06:00 [INF] HTTP OPTIONS /api/presentations/f1f17f7c-554d-48d7-b51b-314151da6892/results responded 204 in 0.0578 ms
2026-03-04 00:32:01.271 +06:00 [INF] HTTP GET /api/presentations/f1f17f7c-554d-48d7-b51b-314151da6892/results responded 200 in 46.7189 ms
2026-03-04 00:32:17.094 +06:00 [INF] HTTP OPTIONS /api/presentations/f1f17f7c-554d-48d7-b51b-314151da6892/marks responded 204 in 0.2035 ms
2026-03-04 00:32:17.238 +06:00 [INF] HTTP POST /api/presentations/f1f17f7c-554d-48d7-b51b-314151da6892/marks responded 200 in 140.0800 ms
2026-03-04 00:32:17.247 +06:00 [INF] HTTP OPTIONS /api/presentations/f1f17f7c-554d-48d7-b51b-314151da6892/results responded 204 in 0.0384 ms
2026-03-04 00:32:17.247 +06:00 [INF] HTTP OPTIONS /api/courses/ac80d30d-540f-4a38-aa5e-22420bf183c7/presentations responded 204 in 0.0132 ms
2026-03-04 00:32:17.286 +06:00 [INF] HTTP GET /api/courses/ac80d30d-540f-4a38-aa5e-22420bf183c7/presentations responded 200 in 29.5245 ms
2026-03-04 00:32:17.338 +06:00 [INF] HTTP GET /api/presentations/f1f17f7c-554d-48d7-b51b-314151da6892/results responded 200 in 84.0494 ms
2026-03-04 00:32:29.528 +06:00 [INF] HTTP OPTIONS /api/ct/courses/ac80d30d-540f-4a38-aa5e-22420bf183c7/events responded 204 in 0.0412 ms
2026-03-04 00:32:29.813 +06:00 [INF] HTTP GET /api/ct/courses/ac80d30d-540f-4a38-aa5e-22420bf183c7/events responded 200 in 261.7601 ms
2026-03-04 00:32:30.048 +06:00 [INF] HTTP OPTIONS /api/Notifications responded 204 in 0.0253 ms
2026-03-04 00:32:30.059 +06:00 [INF] HTTP GET /api/Notifications responded 200 in 5.6800 ms
2026-03-04 00:32:30.830 +06:00 [INF] HTTP OPTIONS /api/ct/events/c96d3e9e-bb43-4a0e-ab67-be6274ed9a4a/marks responded 204 in 0.0414 ms
2026-03-04 00:32:31.026 +06:00 [INF] HTTP GET /api/ct/events/c96d3e9e-bb43-4a0e-ab67-be6274ed9a4a/marks responded 200 in 189.1490 ms
2026-03-04 00:32:33.660 +06:00 [INF] HTTP OPTIONS /api/Courses/ac80d30d-540f-4a38-aa5e-22420bf183c7/members responded 204 in 0.0332 ms
2026-03-04 00:32:33.660 +06:00 [INF] HTTP OPTIONS /api/Courses/ac80d30d-540f-4a38-aa5e-22420bf183c7/join-requests responded 204 in 0.0106 ms
2026-03-04 00:32:33.736 +06:00 [INF] HTTP GET /api/Courses/ac80d30d-540f-4a38-aa5e-22420bf183c7/members responded 200 in 70.1176 ms
2026-03-04 00:32:33.773 +06:00 [INF] HTTP GET /api/Courses/ac80d30d-540f-4a38-aa5e-22420bf183c7/join-requests responded 200 in 103.2342 ms
2026-03-04 00:32:34.546 +06:00 [INF] HTTP OPTIONS /api/courses/ac80d30d-540f-4a38-aa5e-22420bf183c7/grading-formula responded 204 in 0.0284 ms
2026-03-04 00:32:34.548 +06:00 [INF] HTTP OPTIONS /api/courses/ac80d30d-540f-4a38-aa5e-22420bf183c7/marks responded 204 in 0.0364 ms
2026-03-04 00:32:34.560 +06:00 [INF] HTTP GET /api/courses/ac80d30d-540f-4a38-aa5e-22420bf183c7/grading-formula responded 200 in 8.4388 ms
2026-03-04 00:32:34.616 +06:00 [INF] HTTP GET /api/courses/ac80d30d-540f-4a38-aa5e-22420bf183c7/marks responded 200 in 59.4684 ms
2026-03-04 00:32:43.915 +06:00 [INF] HTTP OPTIONS /api/courses/ac80d30d-540f-4a38-aa5e-22420bf183c7/grading-formula responded 204 in 0.0441 ms
2026-03-04 00:32:44.105 +06:00 [INF] HTTP POST /api/courses/ac80d30d-540f-4a38-aa5e-22420bf183c7/grading-formula responded 200 in 184.3514 ms
2026-03-04 00:32:44.119 +06:00 [INF] HTTP GET /api/courses/ac80d30d-540f-4a38-aa5e-22420bf183c7/grading-formula responded 200 in 6.1618 ms
2026-03-04 00:32:53.110 +06:00 [INF] HTTP OPTIONS /api/courses/ac80d30d-540f-4a38-aa5e-22420bf183c7/grading-formula/calculate responded 204 in 0.0500 ms
2026-03-04 00:32:53.477 +06:00 [INF] HTTP POST /api/courses/ac80d30d-540f-4a38-aa5e-22420bf183c7/grading-formula/calculate responded 200 in 361.5311 ms
2026-03-04 00:32:53.484 +06:00 [INF] HTTP OPTIONS /api/courses/ac80d30d-540f-4a38-aa5e-22420bf183c7/marks responded 204 in 0.0358 ms
2026-03-04 00:32:53.505 +06:00 [INF] HTTP GET /api/courses/ac80d30d-540f-4a38-aa5e-22420bf183c7/marks responded 200 in 15.6664 ms
2026-03-04 00:33:00.080 +06:00 [INF] HTTP OPTIONS /api/Notifications responded 204 in 0.0352 ms
2026-03-04 00:33:00.093 +06:00 [INF] HTTP GET /api/Notifications responded 200 in 5.2213 ms
2026-03-04 00:33:08.526 +06:00 [INF] HTTP OPTIONS /api/courses/ac80d30d-540f-4a38-aa5e-22420bf183c7/grading-formula responded 204 in 0.1841 ms
2026-03-04 00:33:08.599 +06:00 [INF] HTTP POST /api/courses/ac80d30d-540f-4a38-aa5e-22420bf183c7/grading-formula responded 200 in 67.1620 ms
2026-03-04 00:33:08.611 +06:00 [INF] HTTP GET /api/courses/ac80d30d-540f-4a38-aa5e-22420bf183c7/grading-formula responded 200 in 4.6608 ms
2026-03-04 00:33:10.901 +06:00 [INF] HTTP OPTIONS /api/courses/ac80d30d-540f-4a38-aa5e-22420bf183c7/grading-formula/calculate responded 204 in 0.0235 ms
2026-03-04 00:33:10.976 +06:00 [INF] HTTP POST /api/courses/ac80d30d-540f-4a38-aa5e-22420bf183c7/grading-formula/calculate responded 200 in 69.9483 ms
2026-03-04 00:33:10.982 +06:00 [INF] HTTP OPTIONS /api/courses/ac80d30d-540f-4a38-aa5e-22420bf183c7/marks responded 204 in 0.0245 ms
2026-03-04 00:33:11.007 +06:00 [INF] HTTP GET /api/courses/ac80d30d-540f-4a38-aa5e-22420bf183c7/marks responded 200 in 20.1693 ms
2026-03-04 00:33:21.209 +06:00 [INF] HTTP OPTIONS /api/courses/ac80d30d-540f-4a38-aa5e-22420bf183c7/grading-formula responded 204 in 0.0389 ms
2026-03-04 00:33:21.279 +06:00 [INF] HTTP POST /api/courses/ac80d30d-540f-4a38-aa5e-22420bf183c7/grading-formula responded 200 in 63.2713 ms
2026-03-04 00:33:21.292 +06:00 [INF] HTTP GET /api/courses/ac80d30d-540f-4a38-aa5e-22420bf183c7/grading-formula responded 200 in 5.0323 ms
2026-03-04 00:33:22.944 +06:00 [INF] HTTP OPTIONS /api/courses/ac80d30d-540f-4a38-aa5e-22420bf183c7/grading-formula/calculate responded 204 in 0.0210 ms
2026-03-04 00:33:23.027 +06:00 [INF] HTTP POST /api/courses/ac80d30d-540f-4a38-aa5e-22420bf183c7/grading-formula/calculate responded 200 in 77.5678 ms
2026-03-04 00:33:23.034 +06:00 [INF] HTTP OPTIONS /api/courses/ac80d30d-540f-4a38-aa5e-22420bf183c7/marks responded 204 in 0.0868 ms
2026-03-04 00:33:23.084 +06:00 [INF] HTTP GET /api/courses/ac80d30d-540f-4a38-aa5e-22420bf183c7/marks responded 200 in 45.1487 ms
2026-03-04 00:33:30.110 +06:00 [INF] HTTP OPTIONS /api/Notifications responded 204 in 0.0504 ms
2026-03-04 00:33:30.121 +06:00 [INF] HTTP GET /api/Notifications responded 200 in 3.4562 ms
2026-03-04 00:33:33.065 +06:00 [INF] HTTP OPTIONS /api/Courses/ac80d30d-540f-4a38-aa5e-22420bf183c7 responded 204 in 0.0408 ms
2026-03-04 00:33:33.069 +06:00 [INF] HTTP GET /api/Notifications responded 200 in 3.0581 ms
2026-03-04 00:33:33.148 +06:00 [INF] HTTP GET /api/Courses/ac80d30d-540f-4a38-aa5e-22420bf183c7 responded 200 in 75.9621 ms
2026-03-04 00:33:33.241 +06:00 [INF] HTTP OPTIONS /api/courses/ac80d30d-540f-4a38-aa5e-22420bf183c7/grading-formula responded 204 in 0.0277 ms
2026-03-04 00:33:33.241 +06:00 [INF] HTTP OPTIONS /api/courses/ac80d30d-540f-4a38-aa5e-22420bf183c7/marks responded 204 in 0.0355 ms
2026-03-04 00:33:33.248 +06:00 [INF] HTTP GET /api/courses/ac80d30d-540f-4a38-aa5e-22420bf183c7/grading-formula responded 200 in 3.7263 ms
2026-03-04 00:33:33.302 +06:00 [INF] HTTP GET /api/courses/ac80d30d-540f-4a38-aa5e-22420bf183c7/marks responded 200 in 55.0983 ms
2026-03-04 00:33:38.730 +06:00 [INF] HTTP OPTIONS /api/courses/ac80d30d-540f-4a38-aa5e-22420bf183c7/grading-formula responded 204 in 0.0377 ms
2026-03-04 00:33:38.791 +06:00 [INF] HTTP POST /api/courses/ac80d30d-540f-4a38-aa5e-22420bf183c7/grading-formula responded 200 in 55.8744 ms
2026-03-04 00:33:38.802 +06:00 [INF] HTTP GET /api/courses/ac80d30d-540f-4a38-aa5e-22420bf183c7/grading-formula responded 200 in 3.5588 ms
2026-03-04 00:33:40.209 +06:00 [INF] HTTP OPTIONS /api/courses/ac80d30d-540f-4a38-aa5e-22420bf183c7/grading-formula/calculate responded 204 in 0.0223 ms
2026-03-04 00:33:40.285 +06:00 [INF] HTTP POST /api/courses/ac80d30d-540f-4a38-aa5e-22420bf183c7/grading-formula/calculate responded 200 in 69.8048 ms
2026-03-04 00:33:40.293 +06:00 [INF] HTTP OPTIONS /api/courses/ac80d30d-540f-4a38-aa5e-22420bf183c7/marks responded 204 in 0.0350 ms
2026-03-04 00:33:40.322 +06:00 [INF] HTTP GET /api/courses/ac80d30d-540f-4a38-aa5e-22420bf183c7/marks responded 200 in 21.0463 ms
2026-03-04 00:33:56.235 +06:00 [INF] HTTP OPTIONS /api/courses/ac80d30d-540f-4a38-aa5e-22420bf183c7/grading-formula responded 204 in 0.0602 ms
2026-03-04 00:33:56.286 +06:00 [INF] HTTP POST /api/courses/ac80d30d-540f-4a38-aa5e-22420bf183c7/grading-formula responded 200 in 45.5037 ms
2026-03-04 00:33:56.301 +06:00 [INF] HTTP GET /api/courses/ac80d30d-540f-4a38-aa5e-22420bf183c7/grading-formula responded 200 in 4.3159 ms
2026-03-04 00:34:00.488 +06:00 [INF] HTTP OPTIONS /api/courses/ac80d30d-540f-4a38-aa5e-22420bf183c7/grading-formula/calculate responded 204 in 0.0205 ms
2026-03-04 00:34:00.626 +06:00 [INF] HTTP POST /api/courses/ac80d30d-540f-4a38-aa5e-22420bf183c7/grading-formula/calculate responded 200 in 133.2918 ms
2026-03-04 00:34:00.635 +06:00 [INF] HTTP OPTIONS /api/courses/ac80d30d-540f-4a38-aa5e-22420bf183c7/marks responded 204 in 0.0189 ms
2026-03-04 00:34:00.658 +06:00 [INF] HTTP GET /api/courses/ac80d30d-540f-4a38-aa5e-22420bf183c7/marks responded 200 in 18.6802 ms
2026-03-04 00:34:03.116 +06:00 [INF] HTTP OPTIONS /api/Notifications responded 204 in 0.0281 ms
2026-03-04 00:34:03.128 +06:00 [INF] HTTP GET /api/Notifications responded 200 in 3.2960 ms
2026-03-04 00:35:15.866 +06:00 [INF] HTTP OPTIONS /api/courses/ac80d30d-540f-4a38-aa5e-22420bf183c7/grading-formula responded 204 in 0.0311 ms
2026-03-04 00:35:15.944 +06:00 [INF] HTTP POST /api/courses/ac80d30d-540f-4a38-aa5e-22420bf183c7/grading-formula responded 200 in 72.6523 ms
2026-03-04 00:35:15.957 +06:00 [INF] HTTP GET /api/courses/ac80d30d-540f-4a38-aa5e-22420bf183c7/grading-formula responded 200 in 3.4091 ms
2026-03-04 00:35:17.816 +06:00 [INF] HTTP OPTIONS /api/courses/ac80d30d-540f-4a38-aa5e-22420bf183c7/grading-formula/calculate responded 204 in 0.0219 ms
2026-03-04 00:35:17.886 +06:00 [INF] HTTP POST /api/courses/ac80d30d-540f-4a38-aa5e-22420bf183c7/grading-formula/calculate responded 200 in 64.4775 ms
2026-03-04 00:35:17.892 +06:00 [INF] HTTP OPTIONS /api/courses/ac80d30d-540f-4a38-aa5e-22420bf183c7/marks responded 204 in 0.0200 ms
2026-03-04 00:35:17.916 +06:00 [INF] HTTP GET /api/courses/ac80d30d-540f-4a38-aa5e-22420bf183c7/marks responded 200 in 18.9078 ms
2026-03-04 00:35:18.779 +06:00 [INF] HTTP POST /api/courses/ac80d30d-540f-4a38-aa5e-22420bf183c7/grading-formula/calculate responded 200 in 67.4648 ms
2026-03-04 00:35:18.807 +06:00 [INF] HTTP GET /api/courses/ac80d30d-540f-4a38-aa5e-22420bf183c7/marks responded 200 in 21.2800 ms
2026-03-04 00:35:18.974 +06:00 [INF] HTTP POST /api/courses/ac80d30d-540f-4a38-aa5e-22420bf183c7/grading-formula/calculate responded 200 in 30.4454 ms
2026-03-04 00:35:19.012 +06:00 [INF] HTTP GET /api/courses/ac80d30d-540f-4a38-aa5e-22420bf183c7/marks responded 200 in 24.7222 ms
2026-03-04 00:36:44.781 +06:00 [INF] HTTP OPTIONS /api/courses/ac80d30d-540f-4a38-aa5e-22420bf183c7/grading-formula responded 204 in 0.0453 ms
2026-03-04 00:36:44.836 +06:00 [INF] HTTP POST /api/courses/ac80d30d-540f-4a38-aa5e-22420bf183c7/grading-formula responded 200 in 50.5124 ms
2026-03-04 00:36:44.850 +06:00 [INF] HTTP GET /api/courses/ac80d30d-540f-4a38-aa5e-22420bf183c7/grading-formula responded 200 in 2.5778 ms
2026-03-04 00:36:46.043 +06:00 [INF] HTTP OPTIONS /api/courses/ac80d30d-540f-4a38-aa5e-22420bf183c7/grading-formula/calculate responded 204 in 0.0367 ms
2026-03-04 00:36:46.107 +06:00 [INF] HTTP POST /api/courses/ac80d30d-540f-4a38-aa5e-22420bf183c7/grading-formula/calculate responded 200 in 59.2957 ms
2026-03-04 00:36:46.113 +06:00 [INF] HTTP OPTIONS /api/courses/ac80d30d-540f-4a38-aa5e-22420bf183c7/marks responded 204 in 0.0348 ms
2026-03-04 00:36:46.139 +06:00 [INF] HTTP GET /api/courses/ac80d30d-540f-4a38-aa5e-22420bf183c7/marks responded 200 in 20.9954 ms
2026-03-04 00:36:51.386 +06:00 [INF] HTTP OPTIONS /api/courses/ac80d30d-540f-4a38-aa5e-22420bf183c7/grading-formula responded 204 in 0.0311 ms
2026-03-04 00:36:51.440 +06:00 [INF] HTTP POST /api/courses/ac80d30d-540f-4a38-aa5e-22420bf183c7/grading-formula responded 200 in 49.0587 ms
2026-03-04 00:36:51.454 +06:00 [INF] HTTP GET /api/courses/ac80d30d-540f-4a38-aa5e-22420bf183c7/grading-formula responded 200 in 5.0941 ms
2026-03-04 00:36:52.609 +06:00 [INF] HTTP OPTIONS /api/courses/ac80d30d-540f-4a38-aa5e-22420bf183c7/grading-formula/calculate responded 204 in 0.0212 ms
2026-03-04 00:36:52.671 +06:00 [INF] HTTP POST /api/courses/ac80d30d-540f-4a38-aa5e-22420bf183c7/grading-formula/calculate responded 200 in 56.7778 ms
2026-03-04 00:36:52.677 +06:00 [INF] HTTP OPTIONS /api/courses/ac80d30d-540f-4a38-aa5e-22420bf183c7/marks responded 204 in 0.0331 ms
2026-03-04 00:36:52.699 +06:00 [INF] HTTP GET /api/courses/ac80d30d-540f-4a38-aa5e-22420bf183c7/marks responded 200 in 16.5241 ms
2026-03-04 00:36:53.615 +06:00 [INF] HTTP POST /api/courses/ac80d30d-540f-4a38-aa5e-22420bf183c7/grading-formula/calculate responded 200 in 55.6084 ms
2026-03-04 00:36:53.643 +06:00 [INF] HTTP GET /api/courses/ac80d30d-540f-4a38-aa5e-22420bf183c7/marks responded 200 in 20.5427 ms
2026-03-04 00:36:53.771 +06:00 [INF] HTTP POST /api/courses/ac80d30d-540f-4a38-aa5e-22420bf183c7/grading-formula/calculate responded 200 in 27.8256 ms
2026-03-04 00:36:53.802 +06:00 [INF] HTTP GET /api/courses/ac80d30d-540f-4a38-aa5e-22420bf183c7/marks responded 200 in 23.9389 ms
2026-03-04 00:36:58.638 +06:00 [INF] HTTP OPTIONS /api/courses/ac80d30d-540f-4a38-aa5e-22420bf183c7/grading-formula responded 204 in 0.0276 ms
2026-03-04 00:36:58.691 +06:00 [INF] HTTP POST /api/courses/ac80d30d-540f-4a38-aa5e-22420bf183c7/grading-formula responded 200 in 46.9696 ms
2026-03-04 00:36:58.703 +06:00 [INF] HTTP GET /api/courses/ac80d30d-540f-4a38-aa5e-22420bf183c7/grading-formula responded 200 in 3.1173 ms
2026-03-04 00:36:59.389 +06:00 [INF] HTTP OPTIONS /api/courses/ac80d30d-540f-4a38-aa5e-22420bf183c7/grading-formula/calculate responded 204 in 0.0399 ms
2026-03-04 00:36:59.441 +06:00 [INF] HTTP POST /api/courses/ac80d30d-540f-4a38-aa5e-22420bf183c7/grading-formula/calculate responded 200 in 46.0506 ms
2026-03-04 00:36:59.450 +06:00 [INF] HTTP OPTIONS /api/courses/ac80d30d-540f-4a38-aa5e-22420bf183c7/marks responded 204 in 0.0315 ms
2026-03-04 00:36:59.473 +06:00 [INF] HTTP GET /api/courses/ac80d30d-540f-4a38-aa5e-22420bf183c7/marks responded 200 in 18.4809 ms
2026-03-04 00:37:09.825 +06:00 [INF] HTTP OPTIONS /api/courses/ac80d30d-540f-4a38-aa5e-22420bf183c7/grading-formula/calculate responded 204 in 0.0286 ms
2026-03-04 00:37:09.885 +06:00 [INF] HTTP POST /api/courses/ac80d30d-540f-4a38-aa5e-22420bf183c7/grading-formula/calculate responded 200 in 54.3213 ms
2026-03-04 00:37:09.892 +06:00 [INF] HTTP OPTIONS /api/courses/ac80d30d-540f-4a38-aa5e-22420bf183c7/marks responded 204 in 0.0301 ms
2026-03-04 00:37:09.920 +06:00 [INF] HTTP GET /api/courses/ac80d30d-540f-4a38-aa5e-22420bf183c7/marks responded 200 in 21.3866 ms
2026-03-04 00:37:10.405 +06:00 [INF] HTTP POST /api/courses/ac80d30d-540f-4a38-aa5e-22420bf183c7/grading-formula/calculate responded 200 in 44.9369 ms
2026-03-04 00:37:10.430 +06:00 [INF] HTTP GET /api/courses/ac80d30d-540f-4a38-aa5e-22420bf183c7/marks responded 200 in 17.5016 ms
2026-03-04 00:37:17.453 +06:00 [INF] HTTP OPTIONS /api/courses/ac80d30d-540f-4a38-aa5e-22420bf183c7/grading-formula responded 204 in 0.1675 ms
2026-03-04 00:37:17.512 +06:00 [INF] HTTP POST /api/courses/ac80d30d-540f-4a38-aa5e-22420bf183c7/grading-formula responded 200 in 51.4202 ms
2026-03-04 00:37:17.522 +06:00 [INF] HTTP GET /api/courses/ac80d30d-540f-4a38-aa5e-22420bf183c7/grading-formula responded 200 in 3.1680 ms
2026-03-04 00:37:22.308 +06:00 [INF] HTTP OPTIONS /api/courses/ac80d30d-540f-4a38-aa5e-22420bf183c7/grading-formula/calculate responded 204 in 0.0486 ms
2026-03-04 00:37:22.378 +06:00 [INF] HTTP POST /api/courses/ac80d30d-540f-4a38-aa5e-22420bf183c7/grading-formula/calculate responded 200 in 64.8814 ms
2026-03-04 00:37:22.385 +06:00 [INF] HTTP OPTIONS /api/courses/ac80d30d-540f-4a38-aa5e-22420bf183c7/marks responded 204 in 0.0257 ms
2026-03-04 00:37:22.429 +06:00 [INF] HTTP GET /api/courses/ac80d30d-540f-4a38-aa5e-22420bf183c7/marks responded 200 in 38.2202 ms
2026-03-04 00:37:33.148 +06:00 [INF] HTTP OPTIONS /api/Notifications responded 204 in 0.0285 ms
2026-03-04 00:37:33.157 +06:00 [INF] HTTP GET /api/Notifications responded 200 in 3.0967 ms
2026-03-04 00:38:59.625 +06:00 [INF] HTTP OPTIONS /api/Notifications responded 204 in 6.6909 ms
2026-03-04 00:38:59.625 +06:00 [INF] HTTP OPTIONS /api/Courses/ac80d30d-540f-4a38-aa5e-22420bf183c7 responded 204 in 5.5321 ms
2026-03-04 00:39:02.143 +06:00 [INF] HTTP GET /api/Notifications responded 200 in 2401.1217 ms
2026-03-04 00:39:02.446 +06:00 [INF] HTTP GET /api/Courses/ac80d30d-540f-4a38-aa5e-22420bf183c7 responded 200 in 2704.1852 ms
2026-03-04 00:39:02.478 +06:00 [INF] HTTP OPTIONS /api/courses/ac80d30d-540f-4a38-aa5e-22420bf183c7/marks responded 204 in 0.0873 ms
2026-03-04 00:39:02.478 +06:00 [INF] HTTP OPTIONS /api/courses/ac80d30d-540f-4a38-aa5e-22420bf183c7/grading-formula responded 204 in 0.0810 ms
2026-03-04 00:39:02.751 +06:00 [INF] HTTP GET /api/courses/ac80d30d-540f-4a38-aa5e-22420bf183c7/grading-formula responded 200 in 260.1627 ms
2026-03-04 00:39:02.766 +06:00 [INF] HTTP GET /api/courses/ac80d30d-540f-4a38-aa5e-22420bf183c7/marks responded 200 in 278.8606 ms
2026-03-04 00:39:10.579 +06:00 [INF] HTTP OPTIONS /api/courses/ac80d30d-540f-4a38-aa5e-22420bf183c7/grading-formula responded 204 in 0.2478 ms
2026-03-04 00:39:11.003 +06:00 [INF] HTTP POST /api/courses/ac80d30d-540f-4a38-aa5e-22420bf183c7/grading-formula responded 200 in 418.0907 ms
2026-03-04 00:39:11.023 +06:00 [INF] HTTP GET /api/courses/ac80d30d-540f-4a38-aa5e-22420bf183c7/grading-formula responded 200 in 11.4274 ms
2026-03-04 00:39:12.014 +06:00 [INF] HTTP OPTIONS /api/courses/ac80d30d-540f-4a38-aa5e-22420bf183c7/grading-formula/calculate responded 204 in 0.0794 ms
2026-03-04 00:39:12.388 +06:00 [INF] HTTP POST /api/courses/ac80d30d-540f-4a38-aa5e-22420bf183c7/grading-formula/calculate responded 200 in 367.2144 ms
2026-03-04 00:39:12.396 +06:00 [INF] HTTP OPTIONS /api/courses/ac80d30d-540f-4a38-aa5e-22420bf183c7/marks responded 204 in 0.0629 ms
2026-03-04 00:39:12.450 +06:00 [INF] HTTP GET /api/courses/ac80d30d-540f-4a38-aa5e-22420bf183c7/marks responded 200 in 47.0039 ms
2026-03-04 00:39:18.645 +06:00 [INF] HTTP OPTIONS /api/courses/ac80d30d-540f-4a38-aa5e-22420bf183c7/grading-formula responded 204 in 0.2206 ms
2026-03-04 00:39:18.703 +06:00 [INF] HTTP POST /api/courses/ac80d30d-540f-4a38-aa5e-22420bf183c7/grading-formula responded 200 in 53.3564 ms
2026-03-04 00:39:18.723 +06:00 [INF] HTTP GET /api/courses/ac80d30d-540f-4a38-aa5e-22420bf183c7/grading-formula responded 200 in 10.0075 ms
2026-03-04 00:39:19.859 +06:00 [INF] HTTP OPTIONS /api/courses/ac80d30d-540f-4a38-aa5e-22420bf183c7/grading-formula/calculate responded 204 in 0.0996 ms
2026-03-04 00:39:19.938 +06:00 [INF] HTTP POST /api/courses/ac80d30d-540f-4a38-aa5e-22420bf183c7/grading-formula/calculate responded 200 in 72.3070 ms
2026-03-04 00:39:19.945 +06:00 [INF] HTTP OPTIONS /api/courses/ac80d30d-540f-4a38-aa5e-22420bf183c7/marks responded 204 in 0.0881 ms
2026-03-04 00:39:19.977 +06:00 [INF] HTTP GET /api/courses/ac80d30d-540f-4a38-aa5e-22420bf183c7/marks responded 200 in 26.0108 ms
2026-03-04 00:39:43.013 +06:00 [INF] HTTP OPTIONS /api/courses/ac80d30d-540f-4a38-aa5e-22420bf183c7/grading-formula/publish responded 204 in 0.0774 ms
2026-03-04 00:39:43.094 +06:00 [INF] HTTP POST /api/courses/ac80d30d-540f-4a38-aa5e-22420bf183c7/grading-formula/publish responded 200 in 74.6657 ms
2026-03-04 00:39:43.104 +06:00 [INF] HTTP OPTIONS /api/courses/ac80d30d-540f-4a38-aa5e-22420bf183c7/grading-formula responded 204 in 0.0817 ms
2026-03-04 00:39:43.104 +06:00 [INF] HTTP OPTIONS /api/courses/ac80d30d-540f-4a38-aa5e-22420bf183c7/marks responded 204 in 0.0237 ms
2026-03-04 00:39:43.113 +06:00 [INF] HTTP GET /api/courses/ac80d30d-540f-4a38-aa5e-22420bf183c7/grading-formula responded 200 in 4.5009 ms
2026-03-04 00:39:43.132 +06:00 [INF] HTTP GET /api/courses/ac80d30d-540f-4a38-aa5e-22420bf183c7/marks responded 200 in 20.9468 ms
2026-03-04 00:40:13.614 +06:00 [INF] HTTP OPTIONS /api/Courses/ac80d30d-540f-4a38-aa5e-22420bf183c7/join-requests responded 204 in 0.1715 ms
2026-03-04 00:40:13.614 +06:00 [INF] HTTP OPTIONS /api/Courses/ac80d30d-540f-4a38-aa5e-22420bf183c7/members responded 204 in 0.1792 ms
2026-03-04 00:40:13.827 +06:00 [INF] HTTP GET /api/Courses/ac80d30d-540f-4a38-aa5e-22420bf183c7/join-requests responded 200 in 205.0403 ms
2026-03-04 00:40:13.854 +06:00 [INF] HTTP GET /api/Courses/ac80d30d-540f-4a38-aa5e-22420bf183c7/members responded 200 in 231.4717 ms
2026-03-04 00:40:26.247 +06:00 [INF] HTTP OPTIONS /api/courses/ac80d30d-540f-4a38-aa5e-22420bf183c7/grading-formula responded 204 in 0.1837 ms
2026-03-04 00:40:26.311 +06:00 [INF] HTTP POST /api/courses/ac80d30d-540f-4a38-aa5e-22420bf183c7/grading-formula responded 200 in 59.4759 ms
2026-03-04 00:40:26.323 +06:00 [INF] HTTP GET /api/courses/ac80d30d-540f-4a38-aa5e-22420bf183c7/grading-formula responded 200 in 3.6957 ms
2026-03-04 00:40:27.175 +06:00 [INF] HTTP OPTIONS /api/courses/ac80d30d-540f-4a38-aa5e-22420bf183c7/grading-formula/calculate responded 204 in 0.1074 ms
2026-03-04 00:40:27.246 +06:00 [INF] HTTP POST /api/courses/ac80d30d-540f-4a38-aa5e-22420bf183c7/grading-formula/calculate responded 200 in 64.5387 ms
2026-03-04 00:40:27.253 +06:00 [INF] HTTP OPTIONS /api/courses/ac80d30d-540f-4a38-aa5e-22420bf183c7/marks responded 204 in 0.0785 ms
2026-03-04 00:40:27.281 +06:00 [INF] HTTP GET /api/courses/ac80d30d-540f-4a38-aa5e-22420bf183c7/marks responded 200 in 19.5570 ms
2026-03-04 00:40:31.238 +06:00 [INF] HTTP OPTIONS /api/courses/ac80d30d-540f-4a38-aa5e-22420bf183c7/grading-formula/publish responded 204 in 0.0716 ms
2026-03-04 00:40:31.290 +06:00 [INF] HTTP POST /api/courses/ac80d30d-540f-4a38-aa5e-22420bf183c7/grading-formula/publish responded 200 in 45.9699 ms
2026-03-04 00:40:31.301 +06:00 [INF] HTTP OPTIONS /api/courses/ac80d30d-540f-4a38-aa5e-22420bf183c7/grading-formula responded 204 in 0.0725 ms
2026-03-04 00:40:31.316 +06:00 [INF] HTTP GET /api/courses/ac80d30d-540f-4a38-aa5e-22420bf183c7/grading-formula responded 200 in 7.8183 ms
2026-03-04 00:40:31.324 +06:00 [INF] HTTP GET /api/courses/ac80d30d-540f-4a38-aa5e-22420bf183c7/marks responded 200 in 21.7903 ms
2026-03-04 00:40:32.159 +06:00 [INF] HTTP OPTIONS /api/Notifications responded 204 in 0.0438 ms
2026-03-04 00:40:32.172 +06:00 [INF] HTTP GET /api/Notifications responded 200 in 7.9771 ms
2026-03-04 00:40:39.306 +06:00 [INF] HTTP OPTIONS /api/courses/ac80d30d-540f-4a38-aa5e-22420bf183c7/grading-formula responded 204 in 0.0566 ms
2026-03-04 00:40:39.369 +06:00 [INF] HTTP POST /api/courses/ac80d30d-540f-4a38-aa5e-22420bf183c7/grading-formula responded 200 in 57.7375 ms
2026-03-04 00:40:39.380 +06:00 [INF] HTTP GET /api/courses/ac80d30d-540f-4a38-aa5e-22420bf183c7/grading-formula responded 200 in 3.5430 ms
2026-03-04 00:40:42.297 +06:00 [INF] HTTP OPTIONS /api/courses/ac80d30d-540f-4a38-aa5e-22420bf183c7/grading-formula/calculate responded 204 in 0.0463 ms
2026-03-04 00:40:42.351 +06:00 [INF] HTTP POST /api/courses/ac80d30d-540f-4a38-aa5e-22420bf183c7/grading-formula/calculate responded 200 in 49.1406 ms
2026-03-04 00:40:42.358 +06:00 [INF] HTTP OPTIONS /api/courses/ac80d30d-540f-4a38-aa5e-22420bf183c7/marks responded 204 in 0.0479 ms
2026-03-04 00:40:42.392 +06:00 [INF] HTTP GET /api/courses/ac80d30d-540f-4a38-aa5e-22420bf183c7/marks responded 200 in 25.9289 ms
2026-03-04 00:40:46.834 +06:00 [INF] HTTP OPTIONS /api/courses/ac80d30d-540f-4a38-aa5e-22420bf183c7/grading-formula/publish responded 204 in 0.0569 ms
2026-03-04 00:40:46.888 +06:00 [INF] HTTP POST /api/courses/ac80d30d-540f-4a38-aa5e-22420bf183c7/grading-formula/publish responded 200 in 49.0070 ms
2026-03-04 00:40:46.899 +06:00 [INF] HTTP OPTIONS /api/courses/ac80d30d-540f-4a38-aa5e-22420bf183c7/grading-formula responded 204 in 0.0601 ms
2026-03-04 00:40:46.909 +06:00 [INF] HTTP GET /api/courses/ac80d30d-540f-4a38-aa5e-22420bf183c7/grading-formula responded 200 in 5.4864 ms
2026-03-04 00:40:46.928 +06:00 [INF] HTTP GET /api/courses/ac80d30d-540f-4a38-aa5e-22420bf183c7/marks responded 200 in 28.9970 ms
2026-03-04 10:44:31.772 +06:00 [INF] HTTP OPTIONS /api/Courses responded 204 in 3.9490 ms
2026-03-04 10:44:31.772 +06:00 [INF] HTTP OPTIONS /api/Courses responded 204 in 4.0316 ms
2026-03-04 10:44:31.772 +06:00 [INF] HTTP OPTIONS /api/Notifications responded 204 in 4.0012 ms
2026-03-04 10:44:32.037 +06:00 [INF] HTTP GET /api/Courses responded 401 in 245.0252 ms
2026-03-04 10:44:32.037 +06:00 [INF] HTTP GET /api/Notifications responded 401 in 245.4547 ms
2026-03-04 10:44:32.037 +06:00 [INF] HTTP GET /api/Courses responded 401 in 245.0252 ms
2026-03-04 10:44:33.169 +06:00 [INF] HTTP GET /api/Courses responded 401 in 10.6147 ms
2026-03-04 10:44:33.169 +06:00 [INF] HTTP GET /api/Courses responded 401 in 8.0194 ms
2026-03-04 10:44:33.169 +06:00 [INF] HTTP GET /api/Notifications responded 401 in 11.0026 ms
2026-03-04 10:44:33.223 +06:00 [INF] HTTP OPTIONS /api/auth/refresh responded 204 in 0.0961 ms
2026-03-04 10:44:34.101 +06:00 [INF] HTTP POST /api/auth/refresh responded 200 in 839.6123 ms
2026-03-04 10:44:34.149 +06:00 [INF] HTTP GET /api/Notifications responded 200 in 12.2506 ms
2026-03-04 10:44:34.297 +06:00 [INF] HTTP GET /api/Courses responded 200 in 160.3240 ms
2026-03-04 10:44:34.297 +06:00 [INF] HTTP GET /api/Courses responded 200 in 160.5457 ms
2026-03-04 10:44:45.793 +06:00 [INF] HTTP OPTIONS /api/Courses/ac80d30d-540f-4a38-aa5e-22420bf183c7 responded 204 in 0.0984 ms
2026-03-04 10:44:45.848 +06:00 [INF] HTTP GET /api/Courses/ac80d30d-540f-4a38-aa5e-22420bf183c7 responded 200 in 43.1050 ms
2026-03-04 10:44:45.877 +06:00 [INF] HTTP OPTIONS /api/Announcements/courses/ac80d30d-540f-4a38-aa5e-22420bf183c7/announcements responded 204 in 0.0266 ms
2026-03-04 10:44:46.013 +06:00 [INF] HTTP GET /api/Announcements/courses/ac80d30d-540f-4a38-aa5e-22420bf183c7/announcements responded 200 in 131.8377 ms
2026-03-04 10:44:47.955 +06:00 [INF] HTTP OPTIONS /api/Notifications responded 204 in 0.0421 ms
2026-03-04 10:44:47.964 +06:00 [INF] HTTP GET /api/Notifications responded 200 in 3.8262 ms
2026-03-04 10:44:48.042 +06:00 [INF] HTTP GET /api/Courses/ac80d30d-540f-4a38-aa5e-22420bf183c7 responded 200 in 85.7097 ms
2026-03-04 10:44:48.144 +06:00 [INF] HTTP GET /api/Announcements/courses/ac80d30d-540f-4a38-aa5e-22420bf183c7/announcements responded 200 in 8.4471 ms
2026-03-04 10:44:50.578 +06:00 [INF] HTTP OPTIONS /api/courses/ac80d30d-540f-4a38-aa5e-22420bf183c7/presentations responded 204 in 0.0655 ms
2026-03-04 10:44:50.578 +06:00 [INF] HTTP OPTIONS /api/Attendance/courses/ac80d30d-540f-4a38-aa5e-22420bf183c7/sessions responded 204 in 0.0321 ms
2026-03-04 10:44:50.579 +06:00 [INF] HTTP OPTIONS /api/Courses/ac80d30d-540f-4a38-aa5e-22420bf183c7/members responded 204 in 0.0301 ms
2026-03-04 10:44:50.727 +06:00 [INF] HTTP GET /api/Courses/ac80d30d-540f-4a38-aa5e-22420bf183c7/members responded 200 in 134.9893 ms
2026-03-04 10:44:50.894 +06:00 [INF] HTTP GET /api/Attendance/courses/ac80d30d-540f-4a38-aa5e-22420bf183c7/sessions responded 200 in 303.8631 ms
2026-03-04 10:44:50.921 +06:00 [INF] HTTP GET /api/courses/ac80d30d-540f-4a38-aa5e-22420bf183c7/presentations responded 200 in 332.0692 ms
2026-03-04 10:44:53.481 +06:00 [INF] HTTP OPTIONS /api/ct/courses/ac80d30d-540f-4a38-aa5e-22420bf183c7/events responded 204 in 0.0844 ms
2026-03-04 10:44:53.604 +06:00 [INF] HTTP GET /api/ct/courses/ac80d30d-540f-4a38-aa5e-22420bf183c7/events responded 200 in 117.5796 ms
2026-03-04 10:45:01.576 +06:00 [INF] HTTP OPTIONS /api/ct/events/c96d3e9e-bb43-4a0e-ab67-be6274ed9a4a/marks responded 204 in 0.0278 ms
2026-03-04 10:45:01.676 +06:00 [INF] HTTP GET /api/ct/events/c96d3e9e-bb43-4a0e-ab67-be6274ed9a4a/marks responded 200 in 93.3363 ms
2026-03-04 10:47:38.504 +06:00 [INF] HTTP OPTIONS /api/Courses/ac80d30d-540f-4a38-aa5e-22420bf183c7 responded 204 in 4.0270 ms
2026-03-04 10:47:38.504 +06:00 [INF] HTTP OPTIONS /api/Notifications responded 204 in 4.0421 ms
2026-03-04 10:47:41.426 +06:00 [INF] HTTP GET /api/Notifications responded 200 in 2752.3374 ms
2026-03-04 10:47:41.863 +06:00 [INF] HTTP GET /api/Courses/ac80d30d-540f-4a38-aa5e-22420bf183c7 responded 200 in 3189.9659 ms
2026-03-04 10:47:41.900 +06:00 [INF] HTTP OPTIONS /api/courses/ac80d30d-540f-4a38-aa5e-22420bf183c7/marks responded 204 in 0.2423 ms
2026-03-04 10:47:41.900 +06:00 [INF] HTTP OPTIONS /api/courses/ac80d30d-540f-4a38-aa5e-22420bf183c7/grading-formula responded 204 in 0.2232 ms
2026-03-04 10:47:42.329 +06:00 [INF] HTTP GET /api/courses/ac80d30d-540f-4a38-aa5e-22420bf183c7/grading-formula responded 200 in 416.4708 ms
2026-03-04 10:47:42.338 +06:00 [INF] HTTP GET /api/courses/ac80d30d-540f-4a38-aa5e-22420bf183c7/marks responded 200 in 425.4299 ms
2026-03-04 10:47:56.219 +06:00 [INF] HTTP OPTIONS /api/Notifications responded 204 in 0.2009 ms
2026-03-04 10:47:56.219 +06:00 [INF] HTTP OPTIONS /api/Courses/ac80d30d-540f-4a38-aa5e-22420bf183c7 responded 204 in 0.2017 ms
2026-03-04 10:47:56.238 +06:00 [INF] HTTP GET /api/Notifications responded 200 in 14.7530 ms
2026-03-04 10:47:56.309 +06:00 [INF] HTTP GET /api/Courses/ac80d30d-540f-4a38-aa5e-22420bf183c7 responded 200 in 83.8800 ms
2026-03-04 10:47:56.424 +06:00 [INF] HTTP OPTIONS /api/courses/ac80d30d-540f-4a38-aa5e-22420bf183c7/grading-formula responded 204 in 0.0902 ms
2026-03-04 10:47:56.424 +06:00 [INF] HTTP OPTIONS /api/courses/ac80d30d-540f-4a38-aa5e-22420bf183c7/marks responded 204 in 0.0649 ms
2026-03-04 10:47:56.451 +06:00 [INF] HTTP GET /api/courses/ac80d30d-540f-4a38-aa5e-22420bf183c7/grading-formula responded 200 in 21.2205 ms
2026-03-04 10:47:56.549 +06:00 [INF] HTTP GET /api/courses/ac80d30d-540f-4a38-aa5e-22420bf183c7/marks responded 200 in 116.8218 ms
2026-03-04 10:49:38.127 +06:00 [INF] HTTP OPTIONS /api/Notifications responded 204 in 0.1176 ms
2026-03-04 10:49:38.148 +06:00 [INF] HTTP GET /api/Notifications responded 200 in 12.4120 ms
2026-03-04 10:49:42.205 +06:00 [INF] HTTP OPTIONS /api/Courses/ac80d30d-540f-4a38-aa5e-22420bf183c7 responded 204 in 0.1179 ms
2026-03-04 10:49:42.212 +06:00 [INF] HTTP GET /api/Notifications responded 200 in 7.0215 ms
2026-03-04 10:49:42.292 +06:00 [INF] HTTP GET /api/Courses/ac80d30d-540f-4a38-aa5e-22420bf183c7 responded 200 in 78.7215 ms
2026-03-04 10:49:42.400 +06:00 [INF] HTTP OPTIONS /api/courses/ac80d30d-540f-4a38-aa5e-22420bf183c7/grading-formula responded 204 in 0.0852 ms
2026-03-04 10:49:42.400 +06:00 [INF] HTTP OPTIONS /api/courses/ac80d30d-540f-4a38-aa5e-22420bf183c7/marks responded 204 in 0.0861 ms
2026-03-04 10:49:42.415 +06:00 [INF] HTTP GET /api/courses/ac80d30d-540f-4a38-aa5e-22420bf183c7/grading-formula responded 200 in 9.6993 ms
2026-03-04 10:49:42.473 +06:00 [INF] HTTP GET /api/courses/ac80d30d-540f-4a38-aa5e-22420bf183c7/marks responded 200 in 65.0825 ms
2026-03-04 10:49:50.023 +06:00 [INF] HTTP OPTIONS /api/courses/ac80d30d-540f-4a38-aa5e-22420bf183c7/grading-formula/calculate responded 204 in 0.1979 ms
2026-03-04 10:49:50.619 +06:00 [INF] HTTP POST /api/courses/ac80d30d-540f-4a38-aa5e-22420bf183c7/grading-formula/calculate responded 200 in 588.9605 ms
2026-03-04 10:49:50.626 +06:00 [INF] HTTP OPTIONS /api/courses/ac80d30d-540f-4a38-aa5e-22420bf183c7/marks responded 204 in 0.0763 ms
2026-03-04 10:49:50.654 +06:00 [INF] HTTP GET /api/courses/ac80d30d-540f-4a38-aa5e-22420bf183c7/marks responded 200 in 23.4827 ms
2026-03-04 10:49:58.803 +06:00 [INF] HTTP OPTIONS /api/courses/ac80d30d-540f-4a38-aa5e-22420bf183c7/grading-formula/publish responded 204 in 0.3213 ms
2026-03-04 10:49:58.889 +06:00 [INF] HTTP POST /api/courses/ac80d30d-540f-4a38-aa5e-22420bf183c7/grading-formula/publish responded 200 in 80.3391 ms
2026-03-04 10:49:58.898 +06:00 [INF] HTTP OPTIONS /api/courses/ac80d30d-540f-4a38-aa5e-22420bf183c7/marks responded 204 in 0.0800 ms
2026-03-04 10:49:58.898 +06:00 [INF] HTTP OPTIONS /api/courses/ac80d30d-540f-4a38-aa5e-22420bf183c7/grading-formula responded 204 in 0.1174 ms
2026-03-04 10:49:58.911 +06:00 [INF] HTTP GET /api/courses/ac80d30d-540f-4a38-aa5e-22420bf183c7/grading-formula responded 200 in 6.2317 ms
2026-03-04 10:49:58.934 +06:00 [INF] HTTP GET /api/courses/ac80d30d-540f-4a38-aa5e-22420bf183c7/marks responded 200 in 31.4425 ms
2026-03-04 10:50:14.068 +06:00 [INF] HTTP OPTIONS /api/Notifications responded 204 in 0.2657 ms
2026-03-04 10:50:14.089 +06:00 [INF] HTTP GET /api/Notifications responded 200 in 10.1294 ms
2026-03-04 10:50:53.569 +06:00 [INF] HTTP OPTIONS /api/Notifications responded 204 in 0.1336 ms
2026-03-04 10:50:53.586 +06:00 [INF] HTTP GET /api/Notifications responded 200 in 8.4131 ms
2026-03-04 10:51:23.609 +06:00 [INF] HTTP OPTIONS /api/Notifications responded 204 in 0.0518 ms
2026-03-04 10:51:23.629 +06:00 [INF] HTTP GET /api/Notifications responded 200 in 6.5512 ms
