2026-03-02 21:13:40.259 +06:00 [ERR] Hosting failed to start
System.IO.IOException: Failed to bind to address http://127.0.0.1:5041: address already in use.
 ---> Microsoft.AspNetCore.Connections.AddressInUseException: Only one usage of each socket address (protocol/network address/port) is normally permitted.
 ---> System.Net.Sockets.SocketException (10048): Only one usage of each socket address (protocol/network address/port) is normally permitted.
   at System.Net.Sockets.Socket.UpdateStatusAfterSocketErrorAndThrowException(SocketError error, Boolean disconnectOnFailure, String callerName)
   at System.Net.Sockets.Socket.DoBind(EndPoint endPointSnapshot, SocketAddress socketAddress)
   at System.Net.Sockets.Socket.Bind(EndPoint localEP)
   at Microsoft.AspNetCore.Server.Kestrel.Transport.Sockets.SocketTransportOptions.CreateDefaultBoundListenSocket(EndPoint endpoint)
   at Microsoft.AspNetCore.Server.Kestrel.Transport.Sockets.SocketConnectionListener.Bind()
   --- End of inner exception stack trace ---
   at Microsoft.AspNetCore.Server.Kestrel.Transport.Sockets.SocketConnectionListener.Bind()
   at Microsoft.AspNetCore.Server.Kestrel.Transport.Sockets.SocketTransportFactory.BindAsync(EndPoint endpoint, CancellationToken cancellationToken)
   at Microsoft.AspNetCore.Server.Kestrel.Core.Internal.Infrastructure.TransportManager.BindAsync(EndPoint endPoint, ConnectionDelegate connectionDelegate, EndpointConfig endpointConfig, CancellationToken cancellationToken)
   at Microsoft.AspNetCore.Server.Kestrel.Core.KestrelServerImpl.<>c__DisplayClass28_0`1.<<StartAsync>g__OnBind|0>d.MoveNext()
--- End of stack trace from previous location ---
   at Microsoft.AspNetCore.Server.Kestrel.Core.Internal.AddressBinder.BindEndpointAsync(ListenOptions endpoint, AddressBindContext context, CancellationToken cancellationToken)
   --- End of inner exception stack trace ---
   at Microsoft.AspNetCore.Server.Kestrel.Core.Internal.AddressBinder.BindEndpointAsync(ListenOptions endpoint, AddressBindContext context, CancellationToken cancellationToken)
   at Microsoft.AspNetCore.Server.Kestrel.Core.LocalhostListenOptions.BindAsync(AddressBindContext context, CancellationToken cancellationToken)
   at Microsoft.AspNetCore.Server.Kestrel.Core.Internal.AddressBinder.AddressesStrategy.BindAsync(AddressBindContext context, CancellationToken cancellationToken)
   at Microsoft.AspNetCore.Server.Kestrel.Core.KestrelServerImpl.BindAsync(CancellationToken cancellationToken)
   at Microsoft.AspNetCore.Server.Kestrel.Core.KestrelServerImpl.StartAsync[TContext](IHttpApplication`1 application, CancellationToken cancellationToken)
   at Microsoft.AspNetCore.Hosting.GenericWebHostService.StartAsync(CancellationToken cancellationToken)
   at Microsoft.Extensions.Hosting.Internal.Host.<StartAsync>b__14_1(IHostedService service, CancellationToken token)
   at Microsoft.Extensions.Hosting.Internal.Host.ForeachService[T](IEnumerable`1 services, CancellationToken token, Boolean concurrent, Boolean abortOnFirstException, List`1 exceptions, Func`3 operation)
2026-03-02 21:29:07.789 +06:00 [INF] HTTP OPTIONS /api/Notifications responded 204 in 3.8517 ms
2026-03-02 21:29:07.789 +06:00 [INF] HTTP OPTIONS /api/Courses responded 204 in 3.8545 ms
2026-03-02 21:29:07.789 +06:00 [INF] HTTP OPTIONS /api/Courses responded 204 in 3.8209 ms
2026-03-02 21:29:10.933 +06:00 [INF] HTTP GET /api/Notifications responded 200 in 3047.0793 ms
2026-03-02 21:29:11.320 +06:00 [INF] HTTP GET /api/Courses responded 200 in 3434.2418 ms
2026-03-02 21:29:11.320 +06:00 [INF] HTTP GET /api/Courses responded 200 in 3434.2370 ms
2026-03-02 21:29:12.029 +06:00 [INF] HTTP GET /api/Notifications responded 200 in 189.9046 ms
2026-03-02 21:29:12.081 +06:00 [INF] HTTP GET /api/Courses responded 200 in 242.0982 ms
2026-03-02 21:29:12.082 +06:00 [INF] HTTP GET /api/Courses responded 200 in 240.5215 ms
2026-03-02 21:29:15.479 +06:00 [INF] HTTP OPTIONS /api/Courses/ac80d30d-540f-4a38-aa5e-22420bf183c7 responded 204 in 0.1978 ms
2026-03-02 21:29:15.691 +06:00 [INF] HTTP GET /api/Courses/ac80d30d-540f-4a38-aa5e-22420bf183c7 responded 200 in 201.6333 ms
2026-03-02 21:29:15.720 +06:00 [INF] HTTP OPTIONS /api/Announcements/courses/ac80d30d-540f-4a38-aa5e-22420bf183c7/announcements responded 204 in 0.1554 ms
2026-03-02 21:29:15.936 +06:00 [INF] HTTP GET /api/Announcements/courses/ac80d30d-540f-4a38-aa5e-22420bf183c7/announcements responded 200 in 200.1279 ms
2026-03-02 21:29:17.431 +06:00 [INF] HTTP OPTIONS /api/Assignments/courses/ac80d30d-540f-4a38-aa5e-22420bf183c7/assignments responded 204 in 0.1873 ms
2026-03-02 21:29:17.542 +06:00 [INF] HTTP GET /api/Assignments/courses/ac80d30d-540f-4a38-aa5e-22420bf183c7/assignments responded 200 in 100.3472 ms
2026-03-02 21:29:18.137 +06:00 [INF] HTTP OPTIONS /api/Materials/courses/ac80d30d-540f-4a38-aa5e-22420bf183c7/materials responded 204 in 0.0989 ms
2026-03-02 21:29:18.274 +06:00 [INF] HTTP GET /api/Materials/courses/ac80d30d-540f-4a38-aa5e-22420bf183c7/materials responded 200 in 130.2701 ms
2026-03-02 21:29:20.244 +06:00 [INF] HTTP OPTIONS /api/Materials/courses/ac80d30d-540f-4a38-aa5e-22420bf183c7/materials responded 204 in 0.0949 ms
2026-03-02 21:29:20.257 +06:00 [INF] HTTP GET /api/Materials/courses/ac80d30d-540f-4a38-aa5e-22420bf183c7/materials responded 200 in 7.0098 ms
2026-03-02 21:29:27.990 +06:00 [INF] HTTP OPTIONS /api/Materials/courses/ac80d30d-540f-4a38-aa5e-22420bf183c7/materials responded 204 in 0.1934 ms
2026-03-02 21:29:28.721 +06:00 [INF] HTTP POST /api/Materials/courses/ac80d30d-540f-4a38-aa5e-22420bf183c7/materials responded 200 in 714.9152 ms
2026-03-02 21:29:28.739 +06:00 [INF] HTTP OPTIONS /api/Materials/courses/ac80d30d-540f-4a38-aa5e-22420bf183c7/materials responded 204 in 0.1275 ms
2026-03-02 21:29:28.772 +06:00 [INF] HTTP GET /api/Materials/courses/ac80d30d-540f-4a38-aa5e-22420bf183c7/materials responded 200 in 18.1266 ms
2026-03-02 21:29:42.094 +06:00 [INF] HTTP OPTIONS /api/Notifications responded 204 in 0.3377 ms
2026-03-02 21:29:42.114 +06:00 [INF] HTTP GET /api/Notifications responded 200 in 9.3762 ms
2026-03-02 21:29:42.947 +06:00 [INF] HTTP OPTIONS /api/Materials/courses/ac80d30d-540f-4a38-aa5e-22420bf183c7/materials responded 204 in 0.1144 ms
2026-03-02 21:29:42.958 +06:00 [INF] HTTP GET /api/Materials/courses/ac80d30d-540f-4a38-aa5e-22420bf183c7/materials responded 200 in 4.7769 ms
2026-03-02 21:29:45.164 +06:00 [INF] HTTP OPTIONS /api/Materials/courses/ac80d30d-540f-4a38-aa5e-22420bf183c7/materials responded 204 in 0.0806 ms
2026-03-02 21:29:45.175 +06:00 [INF] HTTP GET /api/Materials/courses/ac80d30d-540f-4a38-aa5e-22420bf183c7/materials responded 200 in 3.6231 ms
2026-03-02 21:30:02.644 +06:00 [INF] HTTP OPTIONS /api/Materials/courses/ac80d30d-540f-4a38-aa5e-22420bf183c7/materials responded 204 in 0.3092 ms
2026-03-02 21:30:02.793 +06:00 [INF] HTTP POST /api/Materials/courses/ac80d30d-540f-4a38-aa5e-22420bf183c7/materials responded 200 in 139.1752 ms
2026-03-02 21:30:02.826 +06:00 [INF] HTTP OPTIONS /api/Materials/courses/ac80d30d-540f-4a38-aa5e-22420bf183c7/materials responded 204 in 0.1742 ms
2026-03-02 21:30:02.860 +06:00 [INF] HTTP GET /api/Materials/courses/ac80d30d-540f-4a38-aa5e-22420bf183c7/materials responded 200 in 18.0062 ms
2026-03-02 21:30:06.828 +06:00 [INF] HTTP GET /api/Materials/courses/ac80d30d-540f-4a38-aa5e-22420bf183c7/materials responded 200 in 5.5682 ms
2026-03-02 21:30:10.996 +06:00 [INF] HTTP OPTIONS /api/Notifications responded 204 in 0.0972 ms
2026-03-02 21:30:10.996 +06:00 [INF] HTTP OPTIONS /api/Courses/ac80d30d-540f-4a38-aa5e-22420bf183c7 responded 204 in 0.0420 ms
2026-03-02 21:30:11.007 +06:00 [INF] HTTP GET /api/Notifications responded 200 in 6.5001 ms
2026-03-02 21:30:11.142 +06:00 [INF] HTTP GET /api/Courses/ac80d30d-540f-4a38-aa5e-22420bf183c7 responded 200 in 137.3497 ms
2026-03-02 21:30:11.309 +06:00 [INF] HTTP OPTIONS /api/Materials/courses/ac80d30d-540f-4a38-aa5e-22420bf183c7/materials responded 204 in 0.1065 ms
2026-03-02 21:30:11.320 +06:00 [INF] HTTP GET /api/Materials/courses/ac80d30d-540f-4a38-aa5e-22420bf183c7/materials responded 200 in 4.3008 ms
2026-03-02 21:30:16.343 +06:00 [INF] HTTP OPTIONS /api/Materials/courses/ac80d30d-540f-4a38-aa5e-22420bf183c7/materials/bbd731e5-946e-434e-b651-0e657e83c905/visibility responded 204 in 0.0716 ms
2026-03-02 21:30:16.349 +06:00 [INF] HTTP PATCH /api/Materials/courses/ac80d30d-540f-4a38-aa5e-22420bf183c7/materials/bbd731e5-946e-434e-b651-0e657e83c905/visibility responded 404 in 0.4459 ms
2026-03-02 21:30:19.602 +06:00 [INF] HTTP PATCH /api/Materials/courses/ac80d30d-540f-4a38-aa5e-22420bf183c7/materials/bbd731e5-946e-434e-b651-0e657e83c905/visibility responded 404 in 0.7883 ms
2026-03-02 21:31:24.703 +06:00 [INF] HTTP OPTIONS /api/Notifications responded 204 in 0.0848 ms
2026-03-02 21:31:24.703 +06:00 [INF] HTTP OPTIONS /api/Courses/ac80d30d-540f-4a38-aa5e-22420bf183c7 responded 204 in 0.0881 ms
2026-03-02 21:31:24.850 +06:00 [INF] HTTP GET /api/Notifications responded 200 in 131.5980 ms
2026-03-02 21:31:24.917 +06:00 [INF] HTTP GET /api/Courses/ac80d30d-540f-4a38-aa5e-22420bf183c7 responded 200 in 173.4091 ms
2026-03-02 21:31:25.099 +06:00 [INF] HTTP OPTIONS /api/Materials/courses/ac80d30d-540f-4a38-aa5e-22420bf183c7/materials responded 204 in 0.0487 ms
2026-03-02 21:31:25.129 +06:00 [INF] HTTP GET /api/Materials/courses/ac80d30d-540f-4a38-aa5e-22420bf183c7/materials responded 200 in 6.0795 ms
2026-03-02 21:31:54.898 +06:00 [INF] HTTP OPTIONS /api/Notifications responded 204 in 0.2281 ms
2026-03-02 21:31:54.907 +06:00 [INF] HTTP GET /api/Notifications responded 200 in 4.1136 ms
2026-03-02 21:32:11.587 +06:00 [INF] HTTP OPTIONS /api/Notifications responded 204 in 0.1204 ms
2026-03-02 21:32:11.589 +06:00 [INF] HTTP OPTIONS /api/Courses/ac80d30d-540f-4a38-aa5e-22420bf183c7 responded 204 in 0.0625 ms
2026-03-02 21:32:11.609 +06:00 [INF] HTTP GET /api/Notifications responded 200 in 13.2746 ms
2026-03-02 21:32:11.726 +06:00 [INF] HTTP GET /api/Courses/ac80d30d-540f-4a38-aa5e-22420bf183c7 responded 200 in 129.1638 ms
2026-03-02 21:32:12.041 +06:00 [INF] HTTP OPTIONS /api/Materials/courses/ac80d30d-540f-4a38-aa5e-22420bf183c7/materials responded 204 in 0.0623 ms
2026-03-02 21:32:12.051 +06:00 [INF] HTTP GET /api/Materials/courses/ac80d30d-540f-4a38-aa5e-22420bf183c7/materials responded 200 in 5.8866 ms
2026-03-02 21:32:12.431 +06:00 [INF] HTTP OPTIONS /api/Courses responded 204 in 0.0459 ms
2026-03-02 21:32:12.431 +06:00 [INF] HTTP OPTIONS /api/Courses responded 204 in 0.0106 ms
2026-03-02 21:32:12.479 +06:00 [INF] HTTP GET /api/Courses responded 200 in 39.5153 ms
2026-03-02 21:32:12.479 +06:00 [INF] HTTP GET /api/Courses responded 200 in 39.5004 ms
2026-03-02 21:32:15.054 +06:00 [INF] HTTP OPTIONS /api/Announcements/courses/ac80d30d-540f-4a38-aa5e-22420bf183c7/announcements responded 204 in 0.0777 ms
2026-03-02 21:32:15.070 +06:00 [INF] HTTP GET /api/Announcements/courses/ac80d30d-540f-4a38-aa5e-22420bf183c7/announcements responded 200 in 7.1552 ms
2026-03-02 21:32:16.646 +06:00 [INF] HTTP OPTIONS /api/Attendance/courses/ac80d30d-540f-4a38-aa5e-22420bf183c7/sessions responded 204 in 0.0722 ms
2026-03-02 21:32:16.647 +06:00 [INF] HTTP OPTIONS /api/Attendance/courses/ac80d30d-540f-4a38-aa5e-22420bf183c7/sessions responded 204 in 0.0847 ms
2026-03-02 21:32:16.648 +06:00 [INF] HTTP OPTIONS /api/Courses/ac80d30d-540f-4a38-aa5e-22420bf183c7/members responded 204 in 0.0315 ms
2026-03-02 21:32:16.841 +06:00 [INF] HTTP GET /api/Courses/ac80d30d-540f-4a38-aa5e-22420bf183c7/members responded 200 in 184.3141 ms
2026-03-02 21:32:16.852 +06:00 [INF] HTTP GET /api/Attendance/courses/ac80d30d-540f-4a38-aa5e-22420bf183c7/sessions responded 200 in 198.1790 ms
2026-03-02 21:32:16.887 +06:00 [INF] HTTP GET /api/Attendance/courses/ac80d30d-540f-4a38-aa5e-22420bf183c7/sessions responded 200 in 33.5872 ms
2026-03-02 21:33:38.365 +06:00 [INF] HTTP OPTIONS /api/Notifications responded 204 in 0.1122 ms
2026-03-02 21:33:38.378 +06:00 [INF] HTTP GET /api/Notifications responded 200 in 6.0200 ms
2026-03-02 21:33:54.635 +06:00 [INF] HTTP OPTIONS /api/Notifications responded 204 in 0.1033 ms
2026-03-02 21:33:54.635 +06:00 [INF] HTTP OPTIONS /api/Courses/ac80d30d-540f-4a38-aa5e-22420bf183c7 responded 204 in 0.0874 ms
2026-03-02 21:33:54.650 +06:00 [INF] HTTP GET /api/Notifications responded 200 in 5.3188 ms
2026-03-02 21:33:54.724 +06:00 [INF] HTTP GET /api/Courses/ac80d30d-540f-4a38-aa5e-22420bf183c7 responded 200 in 76.9510 ms
2026-03-02 21:33:54.871 +06:00 [INF] HTTP OPTIONS /api/Materials/courses/ac80d30d-540f-4a38-aa5e-22420bf183c7/materials responded 204 in 0.0353 ms
2026-03-02 21:33:54.883 +06:00 [INF] HTTP GET /api/Materials/courses/ac80d30d-540f-4a38-aa5e-22420bf183c7/materials responded 200 in 7.2831 ms
2026-03-02 21:34:01.569 +06:00 [INF] HTTP OPTIONS /api/Materials/courses/ac80d30d-540f-4a38-aa5e-22420bf183c7/materials/bbd731e5-946e-434e-b651-0e657e83c905 responded 204 in 0.0264 ms
2026-03-02 21:34:01.575 +06:00 [INF] HTTP DELETE /api/Materials/courses/ac80d30d-540f-4a38-aa5e-22420bf183c7/materials/bbd731e5-946e-434e-b651-0e657e83c905 responded 404 in 0.3120 ms
2026-03-02 22:54:01.223 +06:00 [INF] HTTP OPTIONS /api/Notifications responded 204 in 2.7920 ms
2026-03-02 22:54:01.223 +06:00 [INF] HTTP OPTIONS /api/Courses responded 204 in 2.7877 ms
2026-03-02 22:54:01.223 +06:00 [INF] HTTP OPTIONS /api/Courses responded 204 in 2.8269 ms
2026-03-02 22:54:01.503 +06:00 [INF] HTTP GET /api/Courses responded 401 in 179.1754 ms
2026-03-02 22:54:01.503 +06:00 [INF] HTTP GET /api/Courses responded 401 in 179.2886 ms
2026-03-02 22:54:01.503 +06:00 [INF] HTTP GET /api/Notifications responded 401 in 179.3057 ms
2026-03-02 22:54:01.539 +06:00 [INF] HTTP OPTIONS /api/auth/refresh responded 204 in 0.2963 ms
2026-03-02 22:54:04.971 +06:00 [INF] HTTP POST /api/auth/refresh responded 200 in 3406.7972 ms
2026-03-02 22:54:05.183 +06:00 [INF] HTTP GET /api/Notifications responded 200 in 188.1378 ms
2026-03-02 22:54:05.628 +06:00 [INF] HTTP GET /api/Courses responded 200 in 633.4566 ms
2026-03-02 22:54:05.628 +06:00 [INF] HTTP GET /api/Courses responded 200 in 633.4566 ms
2026-03-02 22:54:12.942 +06:00 [INF] HTTP OPTIONS /api/Courses/ac80d30d-540f-4a38-aa5e-22420bf183c7 responded 204 in 0.3322 ms
2026-03-02 22:54:13.168 +06:00 [INF] HTTP GET /api/Courses/ac80d30d-540f-4a38-aa5e-22420bf183c7 responded 200 in 218.7457 ms
2026-03-02 22:54:13.202 +06:00 [INF] HTTP OPTIONS /api/Announcements/courses/ac80d30d-540f-4a38-aa5e-22420bf183c7/announcements responded 204 in 0.0505 ms
2026-03-02 22:54:13.306 +06:00 [INF] HTTP GET /api/Announcements/courses/ac80d30d-540f-4a38-aa5e-22420bf183c7/announcements responded 200 in 98.2710 ms
2026-03-02 22:54:14.981 +06:00 [INF] HTTP OPTIONS /api/Attendance/courses/ac80d30d-540f-4a38-aa5e-22420bf183c7/sessions responded 204 in 0.3292 ms
2026-03-02 22:54:14.982 +06:00 [INF] HTTP OPTIONS /api/Attendance/courses/ac80d30d-540f-4a38-aa5e-22420bf183c7/sessions responded 204 in 0.9777 ms
2026-03-02 22:54:14.985 +06:00 [INF] HTTP OPTIONS /api/Courses/ac80d30d-540f-4a38-aa5e-22420bf183c7/members responded 204 in 4.4965 ms
2026-03-02 22:54:15.207 +06:00 [INF] HTTP GET /api/Courses/ac80d30d-540f-4a38-aa5e-22420bf183c7/members responded 200 in 186.5721 ms
2026-03-02 22:54:15.255 +06:00 [INF] HTTP GET /api/Attendance/courses/ac80d30d-540f-4a38-aa5e-22420bf183c7/sessions responded 200 in 247.2426 ms
2026-03-02 22:54:15.298 +06:00 [INF] HTTP GET /api/Attendance/courses/ac80d30d-540f-4a38-aa5e-22420bf183c7/sessions responded 200 in 40.5987 ms
2026-03-02 22:54:19.264 +06:00 [INF] HTTP OPTIONS /api/Materials/courses/ac80d30d-540f-4a38-aa5e-22420bf183c7/materials responded 204 in 0.0771 ms
2026-03-02 22:54:19.427 +06:00 [INF] HTTP GET /api/Materials/courses/ac80d30d-540f-4a38-aa5e-22420bf183c7/materials responded 200 in 157.1067 ms
2026-03-02 23:00:48.709 +06:00 [INF] HTTP OPTIONS /api/Notifications responded 204 in 8.5991 ms
2026-03-02 23:00:48.709 +06:00 [INF] HTTP OPTIONS /api/Courses responded 204 in 8.5875 ms
2026-03-02 23:00:48.709 +06:00 [INF] HTTP OPTIONS /api/Courses responded 204 in 5.4085 ms
2026-03-02 23:00:52.129 +06:00 [INF] HTTP GET /api/Notifications responded 200 in 3086.2105 ms
2026-03-02 23:00:52.666 +06:00 [INF] HTTP GET /api/Courses responded 200 in 3622.9872 ms
2026-03-02 23:00:52.666 +06:00 [INF] HTTP GET /api/Courses responded 200 in 3622.9872 ms
2026-03-02 23:00:56.373 +06:00 [INF] HTTP OPTIONS /api/Courses/ac80d30d-540f-4a38-aa5e-22420bf183c7 responded 204 in 0.4012 ms
2026-03-02 23:00:56.721 +06:00 [INF] HTTP GET /api/Courses/ac80d30d-540f-4a38-aa5e-22420bf183c7 responded 200 in 338.6952 ms
2026-03-02 23:00:56.750 +06:00 [INF] HTTP OPTIONS /api/Announcements/courses/ac80d30d-540f-4a38-aa5e-22420bf183c7/announcements responded 204 in 0.0595 ms
2026-03-02 23:00:56.877 +06:00 [INF] HTTP GET /api/Announcements/courses/ac80d30d-540f-4a38-aa5e-22420bf183c7/announcements responded 200 in 120.3614 ms
2026-03-02 23:00:58.536 +06:00 [INF] HTTP OPTIONS /api/Courses/ac80d30d-540f-4a38-aa5e-22420bf183c7/members responded 204 in 0.1487 ms
2026-03-02 23:00:58.536 +06:00 [INF] HTTP OPTIONS /api/Attendance/courses/ac80d30d-540f-4a38-aa5e-22420bf183c7/sessions responded 204 in 0.1260 ms
2026-03-02 23:00:58.536 +06:00 [INF] HTTP OPTIONS /api/Attendance/courses/ac80d30d-540f-4a38-aa5e-22420bf183c7/sessions responded 204 in 0.1309 ms
2026-03-02 23:00:58.795 +06:00 [INF] HTTP GET /api/Courses/ac80d30d-540f-4a38-aa5e-22420bf183c7/members responded 200 in 247.3370 ms
2026-03-02 23:00:58.845 +06:00 [INF] HTTP GET /api/Attendance/courses/ac80d30d-540f-4a38-aa5e-22420bf183c7/sessions responded 200 in 295.1711 ms
2026-03-02 23:00:58.888 +06:00 [INF] HTTP GET /api/Attendance/courses/ac80d30d-540f-4a38-aa5e-22420bf183c7/sessions responded 200 in 41.9819 ms
2026-03-02 23:00:59.194 +06:00 [INF] HTTP OPTIONS /api/Materials/courses/ac80d30d-540f-4a38-aa5e-22420bf183c7/materials responded 204 in 0.0587 ms
2026-03-02 23:00:59.355 +06:00 [INF] HTTP GET /api/Materials/courses/ac80d30d-540f-4a38-aa5e-22420bf183c7/materials responded 200 in 155.2325 ms
2026-03-02 23:01:20.893 +06:00 [INF] HTTP OPTIONS /api/Materials/courses/ac80d30d-540f-4a38-aa5e-22420bf183c7/materials responded 204 in 0.0849 ms
2026-03-02 23:01:20.919 +06:00 [INF] HTTP GET /api/Materials/courses/ac80d30d-540f-4a38-aa5e-22420bf183c7/materials responded 200 in 19.3740 ms
2026-03-02 23:01:22.151 +06:00 [INF] HTTP OPTIONS /api/Notifications responded 204 in 0.1052 ms
2026-03-02 23:01:22.161 +06:00 [INF] HTTP GET /api/Notifications responded 200 in 3.7920 ms
2026-03-02 23:01:31.943 +06:00 [INF] HTTP OPTIONS /api/Materials/courses/ac80d30d-540f-4a38-aa5e-22420bf183c7/materials/bbd731e5-946e-434e-b651-0e657e83c905 responded 204 in 0.1261 ms
2026-03-02 23:01:32.839 +06:00 [INF] HTTP DELETE /api/Materials/courses/ac80d30d-540f-4a38-aa5e-22420bf183c7/materials/bbd731e5-946e-434e-b651-0e657e83c905 responded 200 in 881.9713 ms
2026-03-02 23:01:32.855 +06:00 [INF] HTTP OPTIONS /api/Materials/courses/ac80d30d-540f-4a38-aa5e-22420bf183c7/materials responded 204 in 0.1412 ms
2026-03-02 23:01:32.889 +06:00 [INF] HTTP GET /api/Materials/courses/ac80d30d-540f-4a38-aa5e-22420bf183c7/materials responded 200 in 27.8686 ms
2026-03-02 23:01:42.516 +06:00 [INF] HTTP OPTIONS /api/Materials/courses/ac80d30d-540f-4a38-aa5e-22420bf183c7/materials/bbd731e5-946e-434e-b651-0e657e83c905 responded 204 in 0.1673 ms
2026-03-02 23:01:42.618 +06:00 [INF] HTTP DELETE /api/Materials/courses/ac80d30d-540f-4a38-aa5e-22420bf183c7/materials/bbd731e5-946e-434e-b651-0e657e83c905 responded 200 in 89.3126 ms
2026-03-02 23:01:46.807 +06:00 [INF] HTTP DELETE /api/Materials/courses/ac80d30d-540f-4a38-aa5e-22420bf183c7/materials/bbd731e5-946e-434e-b651-0e657e83c905 responded 200 in 92.9951 ms
2026-03-02 23:01:52.186 +06:00 [INF] HTTP OPTIONS /api/Notifications responded 204 in 0.5315 ms
2026-03-02 23:01:52.203 +06:00 [INF] HTTP GET /api/Notifications responded 200 in 11.7645 ms
2026-03-02 23:01:52.380 +06:00 [INF] HTTP OPTIONS /api/Materials/courses/ac80d30d-540f-4a38-aa5e-22420bf183c7/materials/268085c5-5a0b-45be-a5f3-24397042acdc responded 204 in 0.0653 ms
2026-03-02 23:01:52.509 +06:00 [INF] HTTP DELETE /api/Materials/courses/ac80d30d-540f-4a38-aa5e-22420bf183c7/materials/268085c5-5a0b-45be-a5f3-24397042acdc responded 200 in 123.3894 ms
2026-03-02 23:01:52.529 +06:00 [INF] HTTP OPTIONS /api/Materials/courses/ac80d30d-540f-4a38-aa5e-22420bf183c7/materials responded 204 in 0.2633 ms
2026-03-02 23:01:52.568 +06:00 [INF] HTTP GET /api/Materials/courses/ac80d30d-540f-4a38-aa5e-22420bf183c7/materials responded 200 in 13.2640 ms
2026-03-02 23:01:56.401 +06:00 [INF] HTTP DELETE /api/Materials/courses/ac80d30d-540f-4a38-aa5e-22420bf183c7/materials/268085c5-5a0b-45be-a5f3-24397042acdc responded 200 in 98.8995 ms
2026-03-02 23:01:59.652 +06:00 [INF] HTTP OPTIONS /api/Materials/courses/ac80d30d-540f-4a38-aa5e-22420bf183c7/materials/268085c5-5a0b-45be-a5f3-24397042acdc responded 204 in 0.1239 ms
2026-03-02 23:01:59.819 +06:00 [INF] HTTP DELETE /api/Materials/courses/ac80d30d-540f-4a38-aa5e-22420bf183c7/materials/268085c5-5a0b-45be-a5f3-24397042acdc responded 200 in 151.1952 ms
2026-03-02 23:02:03.090 +06:00 [INF] HTTP OPTIONS /api/Courses/ac80d30d-540f-4a38-aa5e-22420bf183c7 responded 204 in 0.0522 ms
2026-03-02 23:02:03.090 +06:00 [INF] HTTP OPTIONS /api/Notifications responded 204 in 0.1635 ms
2026-03-02 23:02:03.146 +06:00 [INF] HTTP GET /api/Notifications responded 200 in 42.7886 ms
2026-03-02 23:02:03.296 +06:00 [INF] HTTP GET /api/Courses/ac80d30d-540f-4a38-aa5e-22420bf183c7 responded 200 in 198.0620 ms
2026-03-02 23:02:03.528 +06:00 [INF] HTTP OPTIONS /api/Materials/courses/ac80d30d-540f-4a38-aa5e-22420bf183c7/materials responded 204 in 2.8754 ms
2026-03-02 23:02:03.812 +06:00 [INF] HTTP GET /api/Materials/courses/ac80d30d-540f-4a38-aa5e-22420bf183c7/materials responded 200 in 33.0626 ms
2026-03-02 23:02:09.149 +06:00 [INF] HTTP OPTIONS /api/Materials/courses/ac80d30d-540f-4a38-aa5e-22420bf183c7/materials/268085c5-5a0b-45be-a5f3-24397042acdc responded 204 in 0.0873 ms
2026-03-02 23:02:09.281 +06:00 [INF] HTTP DELETE /api/Materials/courses/ac80d30d-540f-4a38-aa5e-22420bf183c7/materials/268085c5-5a0b-45be-a5f3-24397042acdc responded 200 in 122.4414 ms
2026-03-02 23:02:43.740 +06:00 [INF] HTTP OPTIONS /api/Assignments/courses/ac80d30d-540f-4a38-aa5e-22420bf183c7/assignments responded 204 in 0.2425 ms
2026-03-02 23:02:43.895 +06:00 [INF] HTTP GET /api/Assignments/courses/ac80d30d-540f-4a38-aa5e-22420bf183c7/assignments responded 200 in 142.2888 ms
2026-03-02 23:02:44.943 +06:00 [INF] HTTP OPTIONS /api/Courses/ac80d30d-540f-4a38-aa5e-22420bf183c7/members responded 204 in 0.0205 ms
2026-03-02 23:02:44.943 +06:00 [INF] HTTP OPTIONS /api/Attendance/courses/ac80d30d-540f-4a38-aa5e-22420bf183c7/sessions responded 204 in 0.0699 ms
2026-03-02 23:02:45.060 +06:00 [INF] HTTP GET /api/Attendance/courses/ac80d30d-540f-4a38-aa5e-22420bf183c7/sessions responded 200 in 107.2961 ms
2026-03-02 23:02:45.103 +06:00 [INF] HTTP GET /api/Courses/ac80d30d-540f-4a38-aa5e-22420bf183c7/members responded 200 in 150.6381 ms
2026-03-02 23:02:48.579 +06:00 [INF] HTTP OPTIONS /api/Courses/ac80d30d-540f-4a38-aa5e-22420bf183c7/join-requests responded 204 in 0.3762 ms
2026-03-02 23:02:48.685 +06:00 [INF] HTTP GET /api/Courses/ac80d30d-540f-4a38-aa5e-22420bf183c7/members responded 200 in 105.5633 ms
2026-03-02 23:02:48.759 +06:00 [INF] HTTP GET /api/Courses/ac80d30d-540f-4a38-aa5e-22420bf183c7/join-requests responded 200 in 172.9893 ms
2026-03-02 23:02:52.249 +06:00 [INF] HTTP OPTIONS /api/Attendance/courses/ac80d30d-540f-4a38-aa5e-22420bf183c7/sessions responded 204 in 0.0591 ms
2026-03-02 23:02:52.291 +06:00 [INF] HTTP GET /api/Attendance/courses/ac80d30d-540f-4a38-aa5e-22420bf183c7/sessions responded 200 in 37.1656 ms
2026-03-02 23:02:52.664 +06:00 [INF] HTTP OPTIONS /api/Announcements/courses/ac80d30d-540f-4a38-aa5e-22420bf183c7/announcements responded 204 in 0.0700 ms
2026-03-02 23:02:52.673 +06:00 [INF] HTTP GET /api/Announcements/courses/ac80d30d-540f-4a38-aa5e-22420bf183c7/announcements responded 200 in 4.2040 ms
2026-03-02 23:14:06.307 +06:00 [INF] HTTP OPTIONS /api/Courses responded 204 in 6.9728 ms
2026-03-02 23:14:06.307 +06:00 [INF] HTTP OPTIONS /api/Courses responded 204 in 6.9874 ms
2026-03-02 23:14:06.513 +06:00 [INF] HTTP OPTIONS /api/Notifications responded 204 in 0.0940 ms
2026-03-02 23:14:09.491 +06:00 [INF] HTTP GET /api/Notifications responded 200 in 2970.7971 ms
2026-03-02 23:14:10.009 +06:00 [INF] HTTP GET /api/Courses responded 200 in 3595.8325 ms
2026-03-02 23:14:10.009 +06:00 [INF] HTTP GET /api/Courses responded 200 in 3595.8167 ms
2026-03-02 23:14:12.784 +06:00 [INF] HTTP OPTIONS /api/Courses/ac80d30d-540f-4a38-aa5e-22420bf183c7 responded 204 in 0.4833 ms
2026-03-02 23:14:13.110 +06:00 [INF] HTTP GET /api/Courses/ac80d30d-540f-4a38-aa5e-22420bf183c7 responded 200 in 317.8574 ms
2026-03-02 23:14:13.151 +06:00 [INF] HTTP OPTIONS /api/Announcements/courses/ac80d30d-540f-4a38-aa5e-22420bf183c7/announcements responded 204 in 0.1337 ms
2026-03-02 23:14:13.245 +06:00 [INF] HTTP GET /api/Announcements/courses/ac80d30d-540f-4a38-aa5e-22420bf183c7/announcements responded 200 in 82.0060 ms
2026-03-02 23:14:14.615 +06:00 [INF] HTTP OPTIONS /api/Materials/courses/ac80d30d-540f-4a38-aa5e-22420bf183c7/materials responded 204 in 0.2778 ms
2026-03-02 23:14:14.882 +06:00 [INF] HTTP GET /api/Materials/courses/ac80d30d-540f-4a38-aa5e-22420bf183c7/materials responded 200 in 260.2026 ms
2026-03-02 23:14:18.378 +06:00 [INF] HTTP OPTIONS /api/Materials/courses/ac80d30d-540f-4a38-aa5e-22420bf183c7/materials/b1cc5981-a103-49fe-bb90-9e242965650c responded 204 in 0.6284 ms
2026-03-02 23:14:18.895 +06:00 [INF] HTTP DELETE /api/Materials/courses/ac80d30d-540f-4a38-aa5e-22420bf183c7/materials/b1cc5981-a103-49fe-bb90-9e242965650c responded 200 in 506.1681 ms
2026-03-02 23:14:18.929 +06:00 [INF] HTTP GET /api/Materials/courses/ac80d30d-540f-4a38-aa5e-22420bf183c7/materials responded 200 in 20.7074 ms
2026-03-02 23:14:22.520 +06:00 [INF] HTTP OPTIONS /api/Notifications responded 204 in 0.0872 ms
2026-03-02 23:14:22.520 +06:00 [INF] HTTP OPTIONS /api/Courses/ac80d30d-540f-4a38-aa5e-22420bf183c7 responded 204 in 0.1362 ms
2026-03-02 23:14:22.555 +06:00 [INF] HTTP GET /api/Notifications responded 200 in 20.5535 ms
2026-03-02 23:14:22.648 +06:00 [INF] HTTP GET /api/Courses/ac80d30d-540f-4a38-aa5e-22420bf183c7 responded 200 in 108.1928 ms
2026-03-02 23:14:22.777 +06:00 [INF] HTTP OPTIONS /api/Materials/courses/ac80d30d-540f-4a38-aa5e-22420bf183c7/materials responded 204 in 0.0582 ms
2026-03-02 23:14:22.821 +06:00 [INF] HTTP GET /api/Materials/courses/ac80d30d-540f-4a38-aa5e-22420bf183c7/materials responded 200 in 39.8281 ms
2026-03-02 23:14:29.886 +06:00 [INF] HTTP OPTIONS /api/Materials/courses/ac80d30d-540f-4a38-aa5e-22420bf183c7/materials/1243faf2-65be-4376-a778-b1d1c5fae1eb responded 204 in 0.1674 ms
2026-03-02 23:14:29.998 +06:00 [INF] HTTP DELETE /api/Materials/courses/ac80d30d-540f-4a38-aa5e-22420bf183c7/materials/1243faf2-65be-4376-a778-b1d1c5fae1eb responded 200 in 99.4661 ms
2026-03-02 23:14:30.014 +06:00 [INF] HTTP OPTIONS /api/Materials/courses/ac80d30d-540f-4a38-aa5e-22420bf183c7/materials responded 204 in 0.1056 ms
2026-03-02 23:14:30.038 +06:00 [INF] HTTP GET /api/Materials/courses/ac80d30d-540f-4a38-aa5e-22420bf183c7/materials responded 200 in 9.1634 ms
2026-03-02 23:14:33.396 +06:00 [INF] HTTP OPTIONS /api/Materials/courses/ac80d30d-540f-4a38-aa5e-22420bf183c7/materials/84c5216c-dac9-492b-98d3-3d4a9fa7cac7 responded 204 in 0.1060 ms
2026-03-02 23:14:33.546 +06:00 [INF] HTTP DELETE /api/Materials/courses/ac80d30d-540f-4a38-aa5e-22420bf183c7/materials/84c5216c-dac9-492b-98d3-3d4a9fa7cac7 responded 200 in 135.5000 ms
2026-03-02 23:14:33.590 +06:00 [INF] HTTP GET /api/Materials/courses/ac80d30d-540f-4a38-aa5e-22420bf183c7/materials responded 200 in 23.2139 ms
2026-03-02 23:14:37.392 +06:00 [INF] HTTP OPTIONS /api/Materials/courses/ac80d30d-540f-4a38-aa5e-22420bf183c7/materials/88b89627-fd26-4306-a0fe-cea7b8e8b880 responded 204 in 0.2141 ms
2026-03-02 23:14:37.542 +06:00 [INF] HTTP DELETE /api/Materials/courses/ac80d30d-540f-4a38-aa5e-22420bf183c7/materials/88b89627-fd26-4306-a0fe-cea7b8e8b880 responded 200 in 136.3735 ms
2026-03-02 23:14:37.560 +06:00 [INF] HTTP OPTIONS /api/Materials/courses/ac80d30d-540f-4a38-aa5e-22420bf183c7/materials responded 204 in 0.0560 ms
2026-03-02 23:14:37.713 +06:00 [INF] HTTP GET /api/Materials/courses/ac80d30d-540f-4a38-aa5e-22420bf183c7/materials responded 200 in 74.8193 ms
2026-03-02 23:14:40.775 +06:00 [INF] HTTP OPTIONS /api/Materials/courses/ac80d30d-540f-4a38-aa5e-22420bf183c7/materials/df12cdb8-092b-4b51-85dc-e2b2a820fcac responded 204 in 0.1131 ms
2026-03-02 23:14:40.889 +06:00 [INF] HTTP DELETE /api/Materials/courses/ac80d30d-540f-4a38-aa5e-22420bf183c7/materials/df12cdb8-092b-4b51-85dc-e2b2a820fcac responded 200 in 101.4330 ms
2026-03-02 23:14:40.908 +06:00 [INF] HTTP GET /api/Materials/courses/ac80d30d-540f-4a38-aa5e-22420bf183c7/materials responded 200 in 4.5117 ms
2026-03-02 23:14:52.614 +06:00 [INF] HTTP OPTIONS /api/Notifications responded 204 in 0.1715 ms
2026-03-02 23:14:52.628 +06:00 [INF] HTTP GET /api/Notifications responded 200 in 7.9916 ms
2026-03-02 23:14:56.292 +06:00 [INF] HTTP OPTIONS /api/Materials/courses/ac80d30d-540f-4a38-aa5e-22420bf183c7/materials responded 204 in 0.0638 ms
2026-03-02 23:14:56.702 +06:00 [INF] HTTP POST /api/Materials/courses/ac80d30d-540f-4a38-aa5e-22420bf183c7/materials responded 200 in 392.0946 ms
2026-03-02 23:14:56.747 +06:00 [INF] HTTP GET /api/Materials/courses/ac80d30d-540f-4a38-aa5e-22420bf183c7/materials responded 200 in 22.6484 ms
2026-03-02 23:18:57.044 +06:00 [INF] HTTP OPTIONS /api/Courses responded 204 in 6.5221 ms
2026-03-02 23:18:57.044 +06:00 [INF] HTTP OPTIONS /api/Courses responded 204 in 6.5176 ms
2026-03-02 23:19:00.448 +06:00 [ERR] HTTP GET /api/Courses responded 500 in 3289.0435 ms
System.OperationCanceledException: The operation was canceled.
   at System.Threading.CancellationToken.ThrowOperationCanceledException()
   at System.Threading.CancellationToken.ThrowIfCancellationRequested()
   at Microsoft.EntityFrameworkCore.Storage.ExecutionStrategy.ExecuteImplementationAsync[TState,TResult](Func`4 operation, Func`4 verifySucceeded, TState state, CancellationToken cancellationToken)
   at Microsoft.EntityFrameworkCore.Storage.ExecutionStrategy.ExecuteAsync[TState,TResult](TState state, Func`4 operation, Func`4 verifySucceeded, CancellationToken cancellationToken)
   at Microsoft.EntityFrameworkCore.Query.Internal.SingleQueryingEnumerable`1.AsyncEnumerator.MoveNextAsync()
   at Microsoft.EntityFrameworkCore.EntityFrameworkQueryableExtensions.ToListAsync[TSource](IQueryable`1 source, CancellationToken cancellationToken)
   at Microsoft.EntityFrameworkCore.EntityFrameworkQueryableExtensions.ToListAsync[TSource](IQueryable`1 source, CancellationToken cancellationToken)
   at EduNexis.Infrastructure.Persistence.Repositories.CourseRepository.GetByTeacherAsync(Guid teacherId, CancellationToken ct) in D:\Coding\Projects\edunexis-api\src\EduNexis.Infrastructure\Persistence\Repositories\CourseRepository.cs:line 25
   at EduNexis.Application.Features.Courses.Queries.GetCoursesQueryHandler.Handle(GetCoursesQuery query, CancellationToken ct) in D:\Coding\Projects\edunexis-api\src\EduNexis.Application\Features\Courses\Queries\GetCoursesQuery.cs:line 21
   at EduNexis.API.Controllers.CoursesController.GetAll(Nullable`1 teacherId, Nullable`1 studentId, CancellationToken ct) in D:\Coding\Projects\edunexis-api\src\EduNexis.API\Controllers\CoursesController.cs:line 27
   at Microsoft.AspNetCore.Mvc.Infrastructure.ActionMethodExecutor.TaskOfIActionResultExecutor.Execute(ActionContext actionContext, IActionResultTypeMapper mapper, ObjectMethodExecutor executor, Object controller, Object[] arguments)
   at Microsoft.AspNetCore.Mvc.Infrastructure.ControllerActionInvoker.<InvokeActionMethodAsync>g__Awaited|12_0(ControllerActionInvoker invoker, ValueTask`1 actionResultValueTask)
   at Microsoft.AspNetCore.Mvc.Infrastructure.ControllerActionInvoker.<InvokeNextActionFilterAsync>g__Awaited|10_0(ControllerActionInvoker invoker, Task lastTask, State next, Scope scope, Object state, Boolean isCompleted)
   at Microsoft.AspNetCore.Mvc.Infrastructure.ControllerActionInvoker.Rethrow(ActionExecutedContextSealed context)
   at Microsoft.AspNetCore.Mvc.Infrastructure.ControllerActionInvoker.Next(State& next, Scope& scope, Object& state, Boolean& isCompleted)
   at Microsoft.AspNetCore.Mvc.Infrastructure.ControllerActionInvoker.InvokeInnerFilterAsync()
--- End of stack trace from previous location ---
   at Microsoft.AspNetCore.Mvc.Infrastructure.ResourceInvoker.<InvokeFilterPipelineAsync>g__Awaited|20_0(ResourceInvoker invoker, Task lastTask, State next, Scope scope, Object state, Boolean isCompleted)
   at Microsoft.AspNetCore.Mvc.Infrastructure.ResourceInvoker.<InvokeAsync>g__Awaited|17_0(ResourceInvoker invoker, Task task, IDisposable scope)
   at Microsoft.AspNetCore.Mvc.Infrastructure.ResourceInvoker.<InvokeAsync>g__Awaited|17_0(ResourceInvoker invoker, Task task, IDisposable scope)
   at Microsoft.AspNetCore.Authorization.AuthorizationMiddleware.Invoke(HttpContext context)
   at Microsoft.AspNetCore.Authentication.AuthenticationMiddleware.Invoke(HttpContext context)
   at Serilog.AspNetCore.RequestLoggingMiddleware.Invoke(HttpContext httpContext)
2026-03-02 23:19:00.448 +06:00 [ERR] HTTP GET /api/Courses responded 500 in 3289.7105 ms
System.OperationCanceledException: The operation was canceled.
   at System.Threading.CancellationToken.ThrowOperationCanceledException()
   at System.Threading.CancellationToken.ThrowIfCancellationRequested()
   at Microsoft.EntityFrameworkCore.Storage.ExecutionStrategy.ExecuteImplementationAsync[TState,TResult](Func`4 operation, Func`4 verifySucceeded, TState state, CancellationToken cancellationToken)
   at Microsoft.EntityFrameworkCore.Storage.ExecutionStrategy.ExecuteAsync[TState,TResult](TState state, Func`4 operation, Func`4 verifySucceeded, CancellationToken cancellationToken)
   at Microsoft.EntityFrameworkCore.Query.Internal.SingleQueryingEnumerable`1.AsyncEnumerator.MoveNextAsync()
   at Microsoft.EntityFrameworkCore.EntityFrameworkQueryableExtensions.ToListAsync[TSource](IQueryable`1 source, CancellationToken cancellationToken)
   at Microsoft.EntityFrameworkCore.EntityFrameworkQueryableExtensions.ToListAsync[TSource](IQueryable`1 source, CancellationToken cancellationToken)
   at EduNexis.Infrastructure.Persistence.Repositories.CourseRepository.GetAllAsync(CancellationToken ct) in D:\Coding\Projects\edunexis-api\src\EduNexis.Infrastructure\Persistence\Repositories\CourseRepository.cs:line 41
   at EduNexis.Application.Features.Courses.Queries.GetCoursesQueryHandler.Handle(GetCoursesQuery query, CancellationToken ct) in D:\Coding\Projects\edunexis-api\src\EduNexis.Application\Features\Courses\Queries\GetCoursesQuery.cs:line 25
   at EduNexis.API.Controllers.CoursesController.GetAll(Nullable`1 teacherId, Nullable`1 studentId, CancellationToken ct) in D:\Coding\Projects\edunexis-api\src\EduNexis.API\Controllers\CoursesController.cs:line 27
   at Microsoft.AspNetCore.Mvc.Infrastructure.ActionMethodExecutor.TaskOfIActionResultExecutor.Execute(ActionContext actionContext, IActionResultTypeMapper mapper, ObjectMethodExecutor executor, Object controller, Object[] arguments)
   at Microsoft.AspNetCore.Mvc.Infrastructure.ControllerActionInvoker.<InvokeActionMethodAsync>g__Awaited|12_0(ControllerActionInvoker invoker, ValueTask`1 actionResultValueTask)
   at Microsoft.AspNetCore.Mvc.Infrastructure.ControllerActionInvoker.<InvokeNextActionFilterAsync>g__Awaited|10_0(ControllerActionInvoker invoker, Task lastTask, State next, Scope scope, Object state, Boolean isCompleted)
   at Microsoft.AspNetCore.Mvc.Infrastructure.ControllerActionInvoker.Rethrow(ActionExecutedContextSealed context)
   at Microsoft.AspNetCore.Mvc.Infrastructure.ControllerActionInvoker.Next(State& next, Scope& scope, Object& state, Boolean& isCompleted)
   at Microsoft.AspNetCore.Mvc.Infrastructure.ControllerActionInvoker.InvokeInnerFilterAsync()
--- End of stack trace from previous location ---
   at Microsoft.AspNetCore.Mvc.Infrastructure.ResourceInvoker.<InvokeFilterPipelineAsync>g__Awaited|20_0(ResourceInvoker invoker, Task lastTask, State next, Scope scope, Object state, Boolean isCompleted)
   at Microsoft.AspNetCore.Mvc.Infrastructure.ResourceInvoker.<InvokeAsync>g__Awaited|17_0(ResourceInvoker invoker, Task task, IDisposable scope)
   at Microsoft.AspNetCore.Mvc.Infrastructure.ResourceInvoker.<InvokeAsync>g__Awaited|17_0(ResourceInvoker invoker, Task task, IDisposable scope)
   at Microsoft.AspNetCore.Authorization.AuthorizationMiddleware.Invoke(HttpContext context)
   at Microsoft.AspNetCore.Authentication.AuthenticationMiddleware.Invoke(HttpContext context)
   at Serilog.AspNetCore.RequestLoggingMiddleware.Invoke(HttpContext httpContext)
2026-03-02 23:19:00.497 +06:00 [ERR] Unhandled exception: The operation was canceled.
System.OperationCanceledException: The operation was canceled.
   at System.Threading.CancellationToken.ThrowOperationCanceledException()
   at System.Threading.CancellationToken.ThrowIfCancellationRequested()
   at Microsoft.EntityFrameworkCore.Storage.ExecutionStrategy.ExecuteImplementationAsync[TState,TResult](Func`4 operation, Func`4 verifySucceeded, TState state, CancellationToken cancellationToken)
   at Microsoft.EntityFrameworkCore.Storage.ExecutionStrategy.ExecuteAsync[TState,TResult](TState state, Func`4 operation, Func`4 verifySucceeded, CancellationToken cancellationToken)
   at Microsoft.EntityFrameworkCore.Query.Internal.SingleQueryingEnumerable`1.AsyncEnumerator.MoveNextAsync()
   at Microsoft.EntityFrameworkCore.EntityFrameworkQueryableExtensions.ToListAsync[TSource](IQueryable`1 source, CancellationToken cancellationToken)
   at Microsoft.EntityFrameworkCore.EntityFrameworkQueryableExtensions.ToListAsync[TSource](IQueryable`1 source, CancellationToken cancellationToken)
   at EduNexis.Infrastructure.Persistence.Repositories.CourseRepository.GetByTeacherAsync(Guid teacherId, CancellationToken ct) in D:\Coding\Projects\edunexis-api\src\EduNexis.Infrastructure\Persistence\Repositories\CourseRepository.cs:line 25
   at EduNexis.Application.Features.Courses.Queries.GetCoursesQueryHandler.Handle(GetCoursesQuery query, CancellationToken ct) in D:\Coding\Projects\edunexis-api\src\EduNexis.Application\Features\Courses\Queries\GetCoursesQuery.cs:line 21
   at EduNexis.API.Controllers.CoursesController.GetAll(Nullable`1 teacherId, Nullable`1 studentId, CancellationToken ct) in D:\Coding\Projects\edunexis-api\src\EduNexis.API\Controllers\CoursesController.cs:line 27
   at Microsoft.AspNetCore.Mvc.Infrastructure.ActionMethodExecutor.TaskOfIActionResultExecutor.Execute(ActionContext actionContext, IActionResultTypeMapper mapper, ObjectMethodExecutor executor, Object controller, Object[] arguments)
   at Microsoft.AspNetCore.Mvc.Infrastructure.ControllerActionInvoker.<InvokeActionMethodAsync>g__Awaited|12_0(ControllerActionInvoker invoker, ValueTask`1 actionResultValueTask)
   at Microsoft.AspNetCore.Mvc.Infrastructure.ControllerActionInvoker.<InvokeNextActionFilterAsync>g__Awaited|10_0(ControllerActionInvoker invoker, Task lastTask, State next, Scope scope, Object state, Boolean isCompleted)
   at Microsoft.AspNetCore.Mvc.Infrastructure.ControllerActionInvoker.Rethrow(ActionExecutedContextSealed context)
   at Microsoft.AspNetCore.Mvc.Infrastructure.ControllerActionInvoker.Next(State& next, Scope& scope, Object& state, Boolean& isCompleted)
   at Microsoft.AspNetCore.Mvc.Infrastructure.ControllerActionInvoker.InvokeInnerFilterAsync()
--- End of stack trace from previous location ---
   at Microsoft.AspNetCore.Mvc.Infrastructure.ResourceInvoker.<InvokeFilterPipelineAsync>g__Awaited|20_0(ResourceInvoker invoker, Task lastTask, State next, Scope scope, Object state, Boolean isCompleted)
   at Microsoft.AspNetCore.Mvc.Infrastructure.ResourceInvoker.<InvokeAsync>g__Awaited|17_0(ResourceInvoker invoker, Task task, IDisposable scope)
   at Microsoft.AspNetCore.Mvc.Infrastructure.ResourceInvoker.<InvokeAsync>g__Awaited|17_0(ResourceInvoker invoker, Task task, IDisposable scope)
   at Microsoft.AspNetCore.Authorization.AuthorizationMiddleware.Invoke(HttpContext context)
   at Microsoft.AspNetCore.Authentication.AuthenticationMiddleware.Invoke(HttpContext context)
   at Serilog.AspNetCore.RequestLoggingMiddleware.Invoke(HttpContext httpContext)
   at Swashbuckle.AspNetCore.SwaggerUI.SwaggerUIMiddleware.Invoke(HttpContext httpContext)
   at Swashbuckle.AspNetCore.Swagger.SwaggerMiddleware.Invoke(HttpContext httpContext, ISwaggerProvider swaggerProvider)
   at EduNexis.API.Middleware.ExceptionMiddleware.InvokeAsync(HttpContext context) in D:\Coding\Projects\edunexis-api\src\EduNexis.API\Middleware\ExceptionMiddleware.cs:line 15
2026-03-02 23:19:00.502 +06:00 [ERR] Unhandled exception: The operation was canceled.
System.OperationCanceledException: The operation was canceled.
   at System.Threading.CancellationToken.ThrowOperationCanceledException()
   at System.Threading.CancellationToken.ThrowIfCancellationRequested()
   at Microsoft.EntityFrameworkCore.Storage.ExecutionStrategy.ExecuteImplementationAsync[TState,TResult](Func`4 operation, Func`4 verifySucceeded, TState state, CancellationToken cancellationToken)
   at Microsoft.EntityFrameworkCore.Storage.ExecutionStrategy.ExecuteAsync[TState,TResult](TState state, Func`4 operation, Func`4 verifySucceeded, CancellationToken cancellationToken)
   at Microsoft.EntityFrameworkCore.Query.Internal.SingleQueryingEnumerable`1.AsyncEnumerator.MoveNextAsync()
   at Microsoft.EntityFrameworkCore.EntityFrameworkQueryableExtensions.ToListAsync[TSource](IQueryable`1 source, CancellationToken cancellationToken)
   at Microsoft.EntityFrameworkCore.EntityFrameworkQueryableExtensions.ToListAsync[TSource](IQueryable`1 source, CancellationToken cancellationToken)
   at EduNexis.Infrastructure.Persistence.Repositories.CourseRepository.GetAllAsync(CancellationToken ct) in D:\Coding\Projects\edunexis-api\src\EduNexis.Infrastructure\Persistence\Repositories\CourseRepository.cs:line 41
   at EduNexis.Application.Features.Courses.Queries.GetCoursesQueryHandler.Handle(GetCoursesQuery query, CancellationToken ct) in D:\Coding\Projects\edunexis-api\src\EduNexis.Application\Features\Courses\Queries\GetCoursesQuery.cs:line 25
   at EduNexis.API.Controllers.CoursesController.GetAll(Nullable`1 teacherId, Nullable`1 studentId, CancellationToken ct) in D:\Coding\Projects\edunexis-api\src\EduNexis.API\Controllers\CoursesController.cs:line 27
   at Microsoft.AspNetCore.Mvc.Infrastructure.ActionMethodExecutor.TaskOfIActionResultExecutor.Execute(ActionContext actionContext, IActionResultTypeMapper mapper, ObjectMethodExecutor executor, Object controller, Object[] arguments)
   at Microsoft.AspNetCore.Mvc.Infrastructure.ControllerActionInvoker.<InvokeActionMethodAsync>g__Awaited|12_0(ControllerActionInvoker invoker, ValueTask`1 actionResultValueTask)
   at Microsoft.AspNetCore.Mvc.Infrastructure.ControllerActionInvoker.<InvokeNextActionFilterAsync>g__Awaited|10_0(ControllerActionInvoker invoker, Task lastTask, State next, Scope scope, Object state, Boolean isCompleted)
   at Microsoft.AspNetCore.Mvc.Infrastructure.ControllerActionInvoker.Rethrow(ActionExecutedContextSealed context)
   at Microsoft.AspNetCore.Mvc.Infrastructure.ControllerActionInvoker.Next(State& next, Scope& scope, Object& state, Boolean& isCompleted)
   at Microsoft.AspNetCore.Mvc.Infrastructure.ControllerActionInvoker.InvokeInnerFilterAsync()
--- End of stack trace from previous location ---
   at Microsoft.AspNetCore.Mvc.Infrastructure.ResourceInvoker.<InvokeFilterPipelineAsync>g__Awaited|20_0(ResourceInvoker invoker, Task lastTask, State next, Scope scope, Object state, Boolean isCompleted)
   at Microsoft.AspNetCore.Mvc.Infrastructure.ResourceInvoker.<InvokeAsync>g__Awaited|17_0(ResourceInvoker invoker, Task task, IDisposable scope)
   at Microsoft.AspNetCore.Mvc.Infrastructure.ResourceInvoker.<InvokeAsync>g__Awaited|17_0(ResourceInvoker invoker, Task task, IDisposable scope)
   at Microsoft.AspNetCore.Authorization.AuthorizationMiddleware.Invoke(HttpContext context)
   at Microsoft.AspNetCore.Authentication.AuthenticationMiddleware.Invoke(HttpContext context)
   at Serilog.AspNetCore.RequestLoggingMiddleware.Invoke(HttpContext httpContext)
   at Swashbuckle.AspNetCore.SwaggerUI.SwaggerUIMiddleware.Invoke(HttpContext httpContext)
   at Swashbuckle.AspNetCore.Swagger.SwaggerMiddleware.Invoke(HttpContext httpContext, ISwaggerProvider swaggerProvider)
   at EduNexis.API.Middleware.ExceptionMiddleware.InvokeAsync(HttpContext context) in D:\Coding\Projects\edunexis-api\src\EduNexis.API\Middleware\ExceptionMiddleware.cs:line 15
2026-03-02 23:19:00.721 +06:00 [INF] HTTP OPTIONS /api/Notifications responded 204 in 0.1426 ms
2026-03-02 23:19:01.851 +06:00 [INF] HTTP GET /api/Notifications responded 200 in 1120.1130 ms
2026-03-02 23:19:02.336 +06:00 [INF] HTTP GET /api/Courses responded 200 in 1611.4551 ms
2026-03-02 23:19:02.336 +06:00 [INF] HTTP GET /api/Courses responded 200 in 1612.0567 ms
2026-03-02 23:19:07.224 +06:00 [INF] HTTP OPTIONS /api/Courses/ac80d30d-540f-4a38-aa5e-22420bf183c7 responded 204 in 0.3749 ms
2026-03-02 23:19:07.471 +06:00 [INF] HTTP GET /api/Courses/ac80d30d-540f-4a38-aa5e-22420bf183c7 responded 200 in 235.5361 ms
2026-03-02 23:19:07.502 +06:00 [INF] HTTP OPTIONS /api/Announcements/courses/ac80d30d-540f-4a38-aa5e-22420bf183c7/announcements responded 204 in 0.0652 ms
2026-03-02 23:19:07.614 +06:00 [INF] HTTP GET /api/Announcements/courses/ac80d30d-540f-4a38-aa5e-22420bf183c7/announcements responded 200 in 106.0530 ms
2026-03-02 23:19:09.972 +06:00 [INF] HTTP OPTIONS /api/Attendance/courses/ac80d30d-540f-4a38-aa5e-22420bf183c7/sessions responded 204 in 0.4382 ms
2026-03-02 23:19:09.972 +06:00 [INF] HTTP OPTIONS /api/Courses/ac80d30d-540f-4a38-aa5e-22420bf183c7/members responded 204 in 0.5037 ms
2026-03-02 23:19:09.972 +06:00 [INF] HTTP OPTIONS /api/Attendance/courses/ac80d30d-540f-4a38-aa5e-22420bf183c7/sessions responded 204 in 0.6476 ms
2026-03-02 23:19:10.234 +06:00 [INF] HTTP GET /api/Courses/ac80d30d-540f-4a38-aa5e-22420bf183c7/members responded 200 in 226.0203 ms
2026-03-02 23:19:10.292 +06:00 [INF] HTTP GET /api/Attendance/courses/ac80d30d-540f-4a38-aa5e-22420bf183c7/sessions responded 200 in 301.1975 ms
2026-03-02 23:19:10.347 +06:00 [INF] HTTP GET /api/Attendance/courses/ac80d30d-540f-4a38-aa5e-22420bf183c7/sessions responded 200 in 51.1974 ms
2026-03-02 23:19:10.531 +06:00 [INF] HTTP OPTIONS /api/Materials/courses/ac80d30d-540f-4a38-aa5e-22420bf183c7/materials responded 204 in 0.0513 ms
2026-03-02 23:19:10.766 +06:00 [INF] HTTP GET /api/Materials/courses/ac80d30d-540f-4a38-aa5e-22420bf183c7/materials responded 200 in 230.9176 ms
2026-03-02 23:19:17.032 +06:00 [INF] HTTP OPTIONS /api/Materials/courses/ac80d30d-540f-4a38-aa5e-22420bf183c7/materials/82157b91-6f8d-4885-b2a3-8c49b9a53307 responded 204 in 0.3500 ms
2026-03-02 23:19:17.678 +06:00 [INF] HTTP DELETE /api/Materials/courses/ac80d30d-540f-4a38-aa5e-22420bf183c7/materials/82157b91-6f8d-4885-b2a3-8c49b9a53307 responded 200 in 635.5385 ms
2026-03-02 23:19:17.694 +06:00 [INF] HTTP OPTIONS /api/Materials/courses/ac80d30d-540f-4a38-aa5e-22420bf183c7/materials responded 204 in 0.1094 ms
2026-03-02 23:19:17.724 +06:00 [INF] HTTP GET /api/Materials/courses/ac80d30d-540f-4a38-aa5e-22420bf183c7/materials responded 200 in 17.4531 ms
2026-03-02 23:19:19.735 +06:00 [INF] HTTP OPTIONS /api/Courses/ac80d30d-540f-4a38-aa5e-22420bf183c7 responded 204 in 0.0607 ms
2026-03-02 23:19:19.735 +06:00 [INF] HTTP OPTIONS /api/Notifications responded 204 in 0.0605 ms
2026-03-02 23:19:19.747 +06:00 [INF] HTTP GET /api/Notifications responded 200 in 4.8495 ms
2026-03-02 23:19:19.803 +06:00 [INF] HTTP GET /api/Courses/ac80d30d-540f-4a38-aa5e-22420bf183c7 responded 200 in 63.8475 ms
2026-03-02 23:19:19.925 +06:00 [INF] HTTP GET /api/Materials/courses/ac80d30d-540f-4a38-aa5e-22420bf183c7/materials responded 200 in 5.0256 ms
2026-03-02 23:19:25.887 +06:00 [INF] HTTP OPTIONS /api/Materials/courses/ac80d30d-540f-4a38-aa5e-22420bf183c7/materials responded 204 in 0.4170 ms
2026-03-02 23:19:29.000 +06:00 [INF] HTTP POST /api/Materials/courses/ac80d30d-540f-4a38-aa5e-22420bf183c7/materials responded 200 in 3097.2761 ms
2026-03-02 23:19:29.039 +06:00 [INF] HTTP GET /api/Materials/courses/ac80d30d-540f-4a38-aa5e-22420bf183c7/materials responded 200 in 20.9542 ms
2026-03-02 23:20:18.712 +06:00 [INF] HTTP OPTIONS /api/Materials/courses/ac80d30d-540f-4a38-aa5e-22420bf183c7/materials responded 204 in 0.0979 ms
2026-03-02 23:20:19.818 +06:00 [INF] HTTP OPTIONS /api/Notifications responded 204 in 0.5113 ms
2026-03-02 23:20:19.843 +06:00 [INF] HTTP GET /api/Notifications responded 200 in 15.7410 ms
2026-03-02 23:20:23.617 +06:00 [INF] HTTP POST /api/Materials/courses/ac80d30d-540f-4a38-aa5e-22420bf183c7/materials responded 200 in 4890.9526 ms
2026-03-02 23:20:23.655 +06:00 [INF] HTTP GET /api/Materials/courses/ac80d30d-540f-4a38-aa5e-22420bf183c7/materials responded 200 in 21.4649 ms
2026-03-02 23:21:33.900 +06:00 [INF] HTTP OPTIONS /api/Materials/courses/ac80d30d-540f-4a38-aa5e-22420bf183c7/materials responded 204 in 0.9172 ms
2026-03-02 23:21:34.054 +06:00 [INF] HTTP POST /api/Materials/courses/ac80d30d-540f-4a38-aa5e-22420bf183c7/materials responded 200 in 140.7040 ms
2026-03-02 23:21:34.201 +06:00 [INF] HTTP GET /api/Materials/courses/ac80d30d-540f-4a38-aa5e-22420bf183c7/materials responded 200 in 137.2804 ms
2026-03-02 23:21:41.349 +06:00 [INF] HTTP OPTIONS /api/Materials/courses/ac80d30d-540f-4a38-aa5e-22420bf183c7/materials responded 204 in 0.1391 ms
2026-03-02 23:21:41.370 +06:00 [INF] HTTP GET /api/Materials/courses/ac80d30d-540f-4a38-aa5e-22420bf183c7/materials responded 200 in 14.2110 ms
2026-03-02 23:21:49.875 +06:00 [INF] HTTP OPTIONS /api/Notifications responded 204 in 0.1070 ms
2026-03-02 23:21:49.887 +06:00 [INF] HTTP GET /api/Notifications responded 200 in 5.2621 ms
2026-03-02 23:21:51.612 +06:00 [INF] HTTP OPTIONS /api/Materials/courses/ac80d30d-540f-4a38-aa5e-22420bf183c7/materials responded 204 in 0.0517 ms
2026-03-02 23:21:55.619 +06:00 [INF] HTTP POST /api/Materials/courses/ac80d30d-540f-4a38-aa5e-22420bf183c7/materials responded 200 in 4000.3472 ms
2026-03-02 23:21:55.637 +06:00 [INF] HTTP OPTIONS /api/Materials/courses/ac80d30d-540f-4a38-aa5e-22420bf183c7/materials responded 204 in 0.1273 ms
2026-03-02 23:21:55.660 +06:00 [INF] HTTP GET /api/Materials/courses/ac80d30d-540f-4a38-aa5e-22420bf183c7/materials responded 200 in 16.9637 ms
2026-03-02 23:22:03.944 +06:00 [INF] HTTP OPTIONS /api/Materials/courses/ac80d30d-540f-4a38-aa5e-22420bf183c7/materials responded 204 in 0.0908 ms
2026-03-02 23:22:03.963 +06:00 [INF] HTTP GET /api/Materials/courses/ac80d30d-540f-4a38-aa5e-22420bf183c7/materials responded 200 in 13.4345 ms
2026-03-02 23:22:08.692 +06:00 [INF] HTTP OPTIONS /api/Notifications responded 204 in 0.4531 ms
2026-03-02 23:22:08.692 +06:00 [INF] HTTP OPTIONS /api/Courses/ac80d30d-540f-4a38-aa5e-22420bf183c7 responded 204 in 0.0246 ms
2026-03-02 23:22:08.711 +06:00 [INF] HTTP GET /api/Notifications responded 200 in 5.4510 ms
2026-03-02 23:22:08.814 +06:00 [INF] HTTP GET /api/Courses/ac80d30d-540f-4a38-aa5e-22420bf183c7 responded 200 in 105.2149 ms
2026-03-02 23:22:08.963 +06:00 [INF] HTTP GET /api/Materials/courses/ac80d30d-540f-4a38-aa5e-22420bf183c7/materials responded 200 in 11.6428 ms
2026-03-02 23:22:38.791 +06:00 [INF] HTTP OPTIONS /api/Notifications responded 204 in 0.1273 ms
2026-03-02 23:22:38.804 +06:00 [INF] HTTP GET /api/Notifications responded 200 in 6.4719 ms
2026-03-02 23:25:08.848 +06:00 [INF] HTTP OPTIONS /api/Notifications responded 204 in 0.7123 ms
2026-03-02 23:25:08.873 +06:00 [INF] HTTP GET /api/Notifications responded 200 in 14.8623 ms
2026-03-02 23:30:35.373 +06:00 [INF] HTTP OPTIONS /api/Notifications responded 204 in 3.4801 ms
2026-03-02 23:30:35.373 +06:00 [INF] HTTP OPTIONS /api/Courses responded 204 in 3.4933 ms
2026-03-02 23:30:35.373 +06:00 [INF] HTTP OPTIONS /api/Courses responded 204 in 3.4739 ms
2026-03-02 23:30:38.675 +06:00 [INF] HTTP GET /api/Notifications responded 200 in 3169.3304 ms
2026-03-02 23:30:38.989 +06:00 [INF] HTTP GET /api/Courses responded 200 in 3483.2363 ms
2026-03-02 23:30:38.989 +06:00 [INF] HTTP GET /api/Courses responded 200 in 3483.2398 ms
2026-03-02 23:30:56.150 +06:00 [INF] HTTP OPTIONS /api/Courses/ac80d30d-540f-4a38-aa5e-22420bf183c7 responded 204 in 0.4754 ms
2026-03-02 23:30:56.645 +06:00 [INF] HTTP GET /api/Courses/ac80d30d-540f-4a38-aa5e-22420bf183c7 responded 200 in 484.3645 ms
2026-03-02 23:31:00.480 +06:00 [INF] HTTP OPTIONS /api/Announcements/courses/ac80d30d-540f-4a38-aa5e-22420bf183c7/announcements responded 204 in 0.1812 ms
2026-03-02 23:31:00.599 +06:00 [INF] HTTP GET /api/Announcements/courses/ac80d30d-540f-4a38-aa5e-22420bf183c7/announcements responded 200 in 104.1832 ms
2026-03-02 23:31:02.831 +06:00 [INF] HTTP OPTIONS /api/Materials/courses/ac80d30d-540f-4a38-aa5e-22420bf183c7/materials responded 204 in 0.0937 ms
2026-03-02 23:31:03.081 +06:00 [INF] HTTP GET /api/Materials/courses/ac80d30d-540f-4a38-aa5e-22420bf183c7/materials responded 200 in 242.0663 ms
2026-03-02 23:31:06.091 +06:00 [INF] HTTP OPTIONS /api/Courses/ac80d30d-540f-4a38-aa5e-22420bf183c7 responded 204 in 0.0922 ms
2026-03-02 23:31:06.091 +06:00 [INF] HTTP OPTIONS /api/Notifications responded 204 in 0.0923 ms
2026-03-02 23:31:06.105 +06:00 [INF] HTTP GET /api/Notifications responded 200 in 7.3149 ms
2026-03-02 23:31:06.194 +06:00 [INF] HTTP GET /api/Courses/ac80d30d-540f-4a38-aa5e-22420bf183c7 responded 200 in 97.4161 ms
2026-03-02 23:31:06.341 +06:00 [INF] HTTP GET /api/Materials/courses/ac80d30d-540f-4a38-aa5e-22420bf183c7/materials responded 200 in 16.3621 ms
2026-03-02 23:31:10.717 +06:00 [INF] HTTP OPTIONS /api/Materials/courses/ac80d30d-540f-4a38-aa5e-22420bf183c7/materials responded 204 in 0.1349 ms
2026-03-02 23:31:10.773 +06:00 [INF] HTTP GET /api/Materials/courses/ac80d30d-540f-4a38-aa5e-22420bf183c7/materials responded 200 in 49.2266 ms
2026-03-02 23:31:20.548 +06:00 [INF] HTTP OPTIONS /api/Materials/courses/ac80d30d-540f-4a38-aa5e-22420bf183c7/materials responded 204 in 0.1949 ms
2026-03-02 23:31:20.568 +06:00 [INF] HTTP GET /api/Materials/courses/ac80d30d-540f-4a38-aa5e-22420bf183c7/materials responded 200 in 13.4944 ms
2026-03-02 23:31:27.949 +06:00 [INF] HTTP OPTIONS /api/Materials/courses/ac80d30d-540f-4a38-aa5e-22420bf183c7/materials/979f8e0c-98d1-403a-8e0e-82316824ec70 responded 204 in 0.3990 ms
2026-03-02 23:31:28.620 +06:00 [INF] HTTP DELETE /api/Materials/courses/ac80d30d-540f-4a38-aa5e-22420bf183c7/materials/979f8e0c-98d1-403a-8e0e-82316824ec70 responded 200 in 661.1581 ms
2026-03-02 23:31:28.639 +06:00 [INF] HTTP OPTIONS /api/Materials/courses/ac80d30d-540f-4a38-aa5e-22420bf183c7/materials responded 204 in 0.1792 ms
2026-03-02 23:31:28.650 +06:00 [INF] HTTP GET /api/Materials/courses/ac80d30d-540f-4a38-aa5e-22420bf183c7/materials responded 200 in 5.6828 ms
2026-03-02 23:31:32.690 +06:00 [INF] HTTP OPTIONS /api/Materials/courses/ac80d30d-540f-4a38-aa5e-22420bf183c7/materials/eb1e147c-c422-413c-97fa-9296a69f69da responded 204 in 0.0977 ms
2026-03-02 23:31:32.830 +06:00 [INF] HTTP DELETE /api/Materials/courses/ac80d30d-540f-4a38-aa5e-22420bf183c7/materials/eb1e147c-c422-413c-97fa-9296a69f69da responded 200 in 126.7841 ms
2026-03-02 23:31:32.858 +06:00 [INF] HTTP GET /api/Materials/courses/ac80d30d-540f-4a38-aa5e-22420bf183c7/materials responded 200 in 16.6573 ms
2026-03-02 23:31:36.159 +06:00 [INF] HTTP OPTIONS /api/Notifications responded 204 in 0.8745 ms
2026-03-02 23:31:36.188 +06:00 [INF] HTTP GET /api/Notifications responded 200 in 18.0895 ms
2026-03-02 23:31:36.241 +06:00 [INF] HTTP OPTIONS /api/Materials/courses/ac80d30d-540f-4a38-aa5e-22420bf183c7/materials/5333385f-1d41-4d7f-a875-ece8160c2e51 responded 204 in 0.2905 ms
2026-03-02 23:31:36.398 +06:00 [INF] HTTP DELETE /api/Materials/courses/ac80d30d-540f-4a38-aa5e-22420bf183c7/materials/5333385f-1d41-4d7f-a875-ece8160c2e51 responded 200 in 141.2122 ms
2026-03-02 23:31:36.410 +06:00 [INF] HTTP OPTIONS /api/Materials/courses/ac80d30d-540f-4a38-aa5e-22420bf183c7/materials responded 204 in 0.6449 ms
2026-03-02 23:31:36.452 +06:00 [INF] HTTP GET /api/Materials/courses/ac80d30d-540f-4a38-aa5e-22420bf183c7/materials responded 200 in 28.3447 ms
2026-03-02 23:31:40.715 +06:00 [INF] HTTP OPTIONS /api/Materials/courses/ac80d30d-540f-4a38-aa5e-22420bf183c7/materials/696630fe-b5c6-44ca-9ba5-5cd15867ba6c responded 204 in 0.0595 ms
2026-03-02 23:31:40.866 +06:00 [INF] HTTP DELETE /api/Materials/courses/ac80d30d-540f-4a38-aa5e-22420bf183c7/materials/696630fe-b5c6-44ca-9ba5-5cd15867ba6c responded 200 in 136.4868 ms
2026-03-02 23:31:40.908 +06:00 [INF] HTTP GET /api/Materials/courses/ac80d30d-540f-4a38-aa5e-22420bf183c7/materials responded 200 in 20.7455 ms
2026-03-02 23:31:45.462 +06:00 [INF] HTTP OPTIONS /api/Materials/courses/ac80d30d-540f-4a38-aa5e-22420bf183c7/materials/119ce300-da71-4063-aa40-f1a18d6b051e responded 204 in 0.0627 ms
2026-03-02 23:31:45.552 +06:00 [INF] HTTP DELETE /api/Materials/courses/ac80d30d-540f-4a38-aa5e-22420bf183c7/materials/119ce300-da71-4063-aa40-f1a18d6b051e responded 200 in 84.1901 ms
2026-03-02 23:31:45.563 +06:00 [INF] HTTP OPTIONS /api/Materials/courses/ac80d30d-540f-4a38-aa5e-22420bf183c7/materials responded 204 in 0.0709 ms
2026-03-02 23:31:45.587 +06:00 [INF] HTTP GET /api/Materials/courses/ac80d30d-540f-4a38-aa5e-22420bf183c7/materials responded 200 in 9.4121 ms
2026-03-02 23:31:50.790 +06:00 [INF] HTTP OPTIONS /api/Materials/courses/ac80d30d-540f-4a38-aa5e-22420bf183c7/materials/a853a792-3401-4b4b-a157-013eaa9c4394 responded 204 in 0.0884 ms
2026-03-02 23:31:50.886 +06:00 [INF] HTTP DELETE /api/Materials/courses/ac80d30d-540f-4a38-aa5e-22420bf183c7/materials/a853a792-3401-4b4b-a157-013eaa9c4394 responded 200 in 89.9619 ms
2026-03-02 23:31:50.901 +06:00 [INF] HTTP OPTIONS /api/Materials/courses/ac80d30d-540f-4a38-aa5e-22420bf183c7/materials responded 204 in 0.1015 ms
2026-03-02 23:31:50.920 +06:00 [INF] HTTP GET /api/Materials/courses/ac80d30d-540f-4a38-aa5e-22420bf183c7/materials responded 200 in 12.5803 ms
2026-03-02 23:31:54.048 +06:00 [INF] HTTP OPTIONS /api/Materials/courses/ac80d30d-540f-4a38-aa5e-22420bf183c7/materials/e4433779-6162-4721-80ef-e082149eb9b0 responded 204 in 0.2285 ms
2026-03-02 23:31:54.239 +06:00 [INF] HTTP DELETE /api/Materials/courses/ac80d30d-540f-4a38-aa5e-22420bf183c7/materials/e4433779-6162-4721-80ef-e082149eb9b0 responded 200 in 184.6606 ms
2026-03-02 23:31:54.263 +06:00 [INF] HTTP GET /api/Materials/courses/ac80d30d-540f-4a38-aa5e-22420bf183c7/materials responded 200 in 9.4928 ms
2026-03-02 23:31:55.299 +06:00 [INF] HTTP OPTIONS /api/Materials/courses/ac80d30d-540f-4a38-aa5e-22420bf183c7/materials responded 204 in 0.1377 ms
2026-03-02 23:31:55.312 +06:00 [INF] HTTP GET /api/Materials/courses/ac80d30d-540f-4a38-aa5e-22420bf183c7/materials responded 200 in 5.3064 ms
2026-03-02 23:32:03.536 +06:00 [INF] HTTP OPTIONS /api/Materials/courses/ac80d30d-540f-4a38-aa5e-22420bf183c7/materials responded 204 in 0.0540 ms
2026-03-02 23:32:03.845 +06:00 [INF] HTTP POST /api/Materials/courses/ac80d30d-540f-4a38-aa5e-22420bf183c7/materials responded 200 in 293.8059 ms
2026-03-02 23:32:03.860 +06:00 [INF] HTTP OPTIONS /api/Materials/courses/ac80d30d-540f-4a38-aa5e-22420bf183c7/materials responded 204 in 0.0504 ms
2026-03-02 23:32:03.895 +06:00 [INF] HTTP GET /api/Materials/courses/ac80d30d-540f-4a38-aa5e-22420bf183c7/materials responded 200 in 20.0470 ms
2026-03-02 23:32:05.713 +06:00 [INF] HTTP OPTIONS /api/Materials/courses/ac80d30d-540f-4a38-aa5e-22420bf183c7/materials responded 204 in 0.0714 ms
2026-03-02 23:32:05.722 +06:00 [INF] HTTP GET /api/Materials/courses/ac80d30d-540f-4a38-aa5e-22420bf183c7/materials responded 200 in 3.5212 ms
2026-03-02 23:32:06.210 +06:00 [INF] HTTP OPTIONS /api/Notifications responded 204 in 0.0340 ms
2026-03-02 23:32:06.221 +06:00 [INF] HTTP GET /api/Notifications responded 200 in 3.7174 ms
2026-03-02 23:32:08.487 +06:00 [INF] HTTP OPTIONS /api/Materials/courses/ac80d30d-540f-4a38-aa5e-22420bf183c7/materials responded 204 in 0.0519 ms
2026-03-02 23:32:08.503 +06:00 [INF] HTTP GET /api/Materials/courses/ac80d30d-540f-4a38-aa5e-22420bf183c7/materials responded 200 in 9.7047 ms
2026-03-02 23:32:17.373 +06:00 [INF] HTTP OPTIONS /api/Materials/courses/ac80d30d-540f-4a38-aa5e-22420bf183c7/materials responded 204 in 0.0798 ms
2026-03-02 23:32:29.341 +06:00 [INF] HTTP POST /api/Materials/courses/ac80d30d-540f-4a38-aa5e-22420bf183c7/materials responded 200 in 11952.2955 ms
2026-03-02 23:32:29.357 +06:00 [INF] HTTP OPTIONS /api/Materials/courses/ac80d30d-540f-4a38-aa5e-22420bf183c7/materials responded 204 in 0.0557 ms
2026-03-02 23:32:29.402 +06:00 [INF] HTTP GET /api/Materials/courses/ac80d30d-540f-4a38-aa5e-22420bf183c7/materials responded 200 in 13.0227 ms
2026-03-02 23:32:34.240 +06:00 [INF] HTTP OPTIONS /api/Courses/ac80d30d-540f-4a38-aa5e-22420bf183c7 responded 204 in 0.1511 ms
2026-03-02 23:32:34.240 +06:00 [INF] HTTP OPTIONS /api/Notifications responded 204 in 0.0571 ms
2026-03-02 23:32:34.255 +06:00 [INF] HTTP GET /api/Notifications responded 200 in 6.3477 ms
2026-03-02 23:32:34.315 +06:00 [INF] HTTP GET /api/Courses/ac80d30d-540f-4a38-aa5e-22420bf183c7 responded 200 in 67.1789 ms
2026-03-02 23:32:34.480 +06:00 [INF] HTTP OPTIONS /api/Materials/courses/ac80d30d-540f-4a38-aa5e-22420bf183c7/materials responded 204 in 0.0569 ms
2026-03-02 23:32:34.497 +06:00 [INF] HTTP GET /api/Materials/courses/ac80d30d-540f-4a38-aa5e-22420bf183c7/materials responded 200 in 11.1428 ms
2026-03-02 23:32:36.546 +06:00 [INF] HTTP OPTIONS /api/Materials/courses/ac80d30d-540f-4a38-aa5e-22420bf183c7/materials responded 204 in 0.0909 ms
2026-03-02 23:32:36.566 +06:00 [INF] HTTP GET /api/Materials/courses/ac80d30d-540f-4a38-aa5e-22420bf183c7/materials responded 200 in 9.6307 ms
2026-03-02 23:32:38.076 +06:00 [INF] HTTP OPTIONS /api/Materials/courses/ac80d30d-540f-4a38-aa5e-22420bf183c7/materials responded 204 in 0.0373 ms
2026-03-02 23:32:38.084 +06:00 [INF] HTTP GET /api/Materials/courses/ac80d30d-540f-4a38-aa5e-22420bf183c7/materials responded 200 in 3.2518 ms
2026-03-02 23:32:49.058 +06:00 [INF] HTTP OPTIONS /api/Materials/courses/ac80d30d-540f-4a38-aa5e-22420bf183c7/materials responded 204 in 0.0268 ms
2026-03-02 23:32:49.068 +06:00 [INF] HTTP GET /api/Materials/courses/ac80d30d-540f-4a38-aa5e-22420bf183c7/materials responded 200 in 4.4013 ms
2026-03-02 23:33:04.304 +06:00 [INF] HTTP OPTIONS /api/Notifications responded 204 in 0.0686 ms
2026-03-02 23:33:04.316 +06:00 [INF] HTTP GET /api/Notifications responded 200 in 4.9531 ms
2026-03-02 23:33:09.425 +06:00 [INF] HTTP OPTIONS /api/Materials/courses/ac80d30d-540f-4a38-aa5e-22420bf183c7/materials responded 204 in 0.2025 ms
2026-03-02 23:33:11.895 +06:00 [INF] HTTP POST /api/Materials/courses/ac80d30d-540f-4a38-aa5e-22420bf183c7/materials responded 200 in 2458.4902 ms
2026-03-02 23:33:11.929 +06:00 [INF] HTTP GET /api/Materials/courses/ac80d30d-540f-4a38-aa5e-22420bf183c7/materials responded 200 in 20.8828 ms
2026-03-02 23:33:13.221 +06:00 [INF] HTTP OPTIONS /api/Materials/courses/ac80d30d-540f-4a38-aa5e-22420bf183c7/materials responded 204 in 0.0610 ms
2026-03-02 23:33:13.231 +06:00 [INF] HTTP GET /api/Materials/courses/ac80d30d-540f-4a38-aa5e-22420bf183c7/materials responded 200 in 3.8191 ms
2026-03-02 23:33:16.331 +06:00 [INF] HTTP OPTIONS /api/Materials/courses/ac80d30d-540f-4a38-aa5e-22420bf183c7/materials responded 204 in 0.0316 ms
2026-03-02 23:33:16.342 +06:00 [INF] HTTP GET /api/Materials/courses/ac80d30d-540f-4a38-aa5e-22420bf183c7/materials responded 200 in 5.5694 ms
2026-03-02 23:33:24.160 +06:00 [INF] HTTP OPTIONS /api/Materials/courses/ac80d30d-540f-4a38-aa5e-22420bf183c7/materials responded 204 in 0.0335 ms
2026-03-02 23:33:24.171 +06:00 [INF] HTTP GET /api/Materials/courses/ac80d30d-540f-4a38-aa5e-22420bf183c7/materials responded 200 in 5.2153 ms
2026-03-02 23:33:30.765 +06:00 [INF] HTTP OPTIONS /api/Materials/courses/ac80d30d-540f-4a38-aa5e-22420bf183c7/materials/fd150fb5-9e1b-47c0-8e05-fb43df688178 responded 204 in 0.0448 ms
2026-03-02 23:33:30.868 +06:00 [INF] HTTP DELETE /api/Materials/courses/ac80d30d-540f-4a38-aa5e-22420bf183c7/materials/fd150fb5-9e1b-47c0-8e05-fb43df688178 responded 200 in 97.2312 ms
2026-03-02 23:33:30.883 +06:00 [INF] HTTP OPTIONS /api/Materials/courses/ac80d30d-540f-4a38-aa5e-22420bf183c7/materials responded 204 in 0.0478 ms
2026-03-02 23:33:30.900 +06:00 [INF] HTTP GET /api/Materials/courses/ac80d30d-540f-4a38-aa5e-22420bf183c7/materials responded 200 in 12.0591 ms
2026-03-02 23:33:33.897 +06:00 [INF] HTTP OPTIONS /api/Materials/courses/ac80d30d-540f-4a38-aa5e-22420bf183c7/materials/af35c30e-c6bc-42de-8ffb-fae04703856a responded 204 in 0.0461 ms
2026-03-02 23:33:34.060 +06:00 [INF] HTTP DELETE /api/Materials/courses/ac80d30d-540f-4a38-aa5e-22420bf183c7/materials/af35c30e-c6bc-42de-8ffb-fae04703856a responded 200 in 157.3136 ms
2026-03-02 23:33:34.084 +06:00 [INF] HTTP GET /api/Materials/courses/ac80d30d-540f-4a38-aa5e-22420bf183c7/materials responded 200 in 5.8846 ms
2026-03-02 23:33:34.331 +06:00 [INF] HTTP OPTIONS /api/Notifications responded 204 in 0.0245 ms
2026-03-02 23:33:34.344 +06:00 [INF] HTTP GET /api/Notifications responded 200 in 8.9021 ms
2026-03-02 23:33:34.924 +06:00 [INF] HTTP OPTIONS /api/Materials/courses/ac80d30d-540f-4a38-aa5e-22420bf183c7/materials responded 204 in 0.0317 ms
2026-03-02 23:33:34.935 +06:00 [INF] HTTP GET /api/Materials/courses/ac80d30d-540f-4a38-aa5e-22420bf183c7/materials responded 200 in 4.6068 ms
2026-03-02 23:33:38.989 +06:00 [INF] HTTP OPTIONS /api/Courses/ac80d30d-540f-4a38-aa5e-22420bf183c7 responded 204 in 0.0745 ms
2026-03-02 23:33:38.995 +06:00 [INF] HTTP GET /api/Notifications responded 200 in 3.9643 ms
2026-03-02 23:33:39.057 +06:00 [INF] HTTP GET /api/Courses/ac80d30d-540f-4a38-aa5e-22420bf183c7 responded 200 in 60.3394 ms
2026-03-02 23:33:39.548 +06:00 [INF] HTTP GET /api/Materials/courses/ac80d30d-540f-4a38-aa5e-22420bf183c7/materials responded 200 in 6.5730 ms
2026-03-02 23:33:40.616 +06:00 [INF] HTTP OPTIONS /api/Materials/courses/ac80d30d-540f-4a38-aa5e-22420bf183c7/materials responded 204 in 0.0810 ms
2026-03-02 23:33:40.633 +06:00 [INF] HTTP GET /api/Materials/courses/ac80d30d-540f-4a38-aa5e-22420bf183c7/materials responded 200 in 10.9844 ms
2026-03-02 23:33:42.479 +06:00 [INF] HTTP OPTIONS /api/Announcements/courses/ac80d30d-540f-4a38-aa5e-22420bf183c7/announcements responded 204 in 0.1728 ms
2026-03-02 23:33:42.492 +06:00 [INF] HTTP GET /api/Announcements/courses/ac80d30d-540f-4a38-aa5e-22420bf183c7/announcements responded 200 in 6.4819 ms
2026-03-02 23:33:47.590 +06:00 [INF] HTTP OPTIONS /api/Materials/courses/ac80d30d-540f-4a38-aa5e-22420bf183c7/materials/e6a7343b-f837-49aa-b15d-d8073d43c3ec responded 204 in 0.0380 ms
2026-03-02 23:33:47.691 +06:00 [INF] HTTP DELETE /api/Materials/courses/ac80d30d-540f-4a38-aa5e-22420bf183c7/materials/e6a7343b-f837-49aa-b15d-d8073d43c3ec responded 200 in 93.9384 ms
2026-03-02 23:33:47.704 +06:00 [INF] HTTP OPTIONS /api/Materials/courses/ac80d30d-540f-4a38-aa5e-22420bf183c7/materials responded 204 in 0.0215 ms
2026-03-02 23:33:47.722 +06:00 [INF] HTTP GET /api/Materials/courses/ac80d30d-540f-4a38-aa5e-22420bf183c7/materials responded 200 in 8.2538 ms
2026-03-02 23:33:58.347 +06:00 [INF] HTTP OPTIONS /api/Assignments/courses/ac80d30d-540f-4a38-aa5e-22420bf183c7/assignments responded 204 in 0.0343 ms
2026-03-02 23:33:58.513 +06:00 [INF] HTTP GET /api/Assignments/courses/ac80d30d-540f-4a38-aa5e-22420bf183c7/assignments responded 200 in 146.2211 ms
2026-03-02 23:34:09.052 +06:00 [INF] HTTP OPTIONS /api/Notifications responded 204 in 0.0540 ms
2026-03-02 23:34:09.065 +06:00 [INF] HTTP GET /api/Notifications responded 200 in 5.9465 ms
2026-03-02 23:34:26.868 +06:00 [INF] HTTP OPTIONS /api/Assignments/courses/[object Object]/assignments responded 204 in 0.2587 ms
2026-03-02 23:34:26.888 +06:00 [INF] HTTP POST /api/Assignments/courses/[object Object]/assignments responded 404 in 0.5323 ms
2026-03-02 23:35:42.047 +06:00 [INF] HTTP OPTIONS /api/Notifications responded 204 in 0.1165 ms
2026-03-02 23:35:42.048 +06:00 [INF] HTTP OPTIONS /api/Courses/ac80d30d-540f-4a38-aa5e-22420bf183c7 responded 204 in 0.0481 ms
2026-03-02 23:35:42.180 +06:00 [INF] HTTP GET /api/Notifications responded 200 in 124.1127 ms
2026-03-02 23:35:42.222 +06:00 [INF] HTTP GET /api/Courses/ac80d30d-540f-4a38-aa5e-22420bf183c7 responded 200 in 162.7901 ms
2026-03-02 23:35:42.403 +06:00 [INF] HTTP OPTIONS /api/Assignments/courses/ac80d30d-540f-4a38-aa5e-22420bf183c7/assignments responded 204 in 0.0372 ms
2026-03-02 23:35:42.413 +06:00 [INF] HTTP GET /api/Assignments/courses/ac80d30d-540f-4a38-aa5e-22420bf183c7/assignments responded 200 in 4.4093 ms
2026-03-02 23:36:12.283 +06:00 [INF] HTTP OPTIONS /api/Notifications responded 204 in 0.0977 ms
2026-03-02 23:36:12.303 +06:00 [INF] HTTP GET /api/Notifications responded 200 in 12.6425 ms
